1 2023-07-11 201 user21 7178
2 2023-07-12 408 user9 4780
3 2023-07-10 200 user21 683
4 2023-07-07 408 user23 1651
5 2023-07-10 503 user39 273
6 2023-07-08 204 user64 767
7 2023-07-11 300 user88 8592
8 2023-07-06 302 user44 8013
9 2023-07-11 403 user85 1539
10 2023-07-10 200 user6 5363
11 2023-07-11 400 user19 7066
12 2023-07-12 201 user33 4326
13 2023-07-12 400 user33 5220
14 2023-07-12 502 user33 1197
15 2023-07-10 301 user33 4123
16 2023-07-07 500 user27 4378
17 2023-07-07 304 user82 7241
18 2023-07-08 500 user50 9693
19 2023-07-11 304 user90 9458
20 2023-07-07 404 user33 6748
21 2023-07-10 200 user76 5874
22 2023-07-12 201 user25 143
23 2023-07-11 201 user66 1384
24 2023-07-11 410 user75 3362
25 2023-07-09 400 user46 483
26 2023-07-07 204 user34 4925
27 2023-07-08 307 user69 1878
28 2023-07-07 300 user85 8565
29 2023-07-07 301 user74 9671
30 2023-07-10 410 user10 410
31 2023-07-11 408 user93 5157
32 2023-07-12 302 user52 278
33 2023-07-07 406 user35 5605
34 2023-07-11 301 user1 2832
35 2023-07-11 401 user75 2238
36 2023-07-06 201 user2 3775
37 2023-07-12 500 user57 9098
38 2023-07-06 202 user64 9378
39 2023-07-07 404 user74 3329
40 2023-07-10 406 user65 5100
41 2023-07-08 304 user81 5299
42 2023-07-10 502 user87 5420
43 2023-07-09 304 user30 3881
44 2023-07-10 206 user28 2555
45 2023-07-11 307 user68 5114
46 2023-07-11 200 user35 6142
47 2023-07-09 503 user30 2476
48 2023-07-10 502 user24 2761
49 2023-07-09 403 user67 3643
50 2023-07-08 201 user97 5583
51 2023-07-09 410 user90 9641
52 2023-07-12 300 user66 4092
53 2023-07-11 200 user11 4440
54 2023-07-07 500 user68 3061
55 2023-07-10 503 user7 3493
56 2023-07-09 206 user66 411
57 2023-07-06 504 user29 7228
58 2023-07-10 200 user82 1711
59 2023-07-10 503 user63 5103
60 2023-07-08 502 user31 237
61 2023-07-12 503 user41 2606
62 2023-07-11 307 user100 9470
63 2023-07-09 500 user11 1157
64 2023-07-08 406 user94 4799
65 2023-07-12 206 user10 826
66 2023-07-11 200 user59 5546
67 2023-07-06 503 user84 8413
68 2023-07-10 200 user71 9537
69 2023-07-08 410 user63 7329
70 2023-07-09 504 user17 5073
71 2023-07-06 502 user2 8628
72 2023-07-08 400 user86 4258
73 2023-07-06 504 user77 2280
74 2023-07-07 304 user49 1457
75 2023-07-07 408 user87 3743
76 2023-07-06 404 user15 5994
77 2023-07-09 404 user88 3148
78 2023-07-09 201 user53 6898
79 2023-07-09 201 user46 5550
80 2023-07-08 406 user59 4327
81 2023-07-12 410 user47 9875
82 2023-07-07 307 user81 2395
83 2023-07-12 403 user42 7078
84 2023-07-10 304 user60 5886
85 2023-07-07 202 user62 6985
86 2023-07-12 307 user14 3198
87 2023-07-07 202 user19 8544
88 2023-07-08 301 user84 5293
89 2023-07-09 300 user44 3477
90 2023-07-11 504 user37 9325
91 2023-07-08 403 user7 2227
92 2023-07-07 406 user8 798
93 2023-07-07 200 user98 3414
94 2023-07-11 307 user39 7244
95 2023-07-10 504 user33 5167
96 2023-07-07 504 user85 9836
97 2023-07-11 403 user12 8961
98 2023-07-06 403 user42 9849
99 2023-07-07 410 user26 1372
100 2023-07-07 403 user59 6924
101 2023-07-09 302 user47 4473
102 2023-07-10 408 user48 1362
103 2023-07-07 408 user91 1347
104 2023-07-12 307 user87 8560
105 2023-07-08 300 user60 7645
106 2023-07-12 410 user88 5523
107 2023-07-12 301 user25 7427
108 2023-07-07 410 user83 4221
109 2023-07-11 408 user29 6614
110 2023-07-10 300 user20 1631
111 2023-07-08 403 user47 6598
112 2023-07-10 206 user30 3743
113 2023-07-08 304 user94 1836
114 2023-07-10 503 user8 7265
115 2023-07-10 408 user42 6228
116 2023-07-09 500 user46 1642
117 2023-07-09 201 user97 8238
118 2023-07-08 206 user39 5832
119 2023-07-08 410 user87 1351
120 2023-07-11 408 user38 9659
121 2023-07-12 500 user22 920
122 2023-07-07 301 user3 9238
123 2023-07-09 301 user46 804
124 2023-07-09 304 user63 6718
125 2023-07-07 408 user1 1628
126 2023-07-06 204 user17 2345
127 2023-07-06 200 user67 3486
128 2023-07-11 406 user76 9334
129 2023-07-07 302 user40 4188
130 2023-07-12 200 user37 7879
131 2023-07-09 206 user100 5626
132 2023-07-12 304 user69 8420
133 2023-07-07 500 user46 7577
134 2023-07-06 406 user79 6905
135 2023-07-09 401 user94 422
136 2023-07-06 500 user82 9122
137 2023-07-11 404 user1 5229
138 2023-07-06 408 user24 9797
139 2023-07-07 301 user16 4049
140 2023-07-08 406 user27 3836
141 2023-07-08 408 user100 8215
142 2023-07-08 408 user27 3090
143 2023-07-06 410 user45 6091
144 2023-07-09 206 user68 3696
145 2023-07-07 300 user54 9675
146 2023-07-09 304 user19 2436
147 2023-07-11 504 user27 1260
148 2023-07-10 302 user21 2542
149 2023-07-07 304 user89 7425
150 2023-07-07 406 user26 7885
151 2023-07-07 400 user51 4744
152 2023-07-12 300 user17 8103
153 2023-07-12 301 user74 5310
154 2023-07-08 302 user12 8879
155 2023-07-08 403 user2 3307
156 2023-07-07 404 user97 917
157 2023-07-10 304 user70 5003
158 2023-07-11 204 user41 266
159 2023-07-07 204 user81 8589
160 2023-07-09 503 user38 2401
161 2023-07-08 404 user51 7983
162 2023-07-07 500 user33 2967
163 2023-07-10 410 user62 8657
164 2023-07-10 300 user59 6603
165 2023-07-09 307 user95 8762
166 2023-07-09 206 user19 8334
167 2023-07-07 204 user8 3064
168 2023-07-10 403 user94 7045
169 2023-07-11 404 user6 7167
170 2023-07-10 200 user73 580
171 2023-07-12 504 user98 1736
172 2023-07-09 500 user2 9695
173 2023-07-07 201 user5 5498
174 2023-07-09 302 user73 6742
175 2023-07-12 307 user73 4599
176 2023-07-10 503 user6 1627
177 2023-07-09 408 user59 1994
178 2023-07-07 204 user34 8181
179 2023-07-09 304 user44 9656
180 2023-07-09 204 user48 102
181 2023-07-12 200 user20 5383
182 2023-07-11 202 user96 1503
183 2023-07-08 408 user50 8854
184 2023-07-06 400 user97 7080
185 2023-07-07 202 user2 4473
186 2023-07-09 500 user5 4390
187 2023-07-08 301 user5 7786
188 2023-07-12 302 user56 9174
189 2023-07-06 401 user40 1551
190 2023-07-11 404 user24 3786
191 2023-07-06 202 user34 4712
192 2023-07-10 502 user100 6416
193 2023-07-10 406 user40 2007
194 2023-07-10 206 user71 8496
195 2023-07-06 403 user38 9423
196 2023-07-10 200 user28 848
197 2023-07-08 302 user93 1194
198 2023-07-06 206 user83 8717
199 2023-07-10 502 user73 9605
200 2023-07-12 504 user43 4635
201 2023-07-06 302 user54 5593
202 2023-07-06 202 user61 1742
203 2023-07-10 301 user47 7761
204 2023-07-10 400 user53 8081
205 2023-07-06 301 user83 6185
206 2023-07-09 500 user68 7304
207 2023-07-08 401 user8 8083
208 2023-07-09 200 user57 9695
209 2023-07-10 202 user84 6766
210 2023-07-10 403 user70 1639
211 2023-07-08 302 user65 3425
212 2023-07-11 410 user20 3655
213 2023-07-07 201 user82 2457
214 2023-07-07 410 user12 5340
215 2023-07-07 307 user61 9050
216 2023-07-12 406 user100 743
217 2023-07-10 404 user54 3075
218 2023-07-07 200 user26 5103
219 2023-07-11 201 user21 2540
220 2023-07-10 500 user36 4532
221 2023-07-06 403 user32 5610
222 2023-07-11 301 user66 7211
223 2023-07-11 307 user41 4749
224 2023-07-11 307 user10 7394
225 2023-07-12 410 user27 4308
226 2023-07-11 200 user19 1304
227 2023-07-10 206 user70 6732
228 2023-07-09 307 user30 662
229 2023-07-09 200 user11 7218
230 2023-07-07 302 user38 6953
231 2023-07-11 500 user94 6798
232 2023-07-08 500 user77 1069
233 2023-07-11 403 user80 7471
234 2023-07-09 202 user88 3605
235 2023-07-08 201 user42 9755
236 2023-07-11 401 user85 7671
237 2023-07-07 204 user29 8511
238 2023-07-07 503 user95 2557
239 2023-07-09 206 user28 3156
240 2023-07-12 202 user50 7730
241 2023-07-10 404 user56 3346
242 2023-07-08 201 user27 2637
243 2023-07-10 500 user78 876
244 2023-07-07 503 user48 5195
245 2023-07-06 202 user89 8157
246 2023-07-10 301 user19 8027
247 2023-07-09 504 user25 3878
248 2023-07-09 201 user8 7153
249 2023-07-07 302 user97 9848
250 2023-07-12 304 user19 3716
251 2023-07-08 408 user53 758
252 2023-07-11 500 user83 5499
253 2023-07-07 500 user19 6004
254 2023-07-10 500 user45 7404
255 2023-07-12 404 user97 1293
256 2023-07-07 204 user19 6378
257 2023-07-06 408 user36 458
258 2023-07-07 503 user48 8643
259 2023-07-12 503 user26 9577
260 2023-07-12 502 user40 4558
261 2023-07-08 500 user9 4775
262 2023-07-07 503 user49 590
263 2023-07-10 302 user14 3205
264 2023-07-10 302 user72 8276
265 2023-07-08 403 user87 3840
266 2023-07-12 307 user23 7355
267 2023-07-06 408 user53 8564
268 2023-07-09 500 user37 1498
269 2023-07-09 400 user60 1296
270 2023-07-11 300 user12 4355
271 2023-07-08 400 user58 7510
272 2023-07-08 204 user88 3514
273 2023-07-07 200 user25 8009
274 2023-07-11 410 user67 8712
275 2023-07-07 302 user8 8194
276 2023-07-11 502 user70 7731
277 2023-07-09 404 user64 9950
278 2023-07-10 304 user86 2321
279 2023-07-10 201 user95 340
280 2023-07-06 401 user86 4092
281 2023-07-08 300 user92 30
282 2023-07-10 300 user83 5254
283 2023-07-10 307 user6 8775
284 2023-07-08 404 user68 9888
285 2023-07-11 503 user62 8632
286 2023-07-11 204 user30 4459
287 2023-07-11 502 user78 2752
288 2023-07-08 403 user21 4478
289 2023-07-06 500 user42 6553
290 2023-07-12 200 user5 2005
291 2023-07-07 500 user3 5906
292 2023-07-06 307 user63 4791
293 2023-07-08 300 user38 7922
294 2023-07-12 410 user36 5141
295 2023-07-08 307 user28 8434
296 2023-07-12 400 user35 3557
297 2023-07-10 503 user71 6697
298 2023-07-08 502 user94 609
299 2023-07-11 500 user68 5936
300 2023-07-12 202 user17 6354
301 2023-07-10 200 user67 9605
302 2023-07-09 500 user21 6092
303 2023-07-10 204 user42 632
304 2023-07-10 500 user78 5766
305 2023-07-12 304 user68 1761
306 2023-07-12 300 user69 7327
307 2023-07-06 408 user58 6293
308 2023-07-08 400 user72 6442
309 2023-07-09 301 user6 9313
310 2023-07-12 204 user8 7892
311 2023-07-06 204 user73 3334
312 2023-07-12 404 user17 4221
313 2023-07-11 406 user13 5415
314 2023-07-12 406 user75 837
315 2023-07-06 406 user23 5856
316 2023-07-06 502 user28 9805
317 2023-07-09 404 user40 9445
318 2023-07-12 302 user75 8591
319 2023-07-09 202 user38 7340
320 2023-07-08 502 user5 8743
321 2023-07-11 502 user41 7167
322 2023-07-08 410 user85 6192
323 2023-07-09 300 user100 7761
324 2023-07-11 408 user16 8816
325 2023-07-09 410 user67 9538
326 2023-07-12 401 user41 9381
327 2023-07-07 400 user60 1875
328 2023-07-08 403 user23 6016
329 2023-07-09 500 user44 8190
330 2023-07-08 500 user83 3978
331 2023-07-10 400 user49 7123
332 2023-07-11 403 user27 6218
333 2023-07-09 201 user32 4772
334 2023-07-11 304 user39 1589
335 2023-07-09 202 user5 3570
336 2023-07-09 503 user31 6361
337 2023-07-11 202 user58 4069
338 2023-07-12 500 user50 2688
339 2023-07-06 204 user73 7213
340 2023-07-12 500 user72 4614
341 2023-07-10 201 user66 6613
342 2023-07-12 503 user49 1372
343 2023-07-06 408 user99 9583
344 2023-07-06 408 user31 8949
345 2023-07-12 301 user100 9084
346 2023-07-09 300 user39 4537
347 2023-07-08 201 user90 9636
348 2023-07-09 503 user46 4257
349 2023-07-11 406 user35 6635
350 2023-07-09 500 user22 5130
351 2023-07-06 300 user13 7567
352 2023-07-08 400 user75 5582
353 2023-07-09 302 user77 2801
354 2023-07-08 301 user60 1797
355 2023-07-06 302 user95 2864
356 2023-07-12 200 user2 6607
357 2023-07-07 300 user2 2096
358 2023-07-09 300 user80 9166
359 2023-07-11 404 user88 2013
360 2023-07-06 410 user91 5199
361 2023-07-07 302 user65 8409
362 2023-07-07 307 user80 9201
363 2023-07-08 410 user73 9697
364 2023-07-06 302 user93 6802
365 2023-07-11 504 user53 1844
366 2023-07-11 307 user58 5317
367 2023-07-12 201 user71 4789
368 2023-07-08 304 user15 2326
369 2023-07-10 201 user56 7074
370 2023-07-06 403 user78 5183
371 2023-07-07 500 user23 8007
372 2023-07-10 502 user84 3648
373 2023-07-08 401 user45 5609
374 2023-07-07 406 user52 3536
375 2023-07-11 400 user6 639
376 2023-07-06 500 user45 1070
377 2023-07-08 204 user75 7963
378 2023-07-06 307 user68 5581
379 2023-07-12 300 user6 5632
380 2023-07-09 301 user31 104
381 2023-07-06 503 user32 8299
382 2023-07-07 204 user56 3372
383 2023-07-09 206 user6 8251
384 2023-07-12 202 user48 7508
385 2023-07-11 301 user54 1354
386 2023-07-10 503 user49 1324
387 2023-07-09 200 user32 7940
388 2023-07-12 408 user4 2265
389 2023-07-10 201 user51 8064
390 2023-07-09 403 user48 7098
391 2023-07-09 400 user79 5082
392 2023-07-08 408 user37 9747
393 2023-07-12 300 user18 7930
394 2023-07-10 302 user24 2969
395 2023-07-06 504 user48 8822
396 2023-07-12 408 user25 6001
397 2023-07-08 206 user17 8448
398 2023-07-09 200 user80 1397
399 2023-07-07 401 user97 8843
400 2023-07-09 202 user63 9017
401 2023-07-12 202 user25 3419
402 2023-07-08 202 user6 9901
403 2023-07-08 504 user34 9734
404 2023-07-12 202 user66 2376
405 2023-07-06 404 user73 5728
406 2023-07-12 206 user95 6780
407 2023-07-08 504 user42 1612
408 2023-07-07 200 user76 3262
409 2023-07-06 410 user78 9599
410 2023-07-10 503 user56 9430
411 2023-07-12 201 user16 8356
412 2023-07-12 400 user92 3777
413 2023-07-10 304 user37 8512
414 2023-07-12 404 user100 1560
415 2023-07-10 200 user66 9861
416 2023-07-12 500 user2 7248
417 2023-07-07 300 user50 8775
418 2023-07-07 304 user32 3985
419 2023-07-10 302 user81 4099
420 2023-07-10 502 user54 6908
421 2023-07-10 200 user51 4352
422 2023-07-08 201 user91 9880
423 2023-07-08 300 user76 9686
424 2023-07-12 404 user91 2862
425 2023-07-09 500 user96 1021
426 2023-07-11 201 user53 7549
427 2023-07-06 301 user84 158
428 2023-07-10 503 user29 2792
429 2023-07-10 200 user21 3863
430 2023-07-10 206 user16 6282
431 2023-07-09 410 user100 790
432 2023-07-08 307 user40 6340
433 2023-07-08 503 user44 2352
434 2023-07-06 200 user54 2124
435 2023-07-08 307 user58 5034
436 2023-07-07 503 user40 5373
437 2023-07-11 206 user44 2250
438 2023-07-11 502 user42 7753
439 2023-07-12 206 user18 2309
440 2023-07-07 406 user6 2766
441 2023-07-07 400 user82 6331
442 2023-07-10 302 user28 9338
443 2023-07-07 503 user92 2435
444 2023-07-11 406 user24 3261
445 2023-07-12 304 user100 9529
446 2023-07-08 503 user18 5504
447 2023-07-11 300 user85 477
448 2023-07-10 307 user71 6201
449 2023-07-10 204 user9 7360
450 2023-07-07 401 user88 7892
451 2023-07-11 503 user51 1230
452 2023-07-12 302 user49 8131
453 2023-07-07 400 user94 3368
454 2023-07-12 503 user50 9326
455 2023-07-11 400 user32 3394
456 2023-07-09 300 user15 5745
457 2023-07-10 504 user86 4463
458 2023-07-08 408 user55 7581
459 2023-07-08 408 user46 5648
460 2023-07-08 400 user73 112
461 2023-07-06 301 user18 6903
462 2023-07-11 200 user37 1819
463 2023-07-09 503 user85 550
464 2023-07-11 300 user16 650
465 2023-07-11 404 user65 5306
466 2023-07-08 304 user52 9376
467 2023-07-08 502 user97 661
468 2023-07-09 301 user39 7961
469 2023-07-07 307 user17 4409
470 2023-07-06 204 user54 851
471 2023-07-07 300 user60 3792
472 2023-07-11 300 user2 7723
473 2023-07-07 503 user50 7379
474 2023-07-07 503 user100 8587
475 2023-07-08 301 user64 6592
476 2023-07-11 401 user45 4956
477 2023-07-11 300 user77 8953
478 2023-07-06 401 user86 300
479 2023-07-07 204 user25 2769
480 2023-07-08 410 user83 305
481 2023-07-08 404 user38 2008
482 2023-07-12 406 user12 3208
483 2023-07-10 408 user52 212
484 2023-07-12 500 user80 3517
485 2023-07-07 201 user20 3008
486 2023-07-12 302 user14 6419
487 2023-07-10 404 user69 2397
488 2023-07-10 204 user60 6540
489 2023-07-12 304 user55 7124
490 2023-07-12 304 user46 3395
491 2023-07-08 206 user69 4405
492 2023-07-12 406 user43 3388
493 2023-07-07 204 user52 2354
494 2023-07-09 502 user53 6918
495 2023-07-08 202 user77 369
496 2023-07-11 201 user96 829
497 2023-07-07 410 user36 918
498 2023-07-06 400 user92 4693
499 2023-07-06 500 user2 2568
500 2023-07-06 300 user44 1486
501 2023-07-06 200 user50 5825
502 2023-07-11 408 user70 3765
503 2023-07-08 500 user36 461
504 2023-07-07 503 user75 7086
505 2023-07-11 301 user54 8913
506 2023-07-08 202 user38 9836
507 2023-07-10 302 user43 4873
508 2023-07-11 300 user28 7368
509 2023-07-06 502 user46 2534
510 2023-07-06 500 user33 2246
511 2023-07-12 200 user75 9274
512 2023-07-11 201 user51 8694
513 2023-07-11 408 user6 8299
514 2023-07-12 204 user71 8408
515 2023-07-08 301 user72 7027
516 2023-07-08 300 user52 6099
517 2023-07-11 502 user100 6411
518 2023-07-11 503 user4 6326
519 2023-07-09 201 user87 2046
520 2023-07-06 206 user41 8711
521 2023-07-09 302 user60 3382
522 2023-07-06 504 user81 2111
523 2023-07-12 504 user82 5643
524 2023-07-11 401 user25 8291
525 2023-07-07 502 user4 8540
526 2023-07-11 404 user28 180
527 2023-07-06 201 user37 8441
528 2023-07-09 406 user49 1983
529 2023-07-09 200 user90 1903
530 2023-07-08 200 user78 938
531 2023-07-08 410 user88 3902
532 2023-07-08 504 user61 1689
533 2023-07-11 200 user85 3989
534 2023-07-12 307 user44 6622
535 2023-07-10 404 user60 4407
536 2023-07-07 504 user5 1956
537 2023-07-09 301 user31 6316
538 2023-07-10 206 user2 4968
539 2023-07-12 406 user78 5870
540 2023-07-08 206 user87 5373
541 2023-07-12 300 user55 2459
542 2023-07-10 404 user17 3316
543 2023-07-08 300 user74 5233
544 2023-07-08 403 user5 5935
545 2023-07-07 410 user20 3638
546 2023-07-06 200 user98 1239
547 2023-07-07 202 user15 6917
548 2023-07-12 302 user37 5180
549 2023-07-09 404 user59 3630
550 2023-07-09 304 user49 3665
551 2023-07-12 204 user69 3130
552 2023-07-07 502 user74 1217
553 2023-07-06 206 user51 4391
554 2023-07-10 206 user50 8537
555 2023-07-11 206 user59 9713
556 2023-07-11 401 user88 9521
557 2023-07-11 200 user27 4880
558 2023-07-09 202 user69 4174
559 2023-07-09 200 user19 5705
560 2023-07-10 406 user51 4593
561 2023-07-07 503 user13 8387
562 2023-07-09 204 user53 6002
563 2023-07-08 302 user54 9884
564 2023-07-06 201 user20 6734
565 2023-07-06 500 user41 7323
566 2023-07-09 400 user66 6540
567 2023-07-08 204 user49 6898
568 2023-07-12 301 user11 6546
569 2023-07-09 206 user2 2844
570 2023-07-10 304 user53 8558
571 2023-07-10 404 user7 3192
572 2023-07-08 300 user48 6248
573 2023-07-09 204 user37 8998
574 2023-07-09 503 user26 8062
575 2023-07-06 401 user76 7332
576 2023-07-07 406 user64 9141
577 2023-07-07 410 user16 1915
578 2023-07-06 410 user31 1047
579 2023-07-12 301 user61 5239
580 2023-07-07 406 user58 2568
581 2023-07-07 301 user26 7193
582 2023-07-12 503 user100 2345
583 2023-07-11 300 user20 7975
584 2023-07-07 410 user85 7146
585 2023-07-11 408 user58 4102
586 2023-07-11 302 user46 9692
587 2023-07-11 206 user94 9468
588 2023-07-09 500 user31 3989
589 2023-07-06 200 user83 3441
590 2023-07-12 503 user39 2302
591 2023-07-10 200 user100 7771
592 2023-07-08 408 user89 3000
593 2023-07-09 404 user69 7255
594 2023-07-08 401 user68 2818
595 2023-07-07 401 user42 6388
596 2023-07-08 502 user1 5912
597 2023-07-06 503 user68 117
598 2023-07-08 300 user61 3986
599 2023-07-12 406 user69 5247
600 2023-07-12 301 user2 9449
601 2023-07-07 202 user11 2287
602 2023-07-07 504 user41 1017
603 2023-07-09 504 user5 9086
604 2023-07-06 304 user95 5279
605 2023-07-10 204 user67 1366
606 2023-07-12 502 user10 687
607 2023-07-08 307 user52 2035
608 2023-07-06 401 user88 7456
609 2023-07-11 503 user48 6144
610 2023-07-06 500 user70 2483
611 2023-07-10 202 user84 6808
612 2023-07-07 304 user48 862
613 2023-07-06 503 user58 5373
614 2023-07-06 206 user95 8049
615 2023-07-11 410 user35 1775
616 2023-07-10 201 user52 6811
617 2023-07-07 401 user100 1743
618 2023-07-12 408 user67 7581
619 2023-07-11 307 user33 7485
620 2023-07-11 401 user85 9247
621 2023-07-09 206 user3 8784
622 2023-07-12 206 user69 2993
623 2023-07-12 400 user9 3343
624 2023-07-07 503 user71 3560
625 2023-07-10 201 user80 2941
626 2023-07-07 404 user48 8243
627 2023-07-07 410 user82 3305
628 2023-07-10 410 user67 8850
629 2023-07-06 304 user34 4410
630 2023-07-08 307 user30 1394
631 2023-07-09 304 user17 8476
632 2023-07-06 304 user54 5200
633 2023-07-11 502 user52 9632
634 2023-07-10 302 user65 8547
635 2023-07-12 300 user83 6608
636 2023-07-09 201 user49 8464
637 2023-07-11 502 user53 2778
638 2023-07-07 410 user88 3764
639 2023-07-07 307 user38 6883
640 2023-07-07 410 user45 9086
641 2023-07-11 403 user55 8570
642 2023-07-09 500 user87 9654
643 2023-07-07 304 user41 7242
644 2023-07-06 410 user42 9952
645 2023-07-12 202 user24 5809
646 2023-07-08 204 user30 6348
647 2023-07-09 503 user85 8717
648 2023-07-07 300 user9 7839
649 2023-07-12 502 user87 7786
650 2023-07-11 204 user39 8211
651 2023-07-10 502 user49 446
652 2023-07-09 302 user80 2309
653 2023-07-06 301 user44 5931
654 2023-07-07 201 user9 4899
655 2023-07-10 304 user10 3138
656 2023-07-10 403 user99 8099
657 2023-07-09 500 user38 5796
658 2023-07-12 504 user71 4534
659 2023-07-12 401 user46 5128
660 2023-07-09 504 user20 2184
661 2023-07-07 307 user62 9852
662 2023-07-07 504 user53 9980
663 2023-07-06 502 user88 2478
664 2023-07-09 401 user35 4143
665 2023-07-08 202 user62 9846
666 2023-07-07 403 user16 9915
667 2023-07-08 204 user29 9425
668 2023-07-10 503 user81 850
669 2023-07-10 300 user92 3526
670 2023-07-10 201 user8 9841
671 2023-07-10 302 user66 8611
672 2023-07-06 502 user32 1427
673 2023-07-07 408 user65 6171
674 2023-07-09 503 user29 2817
675 2023-07-10 304 user16 7306
676 2023-07-09 202 user51 4850
677 2023-07-12 307 user100 586
678 2023-07-09 302 user79 738
679 2023-07-08 302 user46 2886
680 2023-07-08 204 user18 4682
681 2023-07-11 301 user84 9861
682 2023-07-11 200 user31 583
683 2023-07-10 307 user99 5939
684 2023-07-09 201 user9 4334
685 2023-07-10 400 user72 2356
686 2023-07-08 404 user4 5327
687 2023-07-07 400 user73 5814
688 2023-07-08 404 user68 9159
689 2023-07-11 404 user40 6615
690 2023-07-10 304 user18 6053
691 2023-07-12 200 user87 6186
692 2023-07-07 408 user83 7796
693 2023-07-11 410 user100 3110
694 2023-07-12 504 user8 1359
695 2023-07-09 502 user48 5917
696 2023-07-08 307 user22 7062
697 2023-07-06 410 user29 8950
698 2023-07-12 408 user78 9894
699 2023-07-09 302 user20 5125
700 2023-07-11 401 user8 9279
701 2023-07-06 502 user63 8496
702 2023-07-08 307 user56 3381
703 2023-07-12 401 user80 4589
704 2023-07-12 202 user90 2884
705 2023-07-06 502 user13 1903
706 2023-07-08 502 user8 4427
707 2023-07-06 204 user8 4325
708 2023-07-09 406 user83 7860
709 2023-07-08 401 user65 4662
710 2023-07-08 410 user40 7262
711 2023-07-11 500 user70 2278
712 2023-07-09 204 user69 7119
713 2023-07-12 206 user100 5924
714 2023-07-11 304 user51 6329
715 2023-07-07 300 user90 1062
716 2023-07-06 404 user44 8889
717 2023-07-11 204 user70 5293
718 2023-07-06 500 user86 1107
719 2023-07-07 502 user22 6086
720 2023-07-08 206 user73 6840
721 2023-07-10 502 user33 5793
722 2023-07-08 410 user5 8229
723 2023-07-12 502 user15 9854
724 2023-07-12 400 user19 4075
725 2023-07-12 201 user81 4330
726 2023-07-12 304 user18 3348
727 2023-07-06 200 user47 2804
728 2023-07-09 204 user18 2440
729 2023-07-09 304 user83 5244
730 2023-07-06 201 user97 6630
731 2023-07-08 503 user94 5386
732 2023-07-06 301 user32 2011
733 2023-07-10 403 user25 8686
734 2023-07-09 410 user12 8165
735 2023-07-07 502 user3 712
736 2023-07-12 403 user90 9900
737 2023-07-08 301 user45 3309
738 2023-07-09 400 user22 3835
739 2023-07-09 401 user93 4309
740 2023-07-11 502 user44 2221
741 2023-07-12 200 user82 4617
742 2023-07-08 201 user82 4884
743 2023-07-10 503 user25 7728
744 2023-07-11 404 user37 4854
745 2023-07-09 502 user84 9
746 2023-07-11 206 user30 4324
747 2023-07-11 408 user16 925
748 2023-07-12 302 user72 5132
749 2023-07-06 406 user21 6286
750 2023-07-12 406 user63 8544
751 2023-07-07 408 user69 4372
752 2023-07-07 400 user42 7183
753 2023-07-09 206 user69 7549
754 2023-07-08 500 user65 6639
755 2023-07-12 202 user24 8127
756 2023-07-07 404 user62 1622
757 2023-07-11 206 user98 4475
758 2023-07-10 406 user48 8249
759 2023-07-09 204 user13 5394
760 2023-07-09 302 user99 8557
761 2023-07-07 206 user31 6897
762 2023-07-09 504 user26 4119
763 2023-07-07 403 user99 9611
764 2023-07-11 300 user83 1707
765 2023-07-07 300 user17 3779
766 2023-07-06 200 user30 5460
767 2023-07-06 403 user16 1171
768 2023-07-10 403 user78 5599
769 2023-07-10 410 user45 1999
770 2023-07-10 503 user14 8664
771 2023-07-06 401 user12 3734
772 2023-07-11 408 user34 8966
773 2023-07-08 201 user65 8726
774 2023-07-07 400 user63 917
775 2023-07-07 504 user37 9357
776 2023-07-08 408 user32 102
777 2023-07-09 502 user23 5350
778 2023-07-12 300 user2 6447
779 2023-07-10 401 user95 9092
780 2023-07-12 301 user59 8976
781 2023-07-10 408 user31 1989
782 2023-07-06 304 user21 415
783 2023-07-08 504 user82 9688
784 2023-07-07 401 user25 1782
785 2023-07-06 408 user89 7864
786 2023-07-10 206 user18 5429
787 2023-07-07 504 user21 5279
788 2023-07-10 202 user64 3690
789 2023-07-09 302 user75 1792
790 2023-07-06 406 user1 4356
791 2023-07-09 301 user31 8081
792 2023-07-10 504 user2 2679
793 2023-07-12 504 user80 4394
794 2023-07-08 200 user43 7229
795 2023-07-12 403 user32 2416
796 2023-07-06 201 user3 4524
797 2023-07-08 408 user76 4728
798 2023-07-07 200 user36 4500
799 2023-07-08 201 user54 7740
800 2023-07-07 504 user67 853
801 2023-07-12 202 user3 2450
802 2023-07-06 201 user3 1355
803 2023-07-09 202 user89 2025
804 2023-07-11 502 user2 8755
805 2023-07-11 404 user37 7092
806 2023-07-07 404 user55 301
807 2023-07-09 410 user91 1453
808 2023-07-12 204 user88 7589
809 2023-07-09 502 user6 2357
810 2023-07-10 307 user99 5475
811 2023-07-10 404 user71 4088
812 2023-07-10 502 user1 2811
813 2023-07-08 401 user63 5447
814 2023-07-10 300 user86 6816
815 2023-07-09 404 user41 6331
816 2023-07-10 302 user54 7529
817 2023-07-11 206 user43 2286
818 2023-07-11 406 user65 3578
819 2023-07-07 503 user48 8419
820 2023-07-09 300 user27 1440
821 2023-07-06 500 user47 6868
822 2023-07-06 401 user44 8640
823 2023-07-08 403 user54 1717
824 2023-07-10 404 user20 3336
825 2023-07-07 300 user33 5361
826 2023-07-07 403 user92 4883
827 2023-07-10 202 user41 6502
828 2023-07-12 202 user60 9931
829 2023-07-12 200 user9 3454
830 2023-07-10 406 user96 613
831 2023-07-08 504 user47 1482
832 2023-07-06 504 user61 196
833 2023-07-12 200 user32 2222
834 2023-07-12 201 user23 3977
835 2023-07-11 410 user79 1777
836 2023-07-11 304 user16 2216
837 2023-07-11 302 user24 9904
838 2023-07-06 502 user89 4725
839 2023-07-12 410 user12 8235
840 2023-07-09 206 user92 3442
841 2023-07-09 504 user1 4973
842 2023-07-12 200 user15 8654
843 2023-07-12 404 user25 6425
844 2023-07-06 301 user48 6423
845 2023-07-09 206 user82 8015
846 2023-07-06 504 user24 4565
847 2023-07-06 302 user31 156
848 2023-07-07 404 user53 6612
849 2023-07-06 206 user88 7838
850 2023-07-07 307 user97 3545
851 2023-07-11 404 user26 8145
852 2023-07-10 406 user19 1000
853 2023-07-12 504 user5 6961
854 2023-07-12 401 user73 2542
855 2023-07-10 401 user50 1827
856 2023-07-12 401 user26 8348
857 2023-07-10 301 user48 5631
858 2023-07-07 206 user35 6533
859 2023-07-07 307 user43 4205
860 2023-07-06 307 user12 3336
861 2023-07-10 401 user8 5203
862 2023-07-09 206 user96 7423
863 2023-07-08 204 user74 5889
864 2023-07-08 200 user90 3634
865 2023-07-09 202 user16 1937
866 2023-07-09 504 user63 2161
867 2023-07-07 202 user65 1740
868 2023-07-07 400 user62 4544
869 2023-07-06 408 user100 8516
870 2023-07-09 304 user72 5280
871 2023-07-07 403 user16 3414
872 2023-07-11 403 user32 6864
873 2023-07-09 504 user51 1924
874 2023-07-06 410 user31 2155
875 2023-07-08 302 user42 7313
876 2023-07-10 408 user24 1035
877 2023-07-08 201 user2 2537
878 2023-07-07 300 user36 881
879 2023-07-10 304 user17 1141
880 2023-07-07 408 user57 1101
881 2023-07-08 502 user11 2415
882 2023-07-11 304 user16 6241
883 2023-07-08 503 user60 7148
884 2023-07-06 408 user77 5552
885 2023-07-12 502 user83 4957
886 2023-07-10 302 user82 826
887 2023-07-12 502 user93 556
888 2023-07-08 307 user74 4809
889 2023-07-12 304 user96 9605
890 2023-07-07 206 user66 1696
891 2023-07-11 410 user36 5343
892 2023-07-08 202 user20 268
893 2023-07-11 301 user46 8709
894 2023-07-10 502 user97 6626
895 2023-07-07 504 user15 8936
896 2023-07-11 200 user42 9119
897 2023-07-09 206 user92 3540
898 2023-07-11 503 user32 84
899 2023-07-10 404 user86 2398
900 2023-07-09 302 user84 9574
901 2023-07-08 201 user40 3915
902 2023-07-07 401 user11 2325
903 2023-07-07 404 user40 1448
904 2023-07-10 401 user21 3192
905 2023-07-11 406 user45 2540
906 2023-07-08 502 user51 4070
907 2023-07-08 202 user62 4480
908 2023-07-06 502 user88 6609
909 2023-07-07 404 user90 8644
910 2023-07-06 406 user89 7913
911 2023-07-09 304 user72 7614
912 2023-07-07 400 user90 6887
913 2023-07-07 502 user45 8214
914 2023-07-11 206 user37 4848
915 2023-07-08 200 user52 4171
916 2023-07-07 202 user6 8216
917 2023-07-06 301 user39 9117
918 2023-07-08 502 user74 88
919 2023-07-06 403 user37 7705
920 2023-07-07 500 user86 7966
921 2023-07-08 300 user9 3490
922 2023-07-11 201 user59 4854
923 2023-07-12 204 user64 7095
924 2023-07-06 404 user71 7733
925 2023-07-06 410 user63 7658
926 2023-07-12 410 user95 4036
927 2023-07-09 302 user43 9406
928 2023-07-06 201 user9 9696
929 2023-07-08 201 user9 4524
930 2023-07-06 304 user7 4007
931 2023-07-09 200 user94 600
932 2023-07-07 504 user94 2124
933 2023-07-10 304 user65 2864
934 2023-07-07 400 user94 6615
935 2023-07-08 200 user74 5325
936 2023-07-10 503 user100 9828
937 2023-07-08 503 user47 4518
938 2023-07-07 500 user1 9338
939 2023-07-07 200 user85 4933
940 2023-07-08 307 user79 960
941 2023-07-07 404 user83 8924
942 2023-07-12 406 user59 7601
943 2023-07-09 400 user89 887
944 2023-07-06 304 user89 9842
945 2023-07-08 301 user42 9374
946 2023-07-12 403 user90 7328
947 2023-07-11 300 user24 8154
948 2023-07-10 503 user10 9117
949 2023-07-11 410 user17 6989
950 2023-07-09 404 user50 9381
951 2023-07-11 202 user46 9579
952 2023-07-12 202 user2 3110
953 2023-07-07 206 user7 2711
954 2023-07-09 410 user21 2749
955 2023-07-09 204 user48 4042
956 2023-07-06 302 user66 7310
957 2023-07-08 204 user98 9576
958 2023-07-10 206 user93 3018
959 2023-07-09 301 user34 6861
960 2023-07-07 408 user82 4378
961 2023-07-09 206 user74 1260
962 2023-07-10 400 user6 3292
963 2023-07-11 502 user6 7876
964 2023-07-07 302 user66 6488
965 2023-07-12 502 user5 4755
966 2023-07-07 300 user59 5789
967 2023-07-06 200 user71 8385
968 2023-07-08 307 user43 908
969 2023-07-11 204 user52 4753
970 2023-07-11 502 user20 9236
971 2023-07-10 408 user79 5317
972 2023-07-07 502 user11 8524
973 2023-07-10 301 user58 3847
974 2023-07-11 201 user83 9221
975 2023-07-12 307 user46 887
976 2023-07-11 301 user76 9691
977 2023-07-10 403 user89 6892
978 2023-07-11 502 user70 9428
979 2023-07-06 206 user63 9358
980 2023-07-06 404 user55 5193
981 2023-07-11 307 user49 9163
982 2023-07-11 410 user76 2403
983 2023-07-06 304 user41 3328
984 2023-07-12 302 user86 1074
985 2023-07-06 406 user11 2799
986 2023-07-08 302 user7 1069
987 2023-07-10 502 user62 3107
988 2023-07-08 401 user31 5976
989 2023-07-12 503 user16 3036
990 2023-07-10 300 user40 885
991 2023-07-06 202 user41 4388
992 2023-07-12 401 user14 1635
993 2023-07-08 403 user64 8997
994 2023-07-11 504 user80 5852
995 2023-07-12 503 user90 2580
996 2023-07-11 504 user22 9516
997 2023-07-07 201 user23 1646
998 2023-07-11 304 user60 7162
999 2023-07-09 307 user54 8882
1000 2023-07-07 403 user3 9051
