1 2023-07-10 301 user34 3126
2 2023-07-11 206 user84 1393
3 2023-07-07 410 user24 8967
4 2023-07-07 502 user50 3974
5 2023-07-09 201 user67 6428
6 2023-07-08 400 user23 2633
7 2023-07-11 410 user10 3452
8 2023-07-09 202 user46 5508
9 2023-07-08 401 user34 2030
10 2023-07-08 504 user33 3591
11 2023-07-09 304 user71 9175
12 2023-07-12 204 user3 1950
13 2023-07-10 301 user20 8997
14 2023-07-10 403 user82 9916
15 2023-07-08 204 user54 2857
16 2023-07-06 403 user98 9343
17 2023-07-08 504 user70 1073
18 2023-07-08 204 user55 6032
19 2023-07-07 200 user47 3153
20 2023-07-11 204 user44 6567
21 2023-07-10 401 user72 4096
22 2023-07-10 300 user2 680
23 2023-07-07 503 user30 4374
24 2023-07-08 403 user4 5271
25 2023-07-06 502 user27 1261
26 2023-07-08 406 user23 4034
27 2023-07-08 502 user12 820
28 2023-07-08 201 user90 9535
29 2023-07-06 410 user15 5378
30 2023-07-11 307 user97 3778
31 2023-07-07 406 user73 5935
32 2023-07-11 201 user56 259
33 2023-07-11 500 user6 2249
34 2023-07-07 400 user26 3620
35 2023-07-08 403 user27 7358
36 2023-07-10 503 user46 7704
37 2023-07-07 502 user12 9844
38 2023-07-09 504 user77 9459
39 2023-07-09 301 user94 8967
40 2023-07-09 206 user15 5463
41 2023-07-10 304 user23 1425
42 2023-07-10 408 user87 6987
43 2023-07-06 307 user20 3912
44 2023-07-11 204 user97 3313
45 2023-07-06 502 user61 1532
46 2023-07-10 307 user89 3872
47 2023-07-08 504 user25 1215
48 2023-07-06 503 user7 7653
49 2023-07-08 201 user57 5869
50 2023-07-08 302 user22 3729
51 2023-07-10 201 user95 1252
52 2023-07-07 504 user66 2052
53 2023-07-11 404 user63 9335
54 2023-07-10 206 user84 4847
55 2023-07-11 504 user16 4683
56 2023-07-06 204 user99 8385
57 2023-07-11 304 user61 2090
58 2023-07-07 201 user61 5788
59 2023-07-09 201 user47 4423
60 2023-07-12 504 user41 8781
61 2023-07-10 301 user35 7727
62 2023-07-07 301 user88 9263
63 2023-07-12 504 user69 2959
64 2023-07-06 410 user73 551
65 2023-07-09 300 user4 8080
66 2023-07-07 410 user50 9
67 2023-07-12 302 user1 751
68 2023-07-10 206 user47 9046
69 2023-07-12 403 user53 390
70 2023-07-09 204 user1 2940
71 2023-07-07 503 user93 805
72 2023-07-08 406 user86 5907
73 2023-07-09 403 user63 1415
74 2023-07-06 300 user74 209
75 2023-07-09 504 user74 899
76 2023-07-07 300 user79 6253
77 2023-07-12 200 user24 3025
78 2023-07-12 307 user99 257
79 2023-07-09 400 user33 7417
80 2023-07-08 302 user32 6729
81 2023-07-12 302 user14 2189
82 2023-07-11 302 user61 6351
83 2023-07-11 410 user25 2404
84 2023-07-07 302 user78 749
85 2023-07-11 503 user15 3212
86 2023-07-11 404 user13 9259
87 2023-07-11 410 user30 4701
88 2023-07-07 400 user97 7595
89 2023-07-12 410 user9 2728
90 2023-07-09 200 user26 9184
91 2023-07-07 408 user41 2242
92 2023-07-06 200 user13 2259
93 2023-07-08 401 user10 7601
94 2023-07-11 502 user31 536
95 2023-07-07 304 user77 5958
96 2023-07-08 408 user43 9543
97 2023-07-12 504 user15 1070
98 2023-07-08 503 user56 618
99 2023-07-06 202 user60 6768
100 2023-07-10 202 user76 3430
101 2023-07-07 300 user8 6186
102 2023-07-09 202 user76 3330
103 2023-07-06 406 user50 351
104 2023-07-11 301 user59 387
105 2023-07-10 202 user43 1222
106 2023-07-08 200 user24 4816
107 2023-07-11 307 user77 8862
108 2023-07-09 401 user86 4440
109 2023-07-11 502 user12 9447
110 2023-07-10 401 user94 4076
111 2023-07-10 200 user4 3676
112 2023-07-11 401 user91 3581
113 2023-07-08 401 user80 5542
114 2023-07-09 408 user33 594
115 2023-07-06 201 user33 313
116 2023-07-09 206 user90 4028
117 2023-07-07 304 user81 4247
118 2023-07-12 301 user96 3119
119 2023-07-11 204 user10 9025
120 2023-07-10 204 user81 867
121 2023-07-07 408 user24 9544
122 2023-07-10 204 user44 1758
123 2023-07-06 403 user5 6952
124 2023-07-11 502 user79 4825
125 2023-07-12 500 user87 9618
126 2023-07-10 406 user9 3222
127 2023-07-06 502 user87 4732
128 2023-07-10 503 user27 1077
129 2023-07-12 504 user35 9759
130 2023-07-07 302 user98 8985
131 2023-07-09 502 user72 2006
132 2023-07-07 504 user15 3188
133 2023-07-08 202 user20 4066
134 2023-07-06 400 user11 2716
135 2023-07-07 410 user61 1644
136 2023-07-12 406 user76 596
137 2023-07-11 502 user10 4143
138 2023-07-07 307 user87 6608
139 2023-07-07 301 user56 2137
140 2023-07-11 404 user68 7327
141 2023-07-12 500 user86 9540
142 2023-07-09 502 user25 6043
143 2023-07-12 403 user86 2821
144 2023-07-09 307 user89 3468
145 2023-07-06 401 user28 513
146 2023-07-10 201 user6 4931
147 2023-07-06 400 user23 5289
148 2023-07-08 401 user88 3901
149 2023-07-11 408 user71 7625
150 2023-07-10 307 user64 3327
151 2023-07-08 401 user51 4587
152 2023-07-06 304 user26 3860
153 2023-07-12 408 user25 3267
154 2023-07-10 404 user14 929
155 2023-07-09 204 user69 7954
156 2023-07-08 206 user81 9741
157 2023-07-08 301 user17 1885
158 2023-07-10 410 user38 2046
159 2023-07-07 200 user30 3572
160 2023-07-12 503 user74 9081
161 2023-07-12 202 user13 3741
162 2023-07-08 403 user12 9103
163 2023-07-11 200 user71 5550
164 2023-07-07 301 user41 1527
165 2023-07-10 202 user41 7827
166 2023-07-12 408 user95 5290
167 2023-07-07 202 user90 9960
168 2023-07-10 302 user91 7213
169 2023-07-08 400 user29 5336
170 2023-07-08 300 user36 5919
171 2023-07-12 307 user15 6351
172 2023-07-12 300 user54 5717
173 2023-07-12 403 user41 6756
174 2023-07-12 406 user100 8406
175 2023-07-08 307 user14 5202
176 2023-07-07 403 user93 9961
177 2023-07-07 304 user31 2219
178 2023-07-06 502 user73 6052
179 2023-07-11 300 user38 1599
180 2023-07-06 408 user76 3861
181 2023-07-06 307 user3 8894
182 2023-07-11 408 user52 970
183 2023-07-11 307 user35 7851
184 2023-07-10 300 user35 973
185 2023-07-09 300 user40 276
186 2023-07-12 502 user25 9475
187 2023-07-10 406 user56 4251
188 2023-07-09 302 user72 3809
189 2023-07-08 503 user100 6432
190 2023-07-10 500 user36 2296
191 2023-07-10 503 user37 9141
192 2023-07-10 404 user26 2897
193 2023-07-07 202 user30 6555
194 2023-07-09 300 user99 2523
195 2023-07-11 502 user23 4090
196 2023-07-11 307 user34 2765
197 2023-07-12 301 user90 9268
198 2023-07-10 406 user83 7302
199 2023-07-10 504 user58 7531
200 2023-07-09 400 user24 4667
201 2023-07-09 200 user100 9929
202 2023-07-10 406 user33 2825
203 2023-07-11 202 user26 470
204 2023-07-11 504 user58 6609
205 2023-07-09 408 user49 6702
206 2023-07-11 502 user95 7960
207 2023-07-07 406 user79 4553
208 2023-07-12 301 user62 2387
209 2023-07-12 408 user41 9908
210 2023-07-10 202 user5 112
211 2023-07-11 410 user32 1608
212 2023-07-06 302 user27 6688
213 2023-07-10 307 user70 1689
214 2023-07-10 403 user46 9646
215 2023-07-10 410 user51 928
216 2023-07-09 408 user70 290
217 2023-07-11 301 user55 7768
218 2023-07-06 403 user95 888
219 2023-07-09 500 user93 1487
220 2023-07-10 401 user87 390
221 2023-07-10 300 user45 652
222 2023-07-09 503 user6 498
223 2023-07-08 200 user3 7718
224 2023-07-10 300 user76 1351
225 2023-07-10 202 user15 3091
226 2023-07-08 301 user95 8160
227 2023-07-08 202 user13 7999
228 2023-07-06 503 user80 2175
229 2023-07-07 204 user63 7076
230 2023-07-07 301 user61 8510
231 2023-07-09 502 user54 9368
232 2023-07-12 503 user10 9803
233 2023-07-09 206 user71 1285
234 2023-07-07 301 user14 9060
235 2023-07-06 504 user63 3916
236 2023-07-11 504 user95 754
237 2023-07-11 307 user25 3850
238 2023-07-09 504 user73 262
239 2023-07-06 304 user18 9106
240 2023-07-11 401 user31 7425
241 2023-07-11 202 user67 3276
242 2023-07-09 202 user40 7375
243 2023-07-09 201 user80 4810
244 2023-07-11 408 user69 5807
245 2023-07-11 304 user26 768
246 2023-07-11 202 user75 2467
247 2023-07-09 406 user59 8815
248 2023-07-09 404 user78 9236
249 2023-07-08 408 user29 5135
250 2023-07-07 504 user8 4827
251 2023-07-08 404 user23 9889
252 2023-07-10 304 user16 5643
253 2023-07-08 302 user75 2411
254 2023-07-07 410 user14 9710
255 2023-07-09 300 user70 2099
256 2023-07-10 204 user72 9363
257 2023-07-10 201 user47 5892
258 2023-07-11 500 user28 7098
259 2023-07-12 401 user9 9391
260 2023-07-09 410 user30 7673
261 2023-07-06 503 user7 6209
262 2023-07-09 202 user14 1614
263 2023-07-06 400 user46 780
264 2023-07-09 410 user99 6877
265 2023-07-10 404 user29 3791
266 2023-07-06 204 user58 4167
267 2023-07-06 406 user31 1645
268 2023-07-11 406 user30 5778
269 2023-07-07 500 user15 1841
270 2023-07-12 300 user6 2888
271 2023-07-08 302 user33 6854
272 2023-07-06 304 user90 8217
273 2023-07-11 406 user1 2072
274 2023-07-11 201 user100 2028
275 2023-07-07 408 user12 9429
276 2023-07-08 408 user6 5479
277 2023-07-10 502 user56 6788
278 2023-07-06 302 user35 1599
279 2023-07-06 504 user71 885
280 2023-07-10 504 user14 3582
281 2023-07-10 503 user97 7649
282 2023-07-09 301 user97 494
283 2023-07-07 301 user53 2930
284 2023-07-10 300 user84 6963
285 2023-07-10 300 user71 684
286 2023-07-12 410 user97 2461
287 2023-07-11 401 user20 9
288 2023-07-10 504 user27 659
289 2023-07-06 200 user87 1686
290 2023-07-08 503 user93 3736
291 2023-07-10 201 user75 4202
292 2023-07-06 504 user69 4813
293 2023-07-10 300 user74 5544
294 2023-07-09 504 user11 2853
295 2023-07-11 302 user64 6949
296 2023-07-11 201 user70 9782
297 2023-07-06 400 user7 3289
298 2023-07-07 406 user44 6933
299 2023-07-12 300 user65 3485
300 2023-07-12 504 user61 3654
301 2023-07-09 401 user91 2846
302 2023-07-08 204 user36 1160
303 2023-07-11 304 user60 8752
304 2023-07-06 400 user78 341
305 2023-07-11 408 user60 173
306 2023-07-06 406 user5 598
307 2023-07-11 400 user38 201
308 2023-07-08 403 user53 6405
309 2023-07-09 400 user13 4172
310 2023-07-11 200 user42 197
311 2023-07-06 502 user80 4984
312 2023-07-10 401 user48 6832
313 2023-07-07 502 user7 216
314 2023-07-10 406 user94 5121
315 2023-07-06 503 user34 13
316 2023-07-12 301 user17 5627
317 2023-07-11 500 user2 6883
318 2023-07-07 406 user74 2913
319 2023-07-10 401 user12 8875
320 2023-07-12 404 user3 9079
321 2023-07-06 500 user27 5016
322 2023-07-06 403 user82 8674
323 2023-07-11 406 user10 4658
324 2023-07-06 502 user73 764
325 2023-07-06 400 user34 1529
326 2023-07-08 200 user62 5874
327 2023-07-12 400 user80 5609
328 2023-07-12 301 user98 6672
329 2023-07-08 202 user23 4821
330 2023-07-12 301 user26 695
331 2023-07-06 200 user65 9808
332 2023-07-08 500 user37 8840
333 2023-07-07 304 user51 828
334 2023-07-08 403 user20 2885
335 2023-07-12 206 user88 9787
336 2023-07-09 300 user18 5906
337 2023-07-11 200 user76 2920
338 2023-07-07 204 user90 6671
339 2023-07-07 300 user89 8375
340 2023-07-06 302 user40 4750
341 2023-07-11 206 user24 1556
342 2023-07-10 201 user9 3632
343 2023-07-10 403 user14 8078
344 2023-07-08 206 user50 2077
345 2023-07-11 300 user33 113
346 2023-07-06 206 user55 6022
347 2023-07-10 206 user69 4426
348 2023-07-08 404 user83 7698
349 2023-07-12 301 user65 1573
350 2023-07-07 408 user10 9012
351 2023-07-12 502 user39 21
352 2023-07-06 201 user85 3313
353 2023-07-12 200 user36 9111
354 2023-07-12 504 user47 4456
355 2023-07-06 204 user61 2223
356 2023-07-09 404 user14 1938
357 2023-07-06 401 user7 2235
358 2023-07-10 403 user22 4055
359 2023-07-09 504 user24 4339
360 2023-07-12 504 user29 6614
361 2023-07-07 200 user37 1354
362 2023-07-06 302 user69 9717
363 2023-07-11 401 user93 5437
364 2023-07-07 408 user58 1741
365 2023-07-06 204 user74 7242
366 2023-07-06 406 user54 8449
367 2023-07-07 403 user51 5720
368 2023-07-11 400 user58 8509
369 2023-07-09 404 user59 3311
370 2023-07-06 302 user35 5317
371 2023-07-11 410 user48 8220
372 2023-07-11 408 user100 5882
373 2023-07-12 500 user88 2624
374 2023-07-12 206 user48 33
375 2023-07-11 301 user86 879
376 2023-07-06 410 user38 1540
377 2023-07-12 204 user23 1703
378 2023-07-08 201 user45 338
379 2023-07-09 302 user89 2080
380 2023-07-08 201 user6 4784
381 2023-07-08 304 user34 7494
382 2023-07-11 403 user19 4428
383 2023-07-09 302 user22 5148
384 2023-07-11 502 user7 3489
385 2023-07-07 204 user74 5060
386 2023-07-06 202 user86 5147
387 2023-07-06 304 user14 5418
388 2023-07-10 204 user42 3925
389 2023-07-08 201 user80 8911
390 2023-07-07 206 user56 8861
391 2023-07-07 401 user21 6729
392 2023-07-07 300 user69 8192
393 2023-07-07 201 user33 565
394 2023-07-08 401 user55 1419
395 2023-07-08 201 user85 3692
396 2023-07-07 410 user53 2179
397 2023-07-12 302 user85 1948
398 2023-07-11 302 user43 4931
399 2023-07-07 302 user32 9190
400 2023-07-12 410 user5 5273
401 2023-07-08 201 user30 6418
402 2023-07-10 200 user36 6851
403 2023-07-10 403 user42 1361
404 2023-07-09 403 user38 3560
405 2023-07-09 404 user88 8903
406 2023-07-07 400 user88 3850
407 2023-07-10 408 user27 3941
408 2023-07-07 204 user4 1118
409 2023-07-06 410 user74 9755
410 2023-07-09 401 user22 5210
411 2023-07-06 200 user65 4203
412 2023-07-07 500 user71 5727
413 2023-07-12 503 user37 4807
414 2023-07-09 401 user38 5762
415 2023-07-08 503 user91 3160
416 2023-07-07 503 user8 3908
417 2023-07-09 201 user49 4975
418 2023-07-07 410 user24 8989
419 2023-07-10 304 user60 586
420 2023-07-11 304 user73 7252
421 2023-07-08 204 user81 943
422 2023-07-12 307 user98 2093
423 2023-07-11 204 user13 4070
424 2023-07-10 204 user81 5006
425 2023-07-12 503 user46 5083
426 2023-07-10 301 user23 1165
427 2023-07-08 206 user72 3166
428 2023-07-10 200 user78 3303
429 2023-07-08 504 user63 8929
430 2023-07-10 503 user12 6470
431 2023-07-10 500 user34 326
432 2023-07-12 500 user61 9646
433 2023-07-07 403 user77 2222
434 2023-07-10 300 user75 943
435 2023-07-07 504 user24 8748
436 2023-07-06 406 user73 1281
437 2023-07-10 410 user7 7393
438 2023-07-11 400 user90 7142
439 2023-07-07 503 user12 9712
440 2023-07-07 403 user18 2236
441 2023-07-06 206 user61 6139
442 2023-07-12 201 user93 5244
443 2023-07-12 504 user69 7985
444 2023-07-08 503 user86 438
445 2023-07-10 400 user46 9782
446 2023-07-07 403 user22 3034
447 2023-07-07 201 user60 7482
448 2023-07-12 408 user97 8881
449 2023-07-07 500 user76 7275
450 2023-07-10 200 user17 2338
451 2023-07-10 408 user63 7126
452 2023-07-07 410 user25 3338
453 2023-07-07 200 user15 6626
454 2023-07-11 502 user5 3
455 2023-07-06 301 user91 3835
456 2023-07-12 201 user84 910
457 2023-07-10 202 user50 4042
458 2023-07-08 503 user18 1680
459 2023-07-12 500 user27 3931
460 2023-07-06 408 user28 878
461 2023-07-08 302 user14 2306
462 2023-07-11 302 user69 4699
463 2023-07-08 401 user94 3765
464 2023-07-06 300 user84 8868
465 2023-07-07 301 user30 6410
466 2023-07-09 408 user47 1368
467 2023-07-10 504 user82 3025
468 2023-07-07 300 user88 2898
469 2023-07-07 206 user59 8734
470 2023-07-06 404 user31 4916
471 2023-07-07 302 user64 2283
472 2023-07-07 201 user77 2023
473 2023-07-12 406 user100 3808
474 2023-07-06 401 user86 6460
475 2023-07-07 504 user84 8013
476 2023-07-10 200 user70 1653
477 2023-07-10 408 user82 4745
478 2023-07-08 304 user95 6804
479 2023-07-12 307 user53 4310
480 2023-07-09 410 user45 4676
481 2023-07-08 404 user98 2943
482 2023-07-09 401 user5 4251
483 2023-07-10 304 user89 3420
484 2023-07-07 200 user98 9756
485 2023-07-07 406 user58 9867
486 2023-07-10 403 user10 3158
487 2023-07-06 504 user42 166
488 2023-07-09 304 user80 9866
489 2023-07-10 504 user51 8325
490 2023-07-06 400 user68 1132
491 2023-07-12 201 user13 1914
492 2023-07-08 502 user61 7761
493 2023-07-10 301 user88 3894
494 2023-07-07 503 user67 5674
495 2023-07-06 504 user4 8906
496 2023-07-07 503 user4 379
497 2023-07-06 500 user32 9180
498 2023-07-11 503 user41 1841
499 2023-07-12 201 user90 8734
500 2023-07-06 500 user81 242
501 2023-07-08 406 user26 1071
502 2023-07-08 400 user86 7671
503 2023-07-06 500 user43 9100
504 2023-07-07 400 user78 3997
505 2023-07-12 304 user10 3854
506 2023-07-08 302 user76 1785
507 2023-07-09 503 user45 8986
508 2023-07-10 403 user34 4120
509 2023-07-09 300 user79 7896
510 2023-07-06 204 user59 7342
511 2023-07-07 304 user51 6526
512 2023-07-06 302 user75 1903
513 2023-07-07 400 user33 4446
514 2023-07-09 400 user9 9027
515 2023-07-10 304 user71 6443
516 2023-07-08 304 user71 7626
517 2023-07-07 304 user71 9696
518 2023-07-11 403 user17 6366
519 2023-07-08 304 user63 17
520 2023-07-08 202 user76 2511
521 2023-07-08 503 user91 1398
522 2023-07-11 406 user34 339
523 2023-07-07 307 user25 5911
524 2023-07-06 401 user7 8002
525 2023-07-09 401 user66 9651
526 2023-07-11 201 user75 2947
527 2023-07-11 300 user94 3979
528 2023-07-11 202 user10 8732
529 2023-07-08 307 user82 6700
530 2023-07-12 503 user35 4287
531 2023-07-08 406 user12 3510
532 2023-07-07 410 user28 3750
533 2023-07-06 400 user52 4294
534 2023-07-07 403 user96 5734
535 2023-07-12 408 user36 1412
536 2023-07-07 410 user100 2773
537 2023-07-11 404 user76 1434
538 2023-07-09 403 user50 5135
539 2023-07-06 307 user22 1869
540 2023-07-07 200 user92 3319
541 2023-07-08 206 user32 1377
542 2023-07-06 301 user14 8572
543 2023-07-12 504 user46 7215
544 2023-07-06 206 user60 6867
545 2023-07-07 202 user99 5315
546 2023-07-10 503 user49 3790
547 2023-07-10 201 user33 2569
548 2023-07-08 504 user43 3369
549 2023-07-11 204 user3 9648
550 2023-07-11 200 user69 2239
551 2023-07-10 406 user37 7517
552 2023-07-09 301 user55 693
553 2023-07-11 202 user30 3677
554 2023-07-06 204 user85 2348
555 2023-07-08 301 user17 6499
556 2023-07-08 307 user14 2071
557 2023-07-08 202 user98 2394
558 2023-07-10 307 user7 6859
559 2023-07-06 410 user24 7379
560 2023-07-08 302 user85 1213
561 2023-07-06 504 user62 8457
562 2023-07-11 400 user98 3346
563 2023-07-09 300 user69 3594
564 2023-07-07 404 user92 3315
565 2023-07-09 408 user3 3570
566 2023-07-10 500 user52 9187
567 2023-07-11 304 user25 4155
568 2023-07-08 201 user50 7147
569 2023-07-06 400 user45 8462
570 2023-07-11 204 user41 8344
571 2023-07-10 502 user68 4119
572 2023-07-07 406 user68 7895
573 2023-07-07 410 user75 516
574 2023-07-07 200 user11 778
575 2023-07-07 500 user17 7093
576 2023-07-10 502 user50 1715
577 2023-07-10 403 user34 8083
578 2023-07-11 400 user34 9709
579 2023-07-11 406 user60 5284
580 2023-07-10 202 user90 8369
581 2023-07-08 406 user18 4168
582 2023-07-09 504 user19 8873
583 2023-07-07 406 user70 359
584 2023-07-11 302 user50 8643
585 2023-07-12 302 user19 3077
586 2023-07-12 202 user34 9750
587 2023-07-12 304 user9 9802
588 2023-07-10 307 user6 105
589 2023-07-09 504 user64 3925
590 2023-07-08 410 user16 3232
591 2023-07-06 300 user33 5746
592 2023-07-08 408 user9 6439
593 2023-07-09 301 user4 3970
594 2023-07-10 500 user51 828
595 2023-07-11 302 user14 995
596 2023-07-08 403 user73 3961
597 2023-07-12 404 user96 1835
598 2023-07-07 502 user71 4098
599 2023-07-06 400 user27 4571
600 2023-07-08 304 user85 2251
601 2023-07-08 400 user73 9788
602 2023-07-08 403 user27 9953
603 2023-07-08 406 user18 4079
604 2023-07-08 408 user27 460
605 2023-07-09 502 user75 8735
606 2023-07-11 400 user9 6839
607 2023-07-09 403 user94 1335
608 2023-07-06 304 user56 2472
609 2023-07-08 404 user41 2390
610 2023-07-06 304 user51 2318
611 2023-07-09 408 user31 4595
612 2023-07-08 408 user22 691
613 2023-07-12 202 user94 2958
614 2023-07-09 304 user72 2223
615 2023-07-07 202 user85 6046
616 2023-07-11 500 user55 3925
617 2023-07-06 202 user88 2773
618 2023-07-08 410 user60 1924
619 2023-07-07 401 user21 8934
620 2023-07-09 404 user53 2528
621 2023-07-07 307 user28 6957
622 2023-07-06 500 user15 2458
623 2023-07-11 304 user35 8178
624 2023-07-06 504 user86 7846
625 2023-07-09 401 user5 3611
626 2023-07-06 300 user66 2819
627 2023-07-10 500 user48 2673
628 2023-07-07 200 user89 5665
629 2023-07-11 307 user34 886
630 2023-07-12 204 user41 4123
631 2023-07-11 404 user66 3
632 2023-07-09 204 user34 6462
633 2023-07-10 307 user50 8400
634 2023-07-06 401 user48 3929
635 2023-07-08 400 user75 9611
636 2023-07-11 200 user28 5800
637 2023-07-11 500 user1 4895
638 2023-07-09 301 user33 5182
639 2023-07-10 300 user24 8362
640 2023-07-09 401 user78 6161
641 2023-07-08 304 user47 1500
642 2023-07-08 202 user38 2714
643 2023-07-08 202 user58 8725
644 2023-07-07 201 user12 2324
645 2023-07-06 404 user96 5580
646 2023-07-12 202 user81 1500
647 2023-07-10 400 user89 9652
648 2023-07-06 202 user45 6686
649 2023-07-09 404 user58 2766
650 2023-07-08 202 user93 7401
651 2023-07-10 307 user27 4175
652 2023-07-07 504 user73 5383
653 2023-07-12 502 user48 6712
654 2023-07-10 401 user28 2158
655 2023-07-11 500 user7 5635
656 2023-07-07 300 user30 7665
657 2023-07-09 500 user6 9095
658 2023-07-12 503 user31 2602
659 2023-07-10 200 user87 2190
660 2023-07-06 403 user61 7556
661 2023-07-11 206 user4 7222
662 2023-07-06 504 user54 7441
663 2023-07-06 503 user12 8475
664 2023-07-06 500 user72 9470
665 2023-07-08 304 user32 7457
666 2023-07-09 202 user28 7151
667 2023-07-08 408 user65 5612
668 2023-07-09 206 user62 2802
669 2023-07-09 404 user40 8873
670 2023-07-10 503 user58 3226
671 2023-07-07 300 user35 2322
672 2023-07-07 300 user12 5370
673 2023-07-12 300 user12 5265
674 2023-07-12 202 user29 244
675 2023-07-12 410 user63 2933
676 2023-07-12 206 user70 7813
677 2023-07-11 408 user34 4748
678 2023-07-09 200 user17 2767
679 2023-07-07 304 user9 1975
680 2023-07-07 410 user54 7499
681 2023-07-07 406 user88 4404
682 2023-07-11 410 user54 4186
683 2023-07-10 504 user67 7746
684 2023-07-10 404 user50 3378
685 2023-07-06 404 user33 7048
686 2023-07-08 204 user99 2728
687 2023-07-06 404 user5 292
688 2023-07-11 504 user100 5152
689 2023-07-08 200 user56 9873
690 2023-07-08 206 user51 6612
691 2023-07-07 404 user64 1084
692 2023-07-12 503 user1 6804
693 2023-07-08 307 user96 7958
694 2023-07-11 500 user91 6531
695 2023-07-06 401 user65 5819
696 2023-07-06 502 user65 6346
697 2023-07-09 502 user46 7494
698 2023-07-06 406 user81 5051
699 2023-07-07 400 user87 576
700 2023-07-10 300 user6 6514
701 2023-07-08 503 user90 3681
702 2023-07-11 300 user86 4493
703 2023-07-06 503 user73 262
704 2023-07-07 307 user78 6143
705 2023-07-07 201 user26 6405
706 2023-07-06 500 user12 6433
707 2023-07-10 302 user94 401
708 2023-07-06 503 user2 7971
709 2023-07-09 408 user1 2490
710 2023-07-10 502 user11 5138
711 2023-07-06 304 user100 250
712 2023-07-09 304 user34 688
713 2023-07-10 200 user87 2120
714 2023-07-08 500 user85 2263
715 2023-07-06 302 user29 554
716 2023-07-07 307 user54 3568
717 2023-07-09 202 user69 5325
718 2023-07-06 200 user99 5261
719 2023-07-07 301 user72 8417
720 2023-07-12 302 user65 681
721 2023-07-12 300 user75 4675
722 2023-07-07 503 user86 7935
723 2023-07-09 307 user20 6283
724 2023-07-11 204 user41 9835
725 2023-07-11 404 user25 3622
726 2023-07-10 406 user73 5972
727 2023-07-10 204 user62 5171
728 2023-07-06 400 user5 3785
729 2023-07-09 200 user25 5535
730 2023-07-06 300 user51 2704
731 2023-07-10 500 user64 6338
732 2023-07-12 202 user94 7356
733 2023-07-09 406 user88 1280
734 2023-07-08 410 user57 1164
735 2023-07-07 201 user13 2054
736 2023-07-08 200 user5 4506
737 2023-07-10 410 user75 8735
738 2023-07-12 206 user47 1648
739 2023-07-07 302 user89 9236
740 2023-07-06 400 user71 5066
741 2023-07-09 408 user74 2064
742 2023-07-09 204 user20 2906
743 2023-07-11 206 user6 8451
744 2023-07-07 403 user87 2722
745 2023-07-11 304 user24 2495
746 2023-07-08 400 user26 3589
747 2023-07-12 307 user99 8477
748 2023-07-12 408 user34 2735
749 2023-07-08 404 user69 1874
750 2023-07-09 410 user25 3207
751 2023-07-09 200 user40 1997
752 2023-07-12 400 user48 1514
753 2023-07-09 307 user10 4358
754 2023-07-08 410 user63 9141
755 2023-07-10 307 user96 4628
756 2023-07-11 404 user74 5804
757 2023-07-09 201 user53 8902
758 2023-07-12 503 user29 5189
759 2023-07-12 200 user69 53
760 2023-07-12 202 user69 4352
761 2023-07-10 302 user59 4285
762 2023-07-06 403 user20 2988
763 2023-07-11 300 user83 2327
764 2023-07-09 504 user52 150
765 2023-07-10 504 user22 8881
766 2023-07-12 302 user18 4487
767 2023-07-09 400 user26 7007
768 2023-07-12 403 user22 1519
769 2023-07-11 404 user50 8370
770 2023-07-10 410 user44 5036
771 2023-07-11 403 user32 3573
772 2023-07-06 200 user31 8070
773 2023-07-11 406 user25 8333
774 2023-07-06 400 user37 7022
775 2023-07-07 502 user98 270
776 2023-07-08 201 user39 7320
777 2023-07-07 206 user5 3061
778 2023-07-08 201 user51 201
779 2023-07-09 206 user60 3596
780 2023-07-11 500 user60 1416
781 2023-07-11 304 user6 5308
782 2023-07-09 406 user93 9092
783 2023-07-10 201 user49 1963
784 2023-07-11 202 user67 2856
785 2023-07-06 204 user27 7393
786 2023-07-08 406 user50 3925
787 2023-07-07 202 user37 1722
788 2023-07-12 307 user26 7684
789 2023-07-08 500 user46 8340
790 2023-07-09 401 user74 9543
791 2023-07-08 502 user55 2920
792 2023-07-06 206 user80 7517
793 2023-07-12 400 user82 422
794 2023-07-10 502 user61 6807
795 2023-07-09 400 user24 8070
796 2023-07-07 302 user41 1605
797 2023-07-09 200 user97 6568
798 2023-07-09 408 user86 1620
799 2023-07-10 401 user50 2246
800 2023-07-08 202 user87 7623
801 2023-07-11 403 user28 1716
802 2023-07-08 307 user43 9044
803 2023-07-10 301 user44 2590
804 2023-07-11 401 user83 9251
805 2023-07-07 408 user89 1266
806 2023-07-09 401 user60 1603
807 2023-07-11 200 user61 3407
808 2023-07-09 200 user83 9012
809 2023-07-10 408 user29 8709
810 2023-07-08 500 user61 1722
811 2023-07-11 201 user58 7112
812 2023-07-12 401 user77 3889
813 2023-07-09 500 user93 420
814 2023-07-08 301 user59 6730
815 2023-07-07 502 user53 8290
816 2023-07-06 406 user23 5154
817 2023-07-07 500 user57 9317
818 2023-07-07 406 user61 5060
819 2023-07-09 301 user27 3605
820 2023-07-12 410 user75 7747
821 2023-07-09 201 user9 9402
822 2023-07-11 206 user44 9433
823 2023-07-12 301 user56 891
824 2023-07-06 401 user4 7445
825 2023-07-08 206 user3 7360
826 2023-07-10 403 user47 2107
827 2023-07-07 408 user97 7983
828 2023-07-12 410 user8 5287
829 2023-07-10 302 user30 6451
830 2023-07-11 307 user46 5758
831 2023-07-09 410 user59 9925
832 2023-07-06 201 user16 4574
833 2023-07-07 500 user70 5074
834 2023-07-07 301 user45 1695
835 2023-07-06 304 user6 4529
836 2023-07-09 201 user38 1141
837 2023-07-08 304 user18 141
838 2023-07-09 301 user48 1375
839 2023-07-06 202 user24 3797
840 2023-07-09 400 user31 6313
841 2023-07-08 504 user87 7552
842 2023-07-08 202 user50 6483
843 2023-07-08 502 user75 7901
844 2023-07-11 401 user58 4367
845 2023-07-11 410 user21 7434
846 2023-07-11 400 user9 1003
847 2023-07-12 404 user40 4922
848 2023-07-08 202 user79 4999
849 2023-07-06 307 user35 3421
850 2023-07-06 410 user5 1408
851 2023-07-08 201 user88 7577
852 2023-07-09 408 user67 3563
853 2023-07-12 300 user16 6157
854 2023-07-08 201 user83 3615
855 2023-07-08 304 user55 6957
856 2023-07-09 204 user22 5124
857 2023-07-10 200 user53 2858
858 2023-07-08 500 user45 4267
859 2023-07-07 201 user40 3010
860 2023-07-10 202 user83 8225
861 2023-07-12 302 user26 3317
862 2023-07-07 406 user68 6278
863 2023-07-06 408 user70 4940
864 2023-07-07 406 user41 6811
865 2023-07-10 302 user41 1647
866 2023-07-08 504 user40 6485
867 2023-07-09 401 user34 3571
868 2023-07-10 408 user79 1468
869 2023-07-07 504 user32 2113
870 2023-07-08 301 user37 1718
871 2023-07-11 204 user56 5091
872 2023-07-10 300 user76 4648
873 2023-07-10 301 user57 360
874 2023-07-06 204 user59 6792
875 2023-07-10 206 user19 2409
876 2023-07-11 300 user87 8450
877 2023-07-09 503 user36 9068
878 2023-07-09 307 user10 8924
879 2023-07-09 502 user21 3792
880 2023-07-11 206 user73 1067
881 2023-07-06 503 user46 3486
882 2023-07-07 304 user1 6103
883 2023-07-11 408 user12 4743
884 2023-07-09 307 user42 6603
885 2023-07-07 500 user8 4453
886 2023-07-08 403 user81 9385
887 2023-07-09 503 user61 7026
888 2023-07-12 400 user25 2980
889 2023-07-08 204 user19 8002
890 2023-07-09 302 user97 5164
891 2023-07-07 301 user23 8946
892 2023-07-08 302 user31 770
893 2023-07-06 304 user42 9016
894 2023-07-09 300 user89 7472
895 2023-07-07 404 user66 3372
896 2023-07-08 504 user1 9223
897 2023-07-11 406 user32 295
898 2023-07-12 408 user18 6256
899 2023-07-10 504 user77 5211
900 2023-07-10 504 user56 2864
901 2023-07-07 202 user96 2815
902 2023-07-10 300 user86 4567
903 2023-07-11 403 user62 1014
904 2023-07-10 304 user17 6670
905 2023-07-07 410 user55 9553
906 2023-07-12 403 user16 4535
907 2023-07-11 206 user4 3990
908 2023-07-11 300 user34 9471
909 2023-07-09 204 user40 426
910 2023-07-08 500 user32 3745
911 2023-07-12 302 user31 1474
912 2023-07-11 301 user34 6499
913 2023-07-12 502 user35 3824
914 2023-07-08 410 user69 9117
915 2023-07-11 204 user79 1848
916 2023-07-07 504 user6 7627
917 2023-07-11 304 user100 5521
918 2023-07-07 500 user61 3131
919 2023-07-06 404 user10 2397
920 2023-07-09 503 user88 1836
921 2023-07-07 401 user93 6389
922 2023-07-09 307 user43 7510
923 2023-07-12 404 user55 831
924 2023-07-08 307 user17 8214
925 2023-07-10 206 user21 1782
926 2023-07-12 410 user33 2996
927 2023-07-08 201 user41 5522
928 2023-07-07 301 user35 5329
929 2023-07-10 503 user70 6533
930 2023-07-09 410 user47 8803
931 2023-07-06 206 user13 7815
932 2023-07-07 200 user19 1980
933 2023-07-09 202 user55 6991
934 2023-07-11 301 user57 3053
935 2023-07-06 300 user10 3445
936 2023-07-11 502 user9 673
937 2023-07-07 304 user10 3383
938 2023-07-09 400 user10 75
939 2023-07-12 300 user43 1659
940 2023-07-06 200 user7 9901
941 2023-07-12 410 user38 6210
942 2023-07-09 200 user80 3733
943 2023-07-07 206 user31 6838
944 2023-07-12 307 user1 1436
945 2023-07-08 302 user46 157
946 2023-07-09 204 user7 4971
947 2023-07-09 503 user56 103
948 2023-07-12 204 user85 3385
949 2023-07-11 206 user88 7459
950 2023-07-10 400 user55 8540
951 2023-07-09 400 user90 3837
952 2023-07-06 410 user72 2375
953 2023-07-06 300 user84 4061
954 2023-07-10 301 user97 762
955 2023-07-12 206 user98 579
956 2023-07-07 401 user27 4041
957 2023-07-11 502 user72 9661
958 2023-07-09 300 user96 3656
959 2023-07-09 404 user43 5951
960 2023-07-07 302 user39 2856
961 2023-07-06 202 user93 9691
962 2023-07-09 502 user36 604
963 2023-07-10 504 user14 8860
964 2023-07-07 201 user36 2570
965 2023-07-11 206 user77 6915
966 2023-07-12 202 user46 2851
967 2023-07-08 408 user31 2599
968 2023-07-12 401 user41 7367
969 2023-07-12 201 user82 17
970 2023-07-06 201 user89 274
971 2023-07-09 202 user100 9932
972 2023-07-11 403 user92 7493
973 2023-07-06 206 user61 903
974 2023-07-09 301 user55 6915
975 2023-07-11 406 user24 9425
976 2023-07-06 206 user97 7486
977 2023-07-07 202 user98 6969
978 2023-07-07 302 user98 5410
979 2023-07-10 401 user85 2116
980 2023-07-07 504 user13 3870
981 2023-07-06 503 user22 2084
982 2023-07-07 201 user99 1760
983 2023-07-10 500 user53 8741
984 2023-07-09 502 user44 8796
985 2023-07-12 500 user77 4439
986 2023-07-11 202 user38 1123
987 2023-07-10 206 user46 1999
988 2023-07-11 502 user42 1294
989 2023-07-08 304 user40 71
990 2023-07-07 400 user11 5901
991 2023-07-12 200 user96 2479
992 2023-07-08 400 user9 6045
993 2023-07-06 503 user31 7300
994 2023-07-08 403 user54 3028
995 2023-07-10 410 user27 5495
996 2023-07-10 304 user93 1012
997 2023-07-11 202 user65 428
998 2023-07-08 204 user27 9121
999 2023-07-09 500 user28 6472
1000 2023-07-08 401 user86 2781
