1 2023-07-10 403 user2 6757
2 2023-07-06 504 user66 3179
3 2023-07-10 500 user62 6685
4 2023-07-10 408 user65 431
5 2023-07-07 302 user60 4959
6 2023-07-09 302 user92 9155
7 2023-07-08 502 user16 6477
8 2023-07-09 301 user50 2345
9 2023-07-08 202 user31 357
10 2023-07-06 300 user7 9080
11 2023-07-11 404 user43 6744
12 2023-07-09 403 user55 9911
13 2023-07-08 500 user29 1408
14 2023-07-07 300 user18 8162
15 2023-07-09 200 user11 1596
16 2023-07-09 206 user24 7283
17 2023-07-12 408 user29 2
18 2023-07-09 204 user13 8117
19 2023-07-06 204 user76 2713
20 2023-07-11 202 user30 817
21 2023-07-07 304 user59 3315
22 2023-07-10 307 user14 249
23 2023-07-11 200 user85 8814
24 2023-07-12 304 user38 6990
25 2023-07-09 502 user30 8833
26 2023-07-09 403 user35 1120
27 2023-07-06 504 user53 6920
28 2023-07-11 206 user60 2080
29 2023-07-09 302 user25 1793
30 2023-07-06 408 user61 4565
31 2023-07-07 408 user41 1447
32 2023-07-10 302 user89 8772
33 2023-07-10 500 user81 5583
34 2023-07-11 300 user63 3580
35 2023-07-08 307 user89 2145
36 2023-07-06 503 user73 4432
37 2023-07-07 502 user18 8329
38 2023-07-12 410 user15 2680
39 2023-07-10 410 user78 3752
40 2023-07-09 302 user97 6489
41 2023-07-06 410 user56 4979
42 2023-07-06 400 user75 7428
43 2023-07-09 500 user45 119
44 2023-07-06 503 user83 1406
45 2023-07-06 500 user27 6406
46 2023-07-09 307 user36 8575
47 2023-07-08 200 user50 7584
48 2023-07-06 302 user30 3735
49 2023-07-11 201 user50 7951
50 2023-07-08 201 user61 9160
51 2023-07-08 307 user63 9664
52 2023-07-12 202 user28 7534
53 2023-07-12 404 user73 4341
54 2023-07-06 408 user32 8206
55 2023-07-10 500 user83 9932
56 2023-07-11 302 user23 3720
57 2023-07-11 204 user59 6426
58 2023-07-06 202 user61 1502
59 2023-07-08 403 user34 8486
60 2023-07-08 408 user57 2447
61 2023-07-10 400 user12 6579
62 2023-07-12 202 user19 3618
63 2023-07-10 202 user26 1239
64 2023-07-07 202 user100 7854
65 2023-07-12 202 user34 4068
66 2023-07-09 302 user30 8054
67 2023-07-06 204 user12 716
68 2023-07-10 401 user4 356
69 2023-07-06 502 user4 4474
70 2023-07-10 500 user83 1253
71 2023-07-09 504 user27 6865
72 2023-07-06 302 user40 9945
73 2023-07-06 202 user23 8642
74 2023-07-08 406 user62 9086
75 2023-07-07 503 user24 3083
76 2023-07-07 307 user32 6305
77 2023-07-08 302 user91 8330
78 2023-07-09 206 user3 6823
79 2023-07-11 301 user25 285
80 2023-07-06 500 user88 5792
81 2023-07-11 408 user9 2180
82 2023-07-10 302 user44 6299
83 2023-07-10 504 user7 3525
84 2023-07-12 400 user11 7422
85 2023-07-07 406 user44 7979
86 2023-07-06 503 user63 7003
87 2023-07-10 304 user38 7936
88 2023-07-11 204 user11 3504
89 2023-07-09 403 user53 2682
90 2023-07-07 406 user24 2988
91 2023-07-10 404 user95 6196
92 2023-07-10 304 user53 6201
93 2023-07-08 403 user70 8932
94 2023-07-12 206 user45 8477
95 2023-07-12 201 user56 8255
96 2023-07-07 502 user10 6649
97 2023-07-09 304 user61 2107
98 2023-07-10 201 user34 5369
99 2023-07-12 400 user61 498
100 2023-07-11 406 user12 9196
101 2023-07-12 500 user80 9593
102 2023-07-08 406 user6 1725
103 2023-07-07 504 user18 5048
104 2023-07-07 206 user10 4733
105 2023-07-06 301 user25 5485
106 2023-07-12 503 user7 3042
107 2023-07-10 200 user25 8479
108 2023-07-10 403 user50 9369
109 2023-07-09 401 user43 6234
110 2023-07-09 201 user93 6817
111 2023-07-09 201 user10 5404
112 2023-07-07 502 user40 7126
113 2023-07-11 401 user100 1753
114 2023-07-09 503 user81 1426
115 2023-07-11 502 user44 8264
116 2023-07-06 204 user75 964
117 2023-07-08 404 user50 7435
118 2023-07-08 206 user30 9414
119 2023-07-07 500 user97 6332
120 2023-07-09 202 user19 8028
121 2023-07-07 201 user46 2672
122 2023-07-11 502 user8 7405
123 2023-07-09 304 user26 9259
124 2023-07-08 301 user97 9757
125 2023-07-06 500 user100 3482
126 2023-07-12 300 user4 7399
127 2023-07-08 202 user62 6938
128 2023-07-12 200 user24 2400
129 2023-07-12 502 user9 7897
130 2023-07-06 304 user7 2750
131 2023-07-06 307 user97 4191
132 2023-07-11 503 user31 5175
133 2023-07-06 300 user10 6850
134 2023-07-11 301 user49 4796
135 2023-07-11 200 user80 4541
136 2023-07-10 406 user48 304
137 2023-07-08 503 user93 5868
138 2023-07-12 300 user27 6356
139 2023-07-06 200 user5 4733
140 2023-07-07 202 user100 8632
141 2023-07-09 201 user67 2868
142 2023-07-07 408 user3 766
143 2023-07-11 206 user37 6821
144 2023-07-09 400 user4 5977
145 2023-07-07 504 user13 4480
146 2023-07-10 500 user64 2173
147 2023-07-08 404 user7 5886
148 2023-07-08 301 user98 3814
149 2023-07-11 301 user2 1049
150 2023-07-12 204 user53 6716
151 2023-07-10 504 user93 8092
152 2023-07-08 504 user80 8044
153 2023-07-07 302 user53 6454
154 2023-07-11 307 user41 3316
155 2023-07-11 304 user8 7884
156 2023-07-07 503 user42 675
157 2023-07-07 404 user50 762
158 2023-07-07 404 user65 1882
159 2023-07-12 202 user18 2872
160 2023-07-08 202 user33 8301
161 2023-07-10 500 user18 3527
162 2023-07-08 410 user2 588
163 2023-07-11 410 user72 3894
164 2023-07-10 406 user36 9756
165 2023-07-06 504 user83 3633
166 2023-07-06 206 user97 2051
167 2023-07-07 502 user62 9582
168 2023-07-08 200 user32 7994
169 2023-07-07 401 user19 1043
170 2023-07-06 307 user79 3379
171 2023-07-07 404 user35 1743
172 2023-07-07 206 user86 6332
173 2023-07-08 500 user70 6115
174 2023-07-07 200 user14 6663
175 2023-07-07 504 user2 896
176 2023-07-08 204 user24 8157
177 2023-07-06 200 user93 4490
178 2023-07-09 200 user7 5017
179 2023-07-12 403 user50 4848
180 2023-07-06 500 user15 1571
181 2023-07-06 202 user31 4675
182 2023-07-07 300 user38 6654
183 2023-07-11 502 user3 715
184 2023-07-10 503 user88 3244
185 2023-07-08 401 user49 1861
186 2023-07-12 503 user75 9212
187 2023-07-12 400 user80 6038
188 2023-07-06 410 user85 8319
189 2023-07-10 404 user82 122
190 2023-07-07 204 user67 246
191 2023-07-08 401 user97 33
192 2023-07-09 206 user11 199
193 2023-07-11 503 user7 2964
194 2023-07-10 502 user22 7566
195 2023-07-10 200 user65 6225
196 2023-07-09 302 user4 8944
197 2023-07-09 206 user29 2524
198 2023-07-08 300 user20 8997
199 2023-07-09 206 user52 2644
200 2023-07-09 201 user38 1928
201 2023-07-06 400 user78 7094
202 2023-07-08 504 user85 9335
203 2023-07-10 403 user9 9599
204 2023-07-12 503 user16 7411
205 2023-07-09 204 user50 2456
206 2023-07-11 304 user8 4563
207 2023-07-07 502 user63 8410
208 2023-07-08 204 user77 8938
209 2023-07-06 503 user58 518
210 2023-07-10 206 user91 3881
211 2023-07-11 400 user33 4679
212 2023-07-12 302 user55 6403
213 2023-07-11 403 user2 9694
214 2023-07-08 410 user63 4207
215 2023-07-07 204 user51 3875
216 2023-07-06 400 user67 6305
217 2023-07-09 400 user43 5614
218 2023-07-08 302 user85 939
219 2023-07-12 502 user18 7033
220 2023-07-09 307 user42 2371
221 2023-07-12 301 user70 3282
222 2023-07-11 400 user86 8955
223 2023-07-09 500 user50 2790
224 2023-07-07 206 user19 4591
225 2023-07-11 202 user79 8222
226 2023-07-12 301 user42 6155
227 2023-07-07 201 user29 8543
228 2023-07-06 204 user36 5397
229 2023-07-07 404 user34 4144
230 2023-07-11 304 user77 1831
231 2023-07-09 500 user34 3904
232 2023-07-10 201 user51 7265
233 2023-07-11 301 user100 6943
234 2023-07-08 307 user4 4281
235 2023-07-08 504 user71 7258
236 2023-07-09 304 user97 9818
237 2023-07-06 300 user79 5849
238 2023-07-11 401 user1 6371
239 2023-07-09 300 user51 4294
240 2023-07-08 503 user10 9842
241 2023-07-11 202 user30 2776
242 2023-07-10 304 user96 6226
243 2023-07-06 201 user33 9070
244 2023-07-07 206 user7 9596
245 2023-07-07 204 user65 3907
246 2023-07-06 502 user71 7617
247 2023-07-09 204 user11 8914
248 2023-07-07 301 user62 790
249 2023-07-08 302 user3 315
250 2023-07-09 301 user90 5583
251 2023-07-10 502 user27 5736
252 2023-07-07 410 user9 4263
253 2023-07-08 307 user13 6662
254 2023-07-06 300 user78 8976
255 2023-07-10 304 user96 7171
256 2023-07-08 307 user11 5418
257 2023-07-06 500 user95 3502
258 2023-07-11 201 user82 1057
259 2023-07-12 503 user11 600
260 2023-07-10 204 user48 2300
261 2023-07-10 206 user64 9312
262 2023-07-07 302 user55 7199
263 2023-07-09 406 user85 2910
264 2023-07-08 202 user82 1471
265 2023-07-06 206 user37 9422
266 2023-07-12 307 user93 3496
267 2023-07-11 406 user25 915
268 2023-07-11 408 user74 4330
269 2023-07-07 502 user18 7372
270 2023-07-10 204 user68 1056
271 2023-07-09 307 user53 5174
272 2023-07-09 500 user94 8155
273 2023-07-11 502 user46 9538
274 2023-07-07 301 user89 4055
275 2023-07-12 500 user13 9028
276 2023-07-07 206 user25 5298
277 2023-07-11 200 user24 4412
278 2023-07-06 202 user88 6740
279 2023-07-10 307 user91 5186
280 2023-07-07 300 user48 4413
281 2023-07-10 500 user62 8978
282 2023-07-11 401 user1 579
283 2023-07-08 500 user32 2446
284 2023-07-06 403 user35 8109
285 2023-07-10 202 user50 7565
286 2023-07-12 401 user99 6889
287 2023-07-09 503 user15 7241
288 2023-07-11 503 user36 4043
289 2023-07-12 400 user83 4818
290 2023-07-08 500 user88 3458
291 2023-07-11 301 user42 2443
292 2023-07-07 307 user42 7234
293 2023-07-12 300 user4 2794
294 2023-07-06 502 user11 1772
295 2023-07-10 503 user46 4637
296 2023-07-06 408 user15 4825
297 2023-07-06 406 user13 6692
298 2023-07-06 408 user36 7643
299 2023-07-10 204 user55 9385
300 2023-07-06 401 user33 2801
301 2023-07-08 301 user57 7445
302 2023-07-10 410 user56 7012
303 2023-07-08 404 user57 8987
304 2023-07-12 301 user49 7659
305 2023-07-06 400 user9 9538
306 2023-07-11 201 user26 232
307 2023-07-12 204 user2 9486
308 2023-07-09 406 user80 8303
309 2023-07-11 502 user90 612
310 2023-07-09 300 user16 7905
311 2023-07-06 201 user74 4420
312 2023-07-12 406 user77 480
313 2023-07-12 401 user41 8022
314 2023-07-07 204 user31 9834
315 2023-07-11 401 user64 9884
316 2023-07-06 206 user10 6491
317 2023-07-09 406 user85 5395
318 2023-07-07 304 user76 5028
319 2023-07-07 300 user85 3137
320 2023-07-07 406 user87 8553
321 2023-07-11 403 user78 4422
322 2023-07-10 406 user88 1171
323 2023-07-12 410 user30 1870
324 2023-07-11 404 user64 3343
325 2023-07-06 403 user100 7396
326 2023-07-12 401 user22 5537
327 2023-07-08 302 user95 1070
328 2023-07-10 202 user91 5925
329 2023-07-06 503 user24 4837
330 2023-07-10 410 user58 9027
331 2023-07-09 410 user98 6549
332 2023-07-10 408 user21 6268
333 2023-07-11 400 user99 7492
334 2023-07-10 200 user41 5118
335 2023-07-09 200 user67 7212
336 2023-07-08 401 user77 6313
337 2023-07-07 201 user26 1669
338 2023-07-10 202 user36 9836
339 2023-07-09 302 user34 7154
340 2023-07-12 406 user76 7732
341 2023-07-08 204 user46 3133
342 2023-07-06 304 user91 6660
343 2023-07-06 502 user1 2357
344 2023-07-10 300 user25 440
345 2023-07-11 302 user100 6270
346 2023-07-09 200 user64 1731
347 2023-07-08 200 user12 2330
348 2023-07-09 201 user19 2639
349 2023-07-12 408 user35 4759
350 2023-07-08 406 user30 3421
351 2023-07-07 304 user23 993
352 2023-07-10 202 user78 2101
353 2023-07-07 500 user3 6179
354 2023-07-06 400 user98 3623
355 2023-07-09 201 user72 3763
356 2023-07-07 307 user8 5360
357 2023-07-08 406 user6 9435
358 2023-07-07 401 user94 4690
359 2023-07-11 206 user1 1075
360 2023-07-07 404 user36 2979
361 2023-07-09 500 user70 1431
362 2023-07-08 201 user11 3366
363 2023-07-07 504 user57 4005
364 2023-07-10 406 user29 8782
365 2023-07-10 400 user28 728
366 2023-07-08 206 user58 1339
367 2023-07-07 403 user38 1212
368 2023-07-06 206 user84 9808
369 2023-07-09 302 user53 2452
370 2023-07-06 304 user78 1623
371 2023-07-11 503 user38 3900
372 2023-07-10 200 user93 8678
373 2023-07-10 400 user51 7986
374 2023-07-10 404 user39 1780
375 2023-07-07 403 user58 7067
376 2023-07-10 206 user83 4088
377 2023-07-12 404 user52 2856
378 2023-07-12 307 user93 6756
379 2023-07-11 200 user85 6863
380 2023-07-11 400 user61 2016
381 2023-07-07 200 user5 492
382 2023-07-10 503 user55 5719
383 2023-07-10 401 user80 2261
384 2023-07-11 400 user80 3828
385 2023-07-09 307 user63 6316
386 2023-07-10 401 user68 6729
387 2023-07-06 408 user30 1339
388 2023-07-07 500 user79 7118
389 2023-07-11 204 user92 9271
390 2023-07-07 401 user1 2262
391 2023-07-08 302 user44 5773
392 2023-07-12 406 user31 4637
393 2023-07-11 400 user49 5672
394 2023-07-10 408 user54 6317
395 2023-07-10 403 user28 7372
396 2023-07-11 500 user65 731
397 2023-07-11 504 user94 2879
398 2023-07-10 408 user57 9146
399 2023-07-08 204 user19 3316
400 2023-07-12 300 user51 4490
401 2023-07-08 307 user44 3656
402 2023-07-11 201 user3 2160
403 2023-07-10 400 user29 8579
404 2023-07-11 410 user14 1588
405 2023-07-08 504 user34 6377
406 2023-07-07 200 user89 8446
407 2023-07-10 400 user49 1612
408 2023-07-10 500 user29 1015
409 2023-07-07 200 user68 8569
410 2023-07-12 301 user99 2284
411 2023-07-09 403 user65 6126
412 2023-07-07 500 user54 2775
413 2023-07-12 503 user98 8792
414 2023-07-12 206 user11 9260
415 2023-07-10 408 user34 2704
416 2023-07-11 502 user61 6115
417 2023-07-12 307 user58 9234
418 2023-07-08 200 user90 5770
419 2023-07-10 201 user98 1615
420 2023-07-07 201 user46 1072
421 2023-07-06 502 user96 247
422 2023-07-09 301 user65 222
423 2023-07-09 206 user96 9041
424 2023-07-07 410 user15 5206
425 2023-07-10 400 user54 3454
426 2023-07-06 401 user15 93
427 2023-07-10 204 user63 9136
428 2023-07-09 500 user32 9139
429 2023-07-09 200 user24 2654
430 2023-07-11 202 user49 7340
431 2023-07-06 406 user13 5228
432 2023-07-07 408 user28 7155
433 2023-07-11 307 user32 5862
434 2023-07-09 200 user47 248
435 2023-07-12 300 user4 9515
436 2023-07-07 200 user74 6452
437 2023-07-12 503 user18 8253
438 2023-07-09 307 user92 5965
439 2023-07-07 202 user60 4015
440 2023-07-08 504 user46 3471
441 2023-07-08 504 user37 4273
442 2023-07-09 504 user61 7404
443 2023-07-11 406 user52 1501
444 2023-07-08 202 user80 198
445 2023-07-09 410 user41 8271
446 2023-07-08 301 user42 2374
447 2023-07-12 406 user8 5321
448 2023-07-07 410 user21 6889
449 2023-07-07 307 user92 3746
450 2023-07-08 206 user45 3381
451 2023-07-11 401 user54 7979
452 2023-07-07 410 user99 7595
453 2023-07-12 403 user94 3327
454 2023-07-10 202 user55 1272
455 2023-07-07 204 user76 1117
456 2023-07-09 302 user73 3394
457 2023-07-09 206 user67 1481
458 2023-07-08 201 user28 31
459 2023-07-11 204 user55 1309
460 2023-07-09 400 user70 5460
461 2023-07-11 500 user47 2241
462 2023-07-09 301 user15 2623
463 2023-07-11 504 user68 1269
464 2023-07-10 503 user96 5042
465 2023-07-11 201 user61 6648
466 2023-07-11 200 user51 6942
467 2023-07-09 206 user72 3756
468 2023-07-09 410 user6 1684
469 2023-07-08 300 user66 8845
470 2023-07-12 400 user39 1985
471 2023-07-12 503 user55 6308
472 2023-07-12 201 user97 3098
473 2023-07-07 400 user35 2437
474 2023-07-12 400 user66 2894
475 2023-07-06 410 user8 7597
476 2023-07-11 404 user43 3930
477 2023-07-10 302 user2 8441
478 2023-07-10 408 user96 6896
479 2023-07-06 410 user49 896
480 2023-07-09 403 user43 8510
481 2023-07-08 301 user72 6041
482 2023-07-11 302 user100 7809
483 2023-07-09 401 user90 4894
484 2023-07-12 410 user54 9145
485 2023-07-09 404 user94 1827
486 2023-07-12 307 user8 7086
487 2023-07-12 500 user38 2699
488 2023-07-08 202 user1 2795
489 2023-07-08 204 user84 4168
490 2023-07-08 300 user65 4258
491 2023-07-10 202 user95 260
492 2023-07-07 307 user35 8482
493 2023-07-09 301 user29 9374
494 2023-07-11 204 user39 8084
495 2023-07-06 206 user58 2184
496 2023-07-06 500 user80 6419
497 2023-07-06 307 user16 2957
498 2023-07-08 502 user22 7144
499 2023-07-06 404 user29 1428
500 2023-07-11 204 user15 2517
501 2023-07-06 400 user11 5443
502 2023-07-10 503 user82 5218
503 2023-07-12 206 user68 1757
504 2023-07-12 202 user23 9316
505 2023-07-08 202 user21 5315
506 2023-07-12 201 user100 4379
507 2023-07-10 504 user16 2779
508 2023-07-09 406 user92 9203
509 2023-07-08 206 user11 8011
510 2023-07-07 500 user32 5936
511 2023-07-07 410 user98 1650
512 2023-07-06 200 user29 2772
513 2023-07-11 307 user75 5761
514 2023-07-10 410 user42 762
515 2023-07-06 403 user76 895
516 2023-07-10 503 user69 8952
517 2023-07-08 400 user98 6210
518 2023-07-09 204 user42 720
519 2023-07-10 300 user48 834
520 2023-07-12 503 user26 4915
521 2023-07-09 202 user28 8388
522 2023-07-12 502 user70 8387
523 2023-07-11 201 user16 7512
524 2023-07-09 200 user100 3106
525 2023-07-10 408 user93 8225
526 2023-07-12 408 user31 8480
527 2023-07-12 307 user48 6710
528 2023-07-10 410 user35 6753
529 2023-07-08 504 user12 9218
530 2023-07-11 301 user64 1434
531 2023-07-09 408 user33 6577
532 2023-07-11 401 user36 9990
533 2023-07-07 201 user88 1605
534 2023-07-09 404 user86 275
535 2023-07-10 406 user37 6082
536 2023-07-06 401 user77 9429
537 2023-07-11 302 user8 6424
538 2023-07-11 200 user97 3039
539 2023-07-07 502 user6 8958
540 2023-07-12 400 user1 3911
541 2023-07-08 404 user67 6817
542 2023-07-07 500 user33 8726
543 2023-07-06 406 user74 3326
544 2023-07-11 204 user75 3745
545 2023-07-07 400 user98 8878
546 2023-07-07 206 user38 4652
547 2023-07-07 500 user86 702
548 2023-07-07 202 user5 9285
549 2023-07-08 202 user48 1776
550 2023-07-06 406 user70 1821
551 2023-07-06 404 user27 1939
552 2023-07-07 206 user62 6628
553 2023-07-11 201 user35 8345
554 2023-07-09 503 user66 2637
555 2023-07-11 206 user77 3466
556 2023-07-07 400 user100 4811
557 2023-07-11 200 user25 7943
558 2023-07-10 200 user20 8083
559 2023-07-06 500 user38 9218
560 2023-07-10 304 user36 4445
561 2023-07-12 301 user79 1540
562 2023-07-08 406 user83 5311
563 2023-07-10 201 user74 9155
564 2023-07-10 401 user64 2967
565 2023-07-11 406 user21 5195
566 2023-07-07 400 user54 9070
567 2023-07-10 304 user42 9749
568 2023-07-10 300 user72 5867
569 2023-07-10 500 user30 6765
570 2023-07-11 410 user17 4135
571 2023-07-12 406 user92 6036
572 2023-07-07 401 user29 6585
573 2023-07-11 406 user66 7509
574 2023-07-10 500 user37 3352
575 2023-07-09 406 user4 8285
576 2023-07-12 301 user14 4247
577 2023-07-11 301 user36 9427
578 2023-07-08 410 user98 9474
579 2023-07-08 204 user18 4478
580 2023-07-06 200 user79 1107
581 2023-07-10 304 user76 4858
582 2023-07-08 301 user38 2598
583 2023-07-06 202 user65 2263
584 2023-07-10 206 user65 34
585 2023-07-08 502 user11 1058
586 2023-07-08 408 user39 941
587 2023-07-09 500 user23 8336
588 2023-07-11 401 user50 6072
589 2023-07-12 410 user48 9334
590 2023-07-11 500 user46 9010
591 2023-07-07 400 user51 9972
592 2023-07-10 401 user73 9565
593 2023-07-07 304 user63 3092
594 2023-07-12 202 user21 4077
595 2023-07-12 500 user52 5815
596 2023-07-10 301 user86 8271
597 2023-07-07 200 user70 6286
598 2023-07-08 503 user4 5572
599 2023-07-07 406 user23 6631
600 2023-07-10 403 user92 7511
601 2023-07-11 404 user54 1105
602 2023-07-11 302 user22 7893
603 2023-07-09 400 user21 8641
604 2023-07-09 401 user69 4558
605 2023-07-09 206 user55 6188
606 2023-07-12 500 user100 1464
607 2023-07-07 302 user43 442
608 2023-07-07 503 user8 6482
609 2023-07-06 401 user74 6448
610 2023-07-10 206 user58 2739
611 2023-07-09 304 user47 3558
612 2023-07-08 301 user44 8437
613 2023-07-09 503 user57 5162
614 2023-07-10 204 user49 6605
615 2023-07-07 403 user53 9119
616 2023-07-09 300 user34 3764
617 2023-07-06 304 user62 4186
618 2023-07-10 500 user20 6444
619 2023-07-12 503 user20 9732
620 2023-07-07 504 user22 3293
621 2023-07-07 301 user14 5559
622 2023-07-08 202 user72 4382
623 2023-07-11 406 user86 3116
624 2023-07-10 204 user5 5697
625 2023-07-11 206 user41 3605
626 2023-07-07 500 user68 4385
627 2023-07-09 400 user73 3168
628 2023-07-09 307 user100 4229
629 2023-07-08 302 user96 7226
630 2023-07-08 408 user29 2874
631 2023-07-07 307 user42 5164
632 2023-07-10 406 user14 2950
633 2023-07-09 204 user46 5175
634 2023-07-06 206 user74 9853
635 2023-07-10 410 user8 4370
636 2023-07-07 301 user81 8386
637 2023-07-12 204 user78 8268
638 2023-07-11 200 user59 5661
639 2023-07-10 204 user98 4521
640 2023-07-11 302 user42 9504
641 2023-07-09 408 user88 5214
642 2023-07-07 206 user45 5014
643 2023-07-09 304 user38 4476
644 2023-07-12 202 user39 5156
645 2023-07-06 400 user24 1013
646 2023-07-12 204 user62 318
647 2023-07-10 401 user6 6339
648 2023-07-08 304 user100 8401
649 2023-07-11 302 user7 7802
650 2023-07-09 502 user9 9052
651 2023-07-06 504 user19 7753
652 2023-07-06 502 user19 2190
653 2023-07-08 406 user17 9357
654 2023-07-08 500 user46 1705
655 2023-07-10 500 user57 4977
656 2023-07-11 404 user52 9611
657 2023-07-11 403 user95 1195
658 2023-07-08 406 user7 1932
659 2023-07-09 503 user30 3251
660 2023-07-06 408 user31 7314
661 2023-07-08 400 user27 1825
662 2023-07-08 404 user13 5830
663 2023-07-12 404 user18 6693
664 2023-07-07 300 user86 3519
665 2023-07-11 404 user53 9749
666 2023-07-11 400 user14 7876
667 2023-07-12 500 user31 8702
668 2023-07-07 406 user18 1399
669 2023-07-10 301 user50 8927
670 2023-07-09 201 user14 8020
671 2023-07-10 401 user33 1771
672 2023-07-07 300 user11 1112
673 2023-07-11 202 user74 8958
674 2023-07-09 307 user39 6837
675 2023-07-11 503 user57 4591
676 2023-07-08 206 user65 6451
677 2023-07-12 300 user85 4009
678 2023-07-09 500 user19 4138
679 2023-07-06 204 user55 5716
680 2023-07-06 206 user7 8663
681 2023-07-06 307 user24 5224
682 2023-07-12 204 user46 3054
683 2023-07-08 301 user41 4714
684 2023-07-12 408 user19 9235
685 2023-07-08 200 user40 9531
686 2023-07-09 401 user43 5744
687 2023-07-12 500 user46 1510
688 2023-07-10 504 user4 2843
689 2023-07-09 200 user19 5314
690 2023-07-07 201 user63 6190
691 2023-07-11 410 user78 6397
692 2023-07-09 202 user17 9148
693 2023-07-07 301 user96 3411
694 2023-07-10 406 user70 6780
695 2023-07-12 504 user5 7882
696 2023-07-10 504 user56 8092
697 2023-07-09 401 user16 8424
698 2023-07-09 406 user94 7374
699 2023-07-08 502 user50 4497
700 2023-07-07 404 user95 4994
701 2023-07-11 404 user31 9954
702 2023-07-11 503 user86 7802
703 2023-07-07 301 user91 9534
704 2023-07-06 406 user3 2674
705 2023-07-10 300 user36 8423
706 2023-07-11 401 user44 1827
707 2023-07-06 406 user43 3449
708 2023-07-08 502 user22 8635
709 2023-07-08 204 user69 7452
710 2023-07-07 302 user72 5831
711 2023-07-07 202 user45 8242
712 2023-07-06 404 user23 7802
713 2023-07-11 504 user35 5739
714 2023-07-11 206 user75 4386
715 2023-07-08 404 user34 4663
716 2023-07-08 301 user100 5332
717 2023-07-12 304 user76 2232
718 2023-07-11 201 user49 8642
719 2023-07-10 206 user10 8558
720 2023-07-08 401 user17 8566
721 2023-07-12 307 user43 4094
722 2023-07-07 500 user44 2227
723 2023-07-10 408 user69 2755
724 2023-07-06 403 user47 8309
725 2023-07-06 406 user45 6700
726 2023-07-10 301 user7 7698
727 2023-07-08 500 user20 8117
728 2023-07-09 410 user75 3402
729 2023-07-09 404 user40 6666
730 2023-07-11 301 user48 8505
731 2023-07-10 404 user90 9025
732 2023-07-06 504 user20 7383
733 2023-07-08 502 user12 8769
734 2023-07-09 401 user70 2624
735 2023-07-11 301 user14 5715
736 2023-07-09 500 user53 3231
737 2023-07-10 302 user39 8750
738 2023-07-12 202 user78 631
739 2023-07-12 200 user28 1527
740 2023-07-06 401 user89 1740
741 2023-07-07 410 user26 3324
742 2023-07-07 504 user29 5903
743 2023-07-07 204 user8 6768
744 2023-07-06 404 user14 8843
745 2023-07-10 202 user91 8675
746 2023-07-08 307 user27 2318
747 2023-07-10 404 user64 6536
748 2023-07-09 500 user49 1171
749 2023-07-08 504 user52 2983
750 2023-07-06 502 user3 1157
751 2023-07-12 503 user22 8943
752 2023-07-07 502 user46 3965
753 2023-07-06 307 user25 4980
754 2023-07-08 404 user56 2305
755 2023-07-12 202 user19 1050
756 2023-07-09 500 user24 3387
757 2023-07-06 300 user15 2075
758 2023-07-09 201 user45 899
759 2023-07-08 401 user58 7365
760 2023-07-06 302 user21 3405
761 2023-07-09 302 user18 9417
762 2023-07-12 302 user84 4149
763 2023-07-07 500 user74 8166
764 2023-07-08 502 user11 9418
765 2023-07-06 200 user99 3990
766 2023-07-12 200 user1 5932
767 2023-07-10 408 user98 8623
768 2023-07-11 307 user40 4208
769 2023-07-07 304 user14 5269
770 2023-07-09 404 user75 4927
771 2023-07-07 502 user29 2239
772 2023-07-06 500 user99 2644
773 2023-07-10 202 user71 7585
774 2023-07-12 504 user30 1462
775 2023-07-08 400 user22 9739
776 2023-07-09 406 user62 142
777 2023-07-08 206 user27 7039
778 2023-07-09 503 user94 5577
779 2023-07-12 503 user57 1541
780 2023-07-06 404 user94 4183
781 2023-07-11 206 user97 6199
782 2023-07-09 301 user37 4127
783 2023-07-07 502 user48 4533
784 2023-07-06 301 user43 5118
785 2023-07-06 302 user56 3122
786 2023-07-11 404 user64 7795
787 2023-07-06 504 user6 7324
788 2023-07-07 300 user98 2587
789 2023-07-10 307 user53 2641
790 2023-07-12 406 user52 357
791 2023-07-10 302 user40 9816
792 2023-07-11 503 user17 4944
793 2023-07-09 401 user35 16
794 2023-07-06 202 user91 4253
795 2023-07-10 400 user86 2313
796 2023-07-09 301 user12 7983
797 2023-07-06 502 user20 8432
798 2023-07-09 300 user68 5810
799 2023-07-08 302 user66 5207
800 2023-07-12 503 user68 9028
801 2023-07-11 401 user8 8418
802 2023-07-10 204 user72 3660
803 2023-07-09 300 user100 8522
804 2023-07-12 502 user32 3119
805 2023-07-06 500 user39 4118
806 2023-07-11 201 user73 334
807 2023-07-07 400 user85 7858
808 2023-07-09 302 user92 4479
809 2023-07-07 206 user87 2906
810 2023-07-08 204 user32 8948
811 2023-07-12 200 user19 2023
812 2023-07-09 307 user95 4629
813 2023-07-06 502 user92 9420
814 2023-07-12 504 user76 8972
815 2023-07-11 302 user4 2664
816 2023-07-07 400 user34 1423
817 2023-07-07 300 user18 667
818 2023-07-11 400 user100 3640
819 2023-07-09 408 user81 146
820 2023-07-10 300 user47 6451
821 2023-07-10 300 user33 7247
822 2023-07-09 502 user39 5217
823 2023-07-06 502 user11 4848
824 2023-07-06 307 user2 972
825 2023-07-06 302 user70 4889
826 2023-07-10 202 user11 4799
827 2023-07-12 204 user54 6755
828 2023-07-08 406 user6 3506
829 2023-07-10 300 user77 1052
830 2023-07-10 403 user51 936
831 2023-07-09 300 user77 892
832 2023-07-10 503 user63 9523
833 2023-07-12 307 user77 3080
834 2023-07-09 300 user25 7934
835 2023-07-06 204 user62 3545
836 2023-07-10 200 user92 1117
837 2023-07-10 201 user18 6230
838 2023-07-10 500 user63 8751
839 2023-07-10 202 user98 2857
840 2023-07-12 401 user36 8791
841 2023-07-10 503 user20 9870
842 2023-07-09 408 user15 8367
843 2023-07-10 500 user43 8781
844 2023-07-06 502 user89 3195
845 2023-07-12 502 user15 2184
846 2023-07-06 410 user44 8064
847 2023-07-11 301 user66 1159
848 2023-07-12 307 user61 4909
849 2023-07-09 307 user79 1490
850 2023-07-12 301 user61 8222
851 2023-07-10 201 user18 4827
852 2023-07-08 201 user40 1579
853 2023-07-07 503 user70 1880
854 2023-07-06 202 user19 1522
855 2023-07-12 304 user21 9728
856 2023-07-11 401 user10 3988
857 2023-07-10 408 user9 9784
858 2023-07-11 301 user72 7035
859 2023-07-06 400 user40 4901
860 2023-07-10 403 user89 2887
861 2023-07-12 200 user81 867
862 2023-07-07 410 user86 8844
863 2023-07-07 206 user45 6314
864 2023-07-08 204 user14 9490
865 2023-07-12 202 user67 338
866 2023-07-11 300 user28 9689
867 2023-07-09 300 user74 505
868 2023-07-10 201 user36 5986
869 2023-07-08 206 user74 7487
870 2023-07-12 504 user36 9974
871 2023-07-10 307 user23 9912
872 2023-07-09 410 user15 7824
873 2023-07-07 201 user73 2405
874 2023-07-07 201 user53 7800
875 2023-07-07 206 user70 8447
876 2023-07-12 301 user55 9937
877 2023-07-12 404 user5 8900
878 2023-07-12 403 user97 7530
879 2023-07-10 202 user83 5229
880 2023-07-12 304 user21 9537
881 2023-07-08 200 user80 4187
882 2023-07-10 300 user74 561
883 2023-07-10 307 user83 7164
884 2023-07-07 502 user71 537
885 2023-07-10 401 user97 6585
886 2023-07-08 502 user36 5248
887 2023-07-07 300 user92 7776
888 2023-07-11 408 user92 2086
889 2023-07-11 504 user43 3677
890 2023-07-10 408 user52 7967
891 2023-07-06 500 user87 4181
892 2023-07-07 502 user99 3394
893 2023-07-06 503 user56 6678
894 2023-07-07 502 user65 2236
895 2023-07-07 502 user40 474
896 2023-07-08 204 user38 8322
897 2023-07-09 503 user67 9001
898 2023-07-06 206 user39 1664
899 2023-07-09 401 user30 7175
900 2023-07-06 302 user69 9962
901 2023-07-08 307 user46 7699
902 2023-07-06 204 user56 424
903 2023-07-06 300 user82 7620
904 2023-07-12 202 user54 3348
905 2023-07-08 410 user93 7926
906 2023-07-07 300 user75 6240
907 2023-07-12 502 user62 9964
908 2023-07-11 300 user39 9639
909 2023-07-07 307 user23 9957
910 2023-07-06 408 user37 5574
911 2023-07-09 502 user9 1873
912 2023-07-10 201 user85 1837
913 2023-07-10 204 user49 3978
914 2023-07-10 504 user6 757
915 2023-07-10 301 user90 7717
916 2023-07-10 307 user42 5821
917 2023-07-10 406 user93 2990
918 2023-07-07 307 user95 967
919 2023-07-09 307 user97 7828
920 2023-07-06 304 user86 5087
921 2023-07-07 400 user9 2545
922 2023-07-06 302 user5 5348
923 2023-07-10 204 user95 7999
924 2023-07-09 504 user14 9746
925 2023-07-08 301 user58 5856
926 2023-07-10 204 user35 7333
927 2023-07-09 304 user92 3753
928 2023-07-06 500 user65 4164
929 2023-07-08 403 user42 7843
930 2023-07-11 503 user69 8984
931 2023-07-10 304 user6 2996
932 2023-07-12 504 user71 4607
933 2023-07-06 307 user1 3141
934 2023-07-10 204 user94 7305
935 2023-07-10 302 user83 590
936 2023-07-11 302 user59 8429
937 2023-07-08 504 user54 8136
938 2023-07-12 202 user29 220
939 2023-07-11 408 user54 7554
940 2023-07-08 504 user88 1076
941 2023-07-06 504 user55 6951
942 2023-07-09 502 user86 9195
943 2023-07-10 300 user56 9268
944 2023-07-10 301 user13 774
945 2023-07-12 206 user71 1392
946 2023-07-12 503 user13 9190
947 2023-07-07 304 user8 3845
948 2023-07-06 406 user62 9383
949 2023-07-12 401 user90 378
950 2023-07-11 300 user78 3747
951 2023-07-09 300 user63 4572
952 2023-07-09 410 user96 8732
953 2023-07-08 502 user30 1978
954 2023-07-09 200 user60 43
955 2023-07-11 206 user26 2647
956 2023-07-10 404 user36 7096
957 2023-07-09 406 user30 7033
958 2023-07-06 502 user91 2415
959 2023-07-07 502 user61 9480
960 2023-07-07 301 user14 4319
961 2023-07-08 307 user33 4134
962 2023-07-12 304 user35 9958
963 2023-07-08 302 user74 9011
964 2023-07-10 201 user47 8421
965 2023-07-09 408 user83 5193
966 2023-07-08 408 user10 8993
967 2023-07-11 204 user66 5732
968 2023-07-11 408 user91 7980
969 2023-07-11 504 user34 3443
970 2023-07-08 301 user13 5518
971 2023-07-08 206 user37 912
972 2023-07-09 404 user9 793
973 2023-07-07 202 user70 6851
974 2023-07-07 304 user96 5959
975 2023-07-12 202 user68 9524
976 2023-07-12 301 user54 7857
977 2023-07-11 307 user91 1269
978 2023-07-10 300 user41 8110
979 2023-07-09 504 user2 6488
980 2023-07-07 403 user34 3750
981 2023-07-09 502 user94 6791
982 2023-07-06 304 user95 4278
983 2023-07-06 301 user48 5723
984 2023-07-06 410 user17 4950
985 2023-07-07 408 user56 7758
986 2023-07-10 401 user10 6039
987 2023-07-11 404 user32 1388
988 2023-07-09 408 user2 4274
989 2023-07-11 201 user67 1345
990 2023-07-12 302 user3 4570
991 2023-07-11 304 user15 4870
992 2023-07-12 201 user38 4562
993 2023-07-12 202 user20 2336
994 2023-07-07 300 user96 5285
995 2023-07-12 401 user73 6407
996 2023-07-09 204 user43 3533
997 2023-07-06 300 user31 2437
998 2023-07-12 201 user34 2508
999 2023-07-10 307 user37 9767
1000 2023-07-09 503 user40 630
