1 2023-07-09 300 user89 7237
2 2023-07-07 200 user85 4252
3 2023-07-08 302 user3 3445
4 2023-07-12 404 user62 5339
5 2023-07-08 201 user35 8814
6 2023-07-07 304 user3 7536
7 2023-07-09 404 user45 1826
8 2023-07-11 202 user47 4201
9 2023-07-06 404 user77 5410
10 2023-07-12 404 user86 1925
11 2023-07-12 204 user57 3979
12 2023-07-10 204 user21 1562
13 2023-07-11 408 user50 75
14 2023-07-09 201 user27 8260
15 2023-07-10 201 user100 2274
16 2023-07-08 500 user93 14
17 2023-07-12 201 user97 6899
18 2023-07-08 500 user9 4828
19 2023-07-11 410 user30 1112
20 2023-07-08 401 user25 9369
21 2023-07-11 301 user18 6289
22 2023-07-06 502 user34 5048
23 2023-07-10 301 user75 2153
24 2023-07-08 201 user22 3616
25 2023-07-08 500 user8 6526
26 2023-07-09 503 user84 1247
27 2023-07-11 200 user76 2041
28 2023-07-12 503 user35 1684
29 2023-07-07 408 user48 5087
30 2023-07-08 504 user51 4072
31 2023-07-08 201 user37 5492
32 2023-07-10 307 user2 678
33 2023-07-06 401 user22 7041
34 2023-07-11 503 user43 3692
35 2023-07-08 502 user18 1950
36 2023-07-07 204 user73 9925
37 2023-07-08 204 user34 1129
38 2023-07-12 502 user72 9937
39 2023-07-08 504 user23 7038
40 2023-07-09 401 user24 8584
41 2023-07-09 503 user15 6853
42 2023-07-10 206 user48 8976
43 2023-07-11 200 user2 4678
44 2023-07-10 503 user24 5896
45 2023-07-08 206 user52 6918
46 2023-07-07 400 user41 4222
47 2023-07-06 500 user46 196
48 2023-07-08 408 user96 2200
49 2023-07-06 302 user33 9965
50 2023-07-11 300 user43 7443
51 2023-07-07 504 user78 4746
52 2023-07-07 504 user26 8860
53 2023-07-07 404 user12 7510
54 2023-07-11 200 user12 1619
55 2023-07-12 401 user97 4626
56 2023-07-09 410 user73 7307
57 2023-07-08 301 user89 6187
58 2023-07-09 403 user13 7066
59 2023-07-11 202 user9 5117
60 2023-07-06 400 user60 4047
61 2023-07-10 401 user17 626
62 2023-07-10 202 user97 9022
63 2023-07-12 204 user92 5741
64 2023-07-08 500 user82 9994
65 2023-07-07 301 user86 2522
66 2023-07-11 500 user65 2564
67 2023-07-09 307 user56 5584
68 2023-07-11 500 user9 7839
69 2023-07-08 504 user54 8801
70 2023-07-12 200 user85 75
71 2023-07-11 410 user53 2127
72 2023-07-07 307 user10 3250
73 2023-07-11 302 user14 4863
74 2023-07-09 304 user15 1832
75 2023-07-06 403 user11 2405
76 2023-07-07 301 user82 1062
77 2023-07-06 400 user93 9105
78 2023-07-08 307 user61 3381
79 2023-07-10 400 user33 2045
80 2023-07-08 500 user39 7720
81 2023-07-09 200 user91 2515
82 2023-07-09 504 user50 1630
83 2023-07-07 202 user94 7584
84 2023-07-06 503 user94 1177
85 2023-07-09 503 user10 1565
86 2023-07-10 502 user28 7953
87 2023-07-10 204 user78 8573
88 2023-07-07 300 user12 9579
89 2023-07-12 500 user34 7380
90 2023-07-11 204 user11 3987
91 2023-07-09 404 user28 6325
92 2023-07-11 502 user24 8611
93 2023-07-08 403 user64 3718
94 2023-07-08 500 user31 32
95 2023-07-10 504 user20 9339
96 2023-07-09 504 user59 6350
97 2023-07-08 307 user38 9396
98 2023-07-06 406 user61 2630
99 2023-07-08 302 user88 7170
100 2023-07-06 300 user50 460
101 2023-07-11 206 user26 3683
102 2023-07-07 408 user76 8321
103 2023-07-10 410 user41 8371
104 2023-07-07 403 user12 5606
105 2023-07-12 500 user36 1976
106 2023-07-08 503 user25 8605
107 2023-07-11 301 user93 8149
108 2023-07-11 201 user53 8716
109 2023-07-08 307 user67 1668
110 2023-07-08 406 user15 3218
111 2023-07-08 403 user44 2332
112 2023-07-11 403 user74 767
113 2023-07-12 404 user88 3911
114 2023-07-11 304 user56 9723
115 2023-07-06 200 user74 9382
116 2023-07-08 300 user49 7541
117 2023-07-07 401 user67 3137
118 2023-07-11 502 user58 7005
119 2023-07-10 300 user19 6640
120 2023-07-10 302 user72 2923
121 2023-07-06 307 user84 1663
122 2023-07-11 504 user40 2512
123 2023-07-07 300 user9 483
124 2023-07-09 400 user58 5141
125 2023-07-06 500 user9 227
126 2023-07-06 410 user12 131
127 2023-07-06 201 user8 5139
128 2023-07-11 307 user76 246
129 2023-07-06 408 user71 4072
130 2023-07-06 504 user64 23
131 2023-07-10 302 user96 1322
132 2023-07-10 410 user32 2246
133 2023-07-06 403 user42 9110
134 2023-07-07 300 user37 7859
135 2023-07-12 406 user55 3169
136 2023-07-07 200 user21 7175
137 2023-07-10 504 user1 8149
138 2023-07-12 410 user49 3677
139 2023-07-06 302 user23 9010
140 2023-07-06 403 user18 1049
141 2023-07-07 206 user47 9282
142 2023-07-07 204 user19 5005
143 2023-07-12 304 user76 9086
144 2023-07-06 403 user66 5153
145 2023-07-06 307 user69 7332
146 2023-07-08 204 user4 3617
147 2023-07-09 504 user60 2489
148 2023-07-08 206 user10 8711
149 2023-07-12 302 user67 8679
150 2023-07-06 401 user60 7893
151 2023-07-08 206 user61 4380
152 2023-07-09 304 user91 731
153 2023-07-11 410 user57 1016
154 2023-07-11 206 user28 5889
155 2023-07-07 500 user6 8033
156 2023-07-12 201 user82 4552
157 2023-07-10 206 user13 6922
158 2023-07-11 410 user33 1235
159 2023-07-06 400 user40 3213
160 2023-07-12 301 user87 8934
161 2023-07-09 204 user87 3837
162 2023-07-06 302 user4 8021
163 2023-07-07 401 user45 4387
164 2023-07-11 200 user32 5603
165 2023-07-09 400 user14 7564
166 2023-07-06 301 user79 5672
167 2023-07-08 206 user67 3845
168 2023-07-09 504 user47 1963
169 2023-07-08 204 user20 2467
170 2023-07-09 403 user73 6331
171 2023-07-07 307 user25 2843
172 2023-07-12 206 user19 1090
173 2023-07-08 206 user84 9073
174 2023-07-09 204 user55 1639
175 2023-07-08 403 user11 9677
176 2023-07-09 307 user60 3337
177 2023-07-11 504 user57 1038
178 2023-07-11 401 user95 9873
179 2023-07-07 401 user54 5349
180 2023-07-07 400 user68 5823
181 2023-07-09 304 user23 9042
182 2023-07-10 206 user60 8379
183 2023-07-09 307 user99 4540
184 2023-07-12 300 user41 4922
185 2023-07-10 403 user17 7125
186 2023-07-09 408 user3 3132
187 2023-07-11 400 user84 7077
188 2023-07-06 206 user46 2142
189 2023-07-08 400 user61 7559
190 2023-07-06 403 user3 8751
191 2023-07-09 200 user69 8879
192 2023-07-07 504 user63 2603
193 2023-07-12 503 user52 9083
194 2023-07-06 304 user9 4546
195 2023-07-09 502 user62 4423
196 2023-07-06 406 user11 9569
197 2023-07-09 503 user53 1953
198 2023-07-06 403 user59 2708
199 2023-07-10 300 user6 3083
200 2023-07-10 302 user77 172
201 2023-07-11 401 user28 5210
202 2023-07-11 300 user65 6202
203 2023-07-08 504 user18 9590
204 2023-07-09 201 user60 9628
205 2023-07-08 400 user79 7921
206 2023-07-07 404 user51 7204
207 2023-07-12 504 user60 5712
208 2023-07-06 202 user61 95
209 2023-07-07 204 user16 1621
210 2023-07-07 202 user45 6271
211 2023-07-06 304 user54 3697
212 2023-07-08 304 user100 4619
213 2023-07-11 300 user82 7618
214 2023-07-08 408 user100 2686
215 2023-07-09 502 user40 631
216 2023-07-06 503 user52 1988
217 2023-07-12 201 user99 3097
218 2023-07-11 500 user99 3118
219 2023-07-07 300 user22 283
220 2023-07-08 404 user72 9486
221 2023-07-06 204 user43 4734
222 2023-07-07 304 user23 5867
223 2023-07-10 502 user60 2701
224 2023-07-08 307 user77 5710
225 2023-07-08 401 user41 4589
226 2023-07-06 408 user79 9025
227 2023-07-09 504 user10 2688
228 2023-07-11 206 user20 9625
229 2023-07-07 400 user13 6120
230 2023-07-07 503 user63 8180
231 2023-07-06 401 user53 2445
232 2023-07-06 200 user100 1402
233 2023-07-07 500 user98 3009
234 2023-07-09 401 user79 1103
235 2023-07-06 200 user90 8918
236 2023-07-11 202 user49 7335
237 2023-07-06 201 user34 7966
238 2023-07-06 504 user98 5459
239 2023-07-09 403 user50 4700
240 2023-07-07 403 user34 1975
241 2023-07-06 301 user72 61
242 2023-07-12 502 user35 6777
243 2023-07-10 502 user90 4946
244 2023-07-09 301 user65 3252
245 2023-07-06 504 user33 9552
246 2023-07-11 408 user93 799
247 2023-07-08 301 user39 5143
248 2023-07-07 400 user45 5620
249 2023-07-12 300 user48 95
250 2023-07-09 302 user11 4790
251 2023-07-07 403 user23 7553
252 2023-07-09 504 user3 8728
253 2023-07-06 307 user49 8444
254 2023-07-12 400 user23 9532
255 2023-07-11 500 user58 1457
256 2023-07-09 201 user36 9510
257 2023-07-07 500 user36 4143
258 2023-07-12 206 user4 6705
259 2023-07-07 410 user32 8408
260 2023-07-09 202 user3 5961
261 2023-07-08 202 user57 3592
262 2023-07-07 206 user14 3381
263 2023-07-09 307 user30 2874
264 2023-07-08 502 user73 6107
265 2023-07-11 201 user9 1943
266 2023-07-09 401 user60 9174
267 2023-07-07 301 user63 2078
268 2023-07-12 504 user95 3346
269 2023-07-10 401 user73 8215
270 2023-07-06 301 user8 5700
271 2023-07-07 201 user44 729
272 2023-07-08 300 user57 8736
273 2023-07-08 302 user98 4956
274 2023-07-10 204 user62 9128
275 2023-07-07 406 user56 6133
276 2023-07-10 201 user58 5773
277 2023-07-08 504 user64 5019
278 2023-07-11 302 user77 1849
279 2023-07-09 406 user5 6824
280 2023-07-07 504 user94 3719
281 2023-07-07 400 user47 3029
282 2023-07-06 410 user18 1382
283 2023-07-07 307 user100 7857
284 2023-07-10 503 user45 4457
285 2023-07-08 201 user66 5452
286 2023-07-07 202 user34 9400
287 2023-07-06 408 user78 9896
288 2023-07-11 204 user90 8535
289 2023-07-06 204 user10 6495
290 2023-07-12 302 user35 3445
291 2023-07-06 300 user19 3380
292 2023-07-07 502 user84 4834
293 2023-07-09 401 user89 6839
294 2023-07-10 504 user97 5077
295 2023-07-09 204 user46 1187
296 2023-07-09 200 user83 8341
297 2023-07-11 200 user33 5331
298 2023-07-10 404 user81 323
299 2023-07-06 301 user75 355
300 2023-07-06 206 user55 478
301 2023-07-09 406 user10 4509
302 2023-07-06 400 user69 6028
303 2023-07-08 504 user97 8616
304 2023-07-07 503 user60 26
305 2023-07-10 408 user63 5742
306 2023-07-12 206 user81 3735
307 2023-07-06 302 user70 9383
308 2023-07-08 204 user98 8531
309 2023-07-12 206 user85 1625
310 2023-07-06 200 user65 3096
311 2023-07-09 502 user65 4650
312 2023-07-12 410 user97 3380
313 2023-07-07 206 user48 8787
314 2023-07-09 206 user59 766
315 2023-07-12 200 user40 4656
316 2023-07-11 408 user94 7222
317 2023-07-10 301 user71 8512
318 2023-07-12 401 user2 7103
319 2023-07-08 403 user28 1574
320 2023-07-10 400 user92 1732
321 2023-07-11 304 user59 5626
322 2023-07-07 204 user70 3931
323 2023-07-08 304 user66 9243
324 2023-07-08 502 user50 8686
325 2023-07-10 307 user63 5890
326 2023-07-08 301 user84 140
327 2023-07-10 406 user39 9351
328 2023-07-07 200 user38 2104
329 2023-07-12 410 user20 5939
330 2023-07-08 403 user71 2860
331 2023-07-11 410 user72 8490
332 2023-07-09 404 user8 6438
333 2023-07-12 200 user53 8316
334 2023-07-08 204 user12 8831
335 2023-07-10 200 user51 6177
336 2023-07-09 410 user79 8640
337 2023-07-06 202 user20 2169
338 2023-07-06 302 user65 4494
339 2023-07-12 408 user28 8399
340 2023-07-07 408 user39 733
341 2023-07-08 300 user79 7289
342 2023-07-07 400 user32 702
343 2023-07-11 404 user70 7333
344 2023-07-08 307 user77 1465
345 2023-07-10 200 user36 4351
346 2023-07-06 206 user82 431
347 2023-07-09 406 user50 3825
348 2023-07-11 302 user94 4484
349 2023-07-12 302 user99 3662
350 2023-07-12 503 user75 6919
351 2023-07-10 504 user48 8362
352 2023-07-10 301 user15 7780
353 2023-07-08 410 user62 6872
354 2023-07-06 502 user19 5598
355 2023-07-10 201 user27 6072
356 2023-07-10 302 user54 541
357 2023-07-06 401 user63 8042
358 2023-07-09 503 user85 9757
359 2023-07-10 500 user51 36
360 2023-07-11 304 user1 1892
361 2023-07-07 404 user67 945
362 2023-07-12 204 user64 6058
363 2023-07-06 301 user74 5719
364 2023-07-10 206 user66 5055
365 2023-07-11 304 user38 6903
366 2023-07-07 200 user17 7321
367 2023-07-09 301 user21 9401
368 2023-07-12 401 user40 8342
369 2023-07-11 404 user98 1699
370 2023-07-07 204 user9 5762
371 2023-07-07 307 user93 5304
372 2023-07-07 300 user51 4105
373 2023-07-08 500 user88 4148
374 2023-07-08 400 user43 6414
375 2023-07-06 302 user48 4065
376 2023-07-07 502 user74 6274
377 2023-07-11 401 user41 3008
378 2023-07-09 503 user72 8231
379 2023-07-08 304 user40 6680
380 2023-07-12 408 user39 2812
381 2023-07-08 200 user27 4850
382 2023-07-06 408 user36 7187
383 2023-07-10 204 user82 5047
384 2023-07-11 304 user88 5027
385 2023-07-12 403 user64 344
386 2023-07-07 406 user76 5019
387 2023-07-10 307 user48 9022
388 2023-07-07 401 user26 3885
389 2023-07-12 400 user33 1901
390 2023-07-10 400 user59 2393
391 2023-07-09 500 user39 9105
392 2023-07-09 204 user17 8384
393 2023-07-07 502 user23 262
394 2023-07-12 403 user62 4701
395 2023-07-07 202 user74 3636
396 2023-07-12 204 user35 3699
397 2023-07-09 204 user3 9226
398 2023-07-07 503 user3 1958
399 2023-07-12 206 user47 8562
400 2023-07-06 202 user55 7700
401 2023-07-08 200 user32 5337
402 2023-07-11 204 user74 2981
403 2023-07-09 406 user76 1511
404 2023-07-06 400 user29 2037
405 2023-07-09 202 user24 7193
406 2023-07-07 404 user69 5023
407 2023-07-06 307 user4 2152
408 2023-07-11 200 user2 9603
409 2023-07-10 400 user40 8238
410 2023-07-08 408 user12 569
411 2023-07-06 400 user6 2098
412 2023-07-10 201 user89 5812
413 2023-07-07 200 user48 8003
414 2023-07-08 301 user45 893
415 2023-07-07 200 user68 2717
416 2023-07-06 204 user33 994
417 2023-07-08 404 user66 2420
418 2023-07-11 302 user88 808
419 2023-07-09 201 user88 3658
420 2023-07-09 307 user30 7625
421 2023-07-10 401 user38 5957
422 2023-07-12 304 user16 8602
423 2023-07-09 200 user87 1554
424 2023-07-11 401 user85 7866
425 2023-07-09 504 user99 3174
426 2023-07-09 200 user79 1203
427 2023-07-06 302 user79 4935
428 2023-07-09 206 user45 9914
429 2023-07-06 307 user81 5247
430 2023-07-11 301 user73 6241
431 2023-07-09 504 user69 3511
432 2023-07-10 408 user52 8565
433 2023-07-11 401 user63 7420
434 2023-07-09 200 user50 8018
435 2023-07-07 408 user32 9653
436 2023-07-10 301 user19 7869
437 2023-07-07 400 user97 9975
438 2023-07-09 400 user63 8000
439 2023-07-11 406 user80 1735
440 2023-07-10 502 user34 3627
441 2023-07-10 202 user61 8459
442 2023-07-06 200 user20 363
443 2023-07-10 204 user64 2149
444 2023-07-06 200 user19 3659
445 2023-07-11 406 user56 417
446 2023-07-12 410 user56 4191
447 2023-07-12 202 user60 8944
448 2023-07-07 307 user46 2538
449 2023-07-08 206 user43 7153
450 2023-07-10 301 user20 1477
451 2023-07-11 400 user67 7922
452 2023-07-06 307 user84 7233
453 2023-07-06 403 user84 1403
454 2023-07-08 304 user94 3165
455 2023-07-11 302 user91 9196
456 2023-07-10 408 user37 4386
457 2023-07-12 403 user17 6180
458 2023-07-11 403 user24 1384
459 2023-07-06 504 user12 9589
460 2023-07-12 400 user11 3745
461 2023-07-06 206 user29 3879
462 2023-07-09 504 user72 8027
463 2023-07-10 504 user86 8983
464 2023-07-08 300 user43 8698
465 2023-07-11 202 user29 1677
466 2023-07-07 206 user17 8415
467 2023-07-11 200 user26 6402
468 2023-07-11 302 user57 1081
469 2023-07-11 302 user66 1065
470 2023-07-08 404 user99 3860
471 2023-07-12 301 user63 7855
472 2023-07-12 400 user21 9950
473 2023-07-08 307 user57 5283
474 2023-07-06 503 user56 2111
475 2023-07-06 400 user26 5544
476 2023-07-06 502 user99 342
477 2023-07-07 202 user1 6508
478 2023-07-12 307 user79 845
479 2023-07-08 302 user76 6021
480 2023-07-10 504 user72 6014
481 2023-07-06 202 user34 2949
482 2023-07-08 204 user4 6210
483 2023-07-12 502 user36 1911
484 2023-07-10 410 user59 2302
485 2023-07-08 304 user90 7431
486 2023-07-06 301 user62 4960
487 2023-07-06 400 user13 5350
488 2023-07-10 307 user43 7558
489 2023-07-07 500 user86 9294
490 2023-07-10 206 user82 8956
491 2023-07-08 206 user4 9694
492 2023-07-09 401 user25 2791
493 2023-07-10 406 user20 8791
494 2023-07-07 301 user73 1565
495 2023-07-12 201 user85 8087
496 2023-07-07 204 user6 2511
497 2023-07-12 410 user27 5447
498 2023-07-07 502 user76 9558
499 2023-07-06 406 user77 1350
500 2023-07-11 410 user18 2986
501 2023-07-10 307 user47 4438
502 2023-07-09 202 user10 6292
503 2023-07-10 302 user39 9258
504 2023-07-09 403 user48 7222
505 2023-07-11 408 user85 3459
506 2023-07-10 307 user94 9738
507 2023-07-08 302 user84 649
508 2023-07-06 404 user32 27
509 2023-07-06 202 user81 8844
510 2023-07-11 206 user45 4241
511 2023-07-07 300 user75 3577
512 2023-07-12 403 user42 1551
513 2023-07-09 204 user12 2595
514 2023-07-12 307 user28 9973
515 2023-07-06 408 user11 4787
516 2023-07-08 500 user76 1695
517 2023-07-10 304 user96 3378
518 2023-07-10 201 user22 9282
519 2023-07-08 200 user34 9
520 2023-07-11 500 user6 2711
521 2023-07-11 307 user67 455
522 2023-07-07 204 user80 2148
523 2023-07-11 500 user18 1752
524 2023-07-09 206 user6 5906
525 2023-07-09 300 user12 2888
526 2023-07-11 504 user86 5725
527 2023-07-12 502 user60 345
528 2023-07-06 503 user62 926
529 2023-07-08 301 user2 4096
530 2023-07-09 404 user15 8154
531 2023-07-12 202 user70 8526
532 2023-07-10 500 user15 9104
533 2023-07-08 202 user65 4343
534 2023-07-09 502 user52 6679
535 2023-07-08 403 user17 9454
536 2023-07-06 403 user44 4166
537 2023-07-10 302 user90 735
538 2023-07-08 406 user28 7296
539 2023-07-12 403 user53 1057
540 2023-07-12 504 user8 6366
541 2023-07-08 201 user76 757
542 2023-07-11 503 user29 60
543 2023-07-10 404 user46 7415
544 2023-07-08 502 user83 5912
545 2023-07-06 301 user2 602
546 2023-07-07 202 user89 8380
547 2023-07-10 504 user21 6656
548 2023-07-06 500 user95 5178
549 2023-07-11 406 user92 7300
550 2023-07-06 200 user78 2766
551 2023-07-07 410 user92 2808
552 2023-07-10 502 user96 3299
553 2023-07-08 206 user87 4380
554 2023-07-09 400 user50 7342
555 2023-07-09 301 user17 4397
556 2023-07-07 200 user52 964
557 2023-07-08 300 user50 8358
558 2023-07-07 408 user63 2272
559 2023-07-06 408 user44 6526
560 2023-07-12 410 user25 269
561 2023-07-06 202 user74 6132
562 2023-07-07 500 user87 1422
563 2023-07-06 200 user80 1641
564 2023-07-08 400 user28 8385
565 2023-07-11 404 user15 3444
566 2023-07-09 406 user13 1645
567 2023-07-07 304 user76 8762
568 2023-07-08 408 user99 8028
569 2023-07-06 502 user87 9798
570 2023-07-09 301 user64 51
571 2023-07-06 401 user93 460
572 2023-07-12 300 user3 6399
573 2023-07-07 201 user70 8974
574 2023-07-06 503 user21 3081
575 2023-07-08 502 user9 4811
576 2023-07-10 302 user99 635
577 2023-07-07 307 user51 2409
578 2023-07-06 400 user37 9832
579 2023-07-11 206 user41 8214
580 2023-07-06 307 user83 5694
581 2023-07-10 400 user59 4903
582 2023-07-09 502 user36 6869
583 2023-07-10 307 user81 3918
584 2023-07-07 400 user62 901
585 2023-07-10 404 user84 6300
586 2023-07-08 304 user3 6015
587 2023-07-08 502 user33 8278
588 2023-07-06 301 user60 6951
589 2023-07-10 204 user28 6448
590 2023-07-08 202 user38 5635
591 2023-07-06 401 user88 633
592 2023-07-12 401 user98 9967
593 2023-07-09 206 user63 6905
594 2023-07-09 410 user39 5186
595 2023-07-06 503 user63 1657
596 2023-07-10 400 user68 9585
597 2023-07-10 206 user80 3132
598 2023-07-10 300 user6 9725
599 2023-07-06 206 user72 18
600 2023-07-09 408 user69 3564
601 2023-07-12 500 user74 6425
602 2023-07-10 302 user13 9507
603 2023-07-08 410 user46 3787
604 2023-07-12 300 user24 5256
605 2023-07-10 500 user65 3178
606 2023-07-12 300 user68 3968
607 2023-07-06 401 user85 3675
608 2023-07-11 401 user5 5801
609 2023-07-08 200 user99 3572
610 2023-07-09 406 user98 6587
611 2023-07-10 300 user9 269
612 2023-07-07 500 user60 8805
613 2023-07-12 204 user46 3055
614 2023-07-12 404 user49 6240
615 2023-07-07 503 user87 5718
616 2023-07-08 400 user57 582
617 2023-07-10 502 user54 3363
618 2023-07-12 406 user16 528
619 2023-07-08 200 user40 3547
620 2023-07-10 406 user39 6424
621 2023-07-11 301 user6 8180
622 2023-07-11 502 user52 1877
623 2023-07-10 202 user13 8627
624 2023-07-08 503 user98 8363
625 2023-07-07 200 user95 4527
626 2023-07-10 201 user27 5927
627 2023-07-11 404 user52 6813
628 2023-07-07 200 user67 3691
629 2023-07-11 302 user49 76
630 2023-07-08 304 user82 8248
631 2023-07-06 403 user20 3063
632 2023-07-09 502 user18 8767
633 2023-07-11 204 user70 3014
634 2023-07-08 500 user81 2635
635 2023-07-10 401 user29 1045
636 2023-07-06 400 user76 9695
637 2023-07-09 502 user26 5966
638 2023-07-12 202 user14 1927
639 2023-07-07 304 user54 3703
640 2023-07-07 307 user6 4556
641 2023-07-06 404 user8 7964
642 2023-07-11 401 user92 3612
643 2023-07-09 404 user99 6251
644 2023-07-07 404 user30 1932
645 2023-07-06 206 user87 4453
646 2023-07-06 400 user33 9904
647 2023-07-06 300 user69 9875
648 2023-07-09 503 user6 9673
649 2023-07-10 206 user41 5778
650 2023-07-06 406 user33 4520
651 2023-07-07 307 user50 7443
652 2023-07-09 307 user35 5917
653 2023-07-08 206 user19 9545
654 2023-07-10 500 user65 3293
655 2023-07-12 307 user20 891
656 2023-07-11 204 user33 5856
657 2023-07-09 500 user42 1697
658 2023-07-08 408 user44 3383
659 2023-07-06 304 user78 7626
660 2023-07-07 404 user28 2375
661 2023-07-11 202 user46 9169
662 2023-07-12 307 user34 8135
663 2023-07-06 404 user77 8371
664 2023-07-12 410 user9 1381
665 2023-07-10 204 user11 3296
666 2023-07-10 408 user48 1020
667 2023-07-12 406 user74 7550
668 2023-07-06 404 user26 7407
669 2023-07-12 201 user56 6228
670 2023-07-10 406 user24 9931
671 2023-07-12 400 user7 3279
672 2023-07-06 307 user48 6607
673 2023-07-12 504 user39 5664
674 2023-07-11 307 user79 833
675 2023-07-07 300 user76 6377
676 2023-07-07 401 user36 8650
677 2023-07-10 206 user30 1123
678 2023-07-06 204 user43 4024
679 2023-07-12 403 user86 7812
680 2023-07-06 406 user11 4180
681 2023-07-10 300 user74 3340
682 2023-07-10 503 user72 7751
683 2023-07-11 404 user36 8721
684 2023-07-06 410 user40 2678
685 2023-07-06 502 user56 1628
686 2023-07-11 500 user52 1287
687 2023-07-06 307 user93 6663
688 2023-07-11 502 user12 7959
689 2023-07-10 408 user30 9676
690 2023-07-12 301 user64 3767
691 2023-07-07 503 user46 4231
692 2023-07-06 504 user67 6022
693 2023-07-09 200 user17 9507
694 2023-07-11 503 user54 9459
695 2023-07-10 307 user85 9107
696 2023-07-12 504 user1 8952
697 2023-07-06 502 user84 4692
698 2023-07-12 403 user91 5869
699 2023-07-09 300 user35 7448
700 2023-07-09 400 user75 7175
701 2023-07-12 300 user67 8272
702 2023-07-06 401 user66 8208
703 2023-07-08 302 user89 9138
704 2023-07-06 301 user29 9110
705 2023-07-11 300 user83 203
706 2023-07-08 504 user69 3130
707 2023-07-09 206 user55 1443
708 2023-07-09 301 user57 7202
709 2023-07-12 504 user27 1199
710 2023-07-08 301 user52 8385
711 2023-07-07 410 user61 3746
712 2023-07-12 502 user23 8213
713 2023-07-06 504 user72 337
714 2023-07-06 302 user61 3300
715 2023-07-11 500 user82 5496
716 2023-07-08 302 user71 2875
717 2023-07-09 502 user41 9560
718 2023-07-08 206 user84 4485
719 2023-07-06 200 user78 7334
720 2023-07-09 404 user9 4603
721 2023-07-12 401 user65 269
722 2023-07-12 307 user11 7576
723 2023-07-11 400 user58 437
724 2023-07-10 204 user45 8180
725 2023-07-12 500 user28 5730
726 2023-07-07 406 user51 9256
727 2023-07-06 408 user90 8503
728 2023-07-11 301 user45 1364
729 2023-07-07 503 user85 4307
730 2023-07-12 404 user45 8719
731 2023-07-06 408 user92 7660
732 2023-07-09 500 user44 5024
733 2023-07-06 301 user40 8690
734 2023-07-09 202 user41 7890
735 2023-07-08 302 user55 6225
736 2023-07-09 504 user17 1029
737 2023-07-08 304 user21 9724
738 2023-07-12 503 user31 9458
739 2023-07-06 202 user31 2045
740 2023-07-07 302 user94 5562
741 2023-07-11 300 user66 161
742 2023-07-09 302 user84 5200
743 2023-07-11 302 user42 6422
744 2023-07-12 406 user61 3747
745 2023-07-07 406 user13 2285
746 2023-07-11 202 user1 4424
747 2023-07-11 404 user80 8781
748 2023-07-09 307 user91 2002
749 2023-07-08 406 user95 765
750 2023-07-08 201 user66 1340
751 2023-07-11 301 user13 6159
752 2023-07-09 201 user75 9482
753 2023-07-06 403 user19 8293
754 2023-07-11 504 user69 6177
755 2023-07-10 408 user22 8968
756 2023-07-10 200 user82 9740
757 2023-07-06 204 user81 2475
758 2023-07-11 400 user3 437
759 2023-07-11 204 user5 7068
760 2023-07-08 206 user96 3983
761 2023-07-10 408 user72 9346
762 2023-07-10 304 user89 9671
763 2023-07-12 200 user61 1986
764 2023-07-10 400 user24 4573
765 2023-07-06 301 user100 973
766 2023-07-08 300 user9 6671
767 2023-07-06 401 user15 8255
768 2023-07-11 502 user58 6279
769 2023-07-12 300 user70 5963
770 2023-07-12 403 user91 3731
771 2023-07-08 201 user85 3131
772 2023-07-09 304 user10 2323
773 2023-07-12 301 user92 8328
774 2023-07-07 408 user34 970
775 2023-07-11 504 user32 292
776 2023-07-11 404 user37 7045
777 2023-07-09 302 user72 6058
778 2023-07-11 400 user51 9340
779 2023-07-10 204 user79 6296
780 2023-07-10 502 user79 3102
781 2023-07-09 404 user11 1340
782 2023-07-12 206 user38 4478
783 2023-07-11 504 user82 8823
784 2023-07-10 401 user35 4594
785 2023-07-12 408 user43 966
786 2023-07-08 202 user3 3065
787 2023-07-08 408 user76 6253
788 2023-07-06 206 user78 1842
789 2023-07-11 307 user25 4064
790 2023-07-10 502 user70 5665
791 2023-07-10 410 user69 2477
792 2023-07-10 401 user13 9015
793 2023-07-11 503 user75 519
794 2023-07-06 302 user31 2063
795 2023-07-12 401 user28 8916
796 2023-07-06 401 user79 909
797 2023-07-10 406 user60 7848
798 2023-07-09 410 user69 1968
799 2023-07-11 400 user20 9999
800 2023-07-07 200 user15 9067
801 2023-07-11 301 user90 5674
802 2023-07-08 304 user35 3816
803 2023-07-08 502 user24 8653
804 2023-07-08 403 user71 4858
805 2023-07-11 404 user12 561
806 2023-07-10 300 user35 2996
807 2023-07-08 500 user1 1336
808 2023-07-10 403 user40 4199
809 2023-07-08 206 user87 877
810 2023-07-08 404 user13 2508
811 2023-07-12 302 user44 6432
812 2023-07-10 202 user86 7532
813 2023-07-10 406 user89 7469
814 2023-07-07 500 user45 7545
815 2023-07-12 500 user15 3432
816 2023-07-06 202 user70 535
817 2023-07-08 502 user5 6379
818 2023-07-10 502 user6 6894
819 2023-07-10 206 user22 8071
820 2023-07-12 401 user97 8449
821 2023-07-11 410 user54 818
822 2023-07-06 307 user4 6412
823 2023-07-08 401 user28 9548
824 2023-07-09 502 user67 8242
825 2023-07-10 202 user70 3877
826 2023-07-09 304 user53 9606
827 2023-07-09 302 user22 2968
828 2023-07-07 301 user28 3530
829 2023-07-10 206 user23 7919
830 2023-07-09 204 user96 97
831 2023-07-12 410 user82 370
832 2023-07-08 301 user28 167
833 2023-07-09 401 user46 8800
834 2023-07-11 301 user100 1314
835 2023-07-12 503 user31 6100
836 2023-07-12 503 user35 7499
837 2023-07-10 403 user56 9840
838 2023-07-09 502 user1 6965
839 2023-07-06 502 user64 6226
840 2023-07-07 503 user97 1394
841 2023-07-11 307 user19 6933
842 2023-07-09 204 user44 5536
843 2023-07-10 302 user48 3735
844 2023-07-12 201 user36 3844
845 2023-07-09 403 user14 6719
846 2023-07-08 301 user73 4533
847 2023-07-10 200 user66 7749
848 2023-07-08 206 user78 5734
849 2023-07-12 404 user21 6774
850 2023-07-06 307 user24 7794
851 2023-07-06 406 user24 4106
852 2023-07-12 307 user53 539
853 2023-07-09 504 user44 8688
854 2023-07-08 201 user38 8002
855 2023-07-08 410 user22 8044
856 2023-07-08 406 user14 9755
857 2023-07-06 401 user32 6029
858 2023-07-06 302 user95 9856
859 2023-07-09 401 user98 5985
860 2023-07-06 406 user74 6520
861 2023-07-09 300 user75 2433
862 2023-07-09 400 user93 4439
863 2023-07-10 201 user95 4283
864 2023-07-07 206 user97 9856
865 2023-07-12 304 user30 3860
866 2023-07-11 206 user63 5654
867 2023-07-06 304 user98 7003
868 2023-07-07 502 user88 6782
869 2023-07-11 204 user10 4673
870 2023-07-12 202 user13 1654
871 2023-07-11 408 user1 9894
872 2023-07-06 300 user3 9001
873 2023-07-10 304 user8 8591
874 2023-07-12 403 user84 7305
875 2023-07-11 307 user32 7944
876 2023-07-07 503 user20 6270
877 2023-07-07 300 user59 4365
878 2023-07-08 200 user22 2951
879 2023-07-08 410 user71 6345
880 2023-07-12 400 user65 5906
881 2023-07-06 504 user49 8024
882 2023-07-07 204 user67 3689
883 2023-07-06 503 user53 4834
884 2023-07-12 204 user70 8447
885 2023-07-12 408 user25 9326
886 2023-07-10 300 user39 8865
887 2023-07-07 406 user34 8708
888 2023-07-10 302 user36 6429
889 2023-07-12 200 user71 9777
890 2023-07-08 504 user11 5831
891 2023-07-12 302 user31 5593
892 2023-07-09 408 user12 8579
893 2023-07-11 300 user95 1772
894 2023-07-10 404 user9 1456
895 2023-07-08 200 user96 263
896 2023-07-06 503 user4 4074
897 2023-07-09 300 user53 4346
898 2023-07-10 200 user47 8683
899 2023-07-08 500 user43 7685
900 2023-07-11 406 user81 8439
901 2023-07-12 302 user86 5563
902 2023-07-08 401 user71 8743
903 2023-07-10 403 user11 8867
904 2023-07-11 400 user70 1149
905 2023-07-07 206 user44 9880
906 2023-07-12 504 user40 7934
907 2023-07-10 401 user61 9398
908 2023-07-12 403 user23 7804
909 2023-07-10 404 user39 3127
910 2023-07-06 301 user82 4344
911 2023-07-12 301 user1 9767
912 2023-07-10 404 user34 6693
913 2023-07-09 201 user20 1687
914 2023-07-10 403 user24 341
915 2023-07-09 202 user19 7634
916 2023-07-10 400 user71 2482
917 2023-07-10 300 user65 4479
918 2023-07-07 206 user3 6845
919 2023-07-12 300 user88 6436
920 2023-07-06 404 user23 9857
921 2023-07-07 204 user84 2566
922 2023-07-10 307 user13 3317
923 2023-07-11 304 user5 6948
924 2023-07-06 300 user58 3640
925 2023-07-07 500 user61 8901
926 2023-07-12 300 user40 7912
927 2023-07-07 304 user26 9737
928 2023-07-10 404 user25 113
929 2023-07-09 403 user68 7662
930 2023-07-10 400 user63 155
931 2023-07-12 410 user92 807
932 2023-07-12 403 user32 1531
933 2023-07-07 201 user49 339
934 2023-07-12 302 user90 7209
935 2023-07-09 204 user34 262
936 2023-07-12 504 user84 2635
937 2023-07-10 504 user62 4127
938 2023-07-08 502 user37 9846
939 2023-07-06 504 user59 5053
940 2023-07-12 200 user51 3296
941 2023-07-08 404 user41 9611
942 2023-07-11 202 user74 1086
943 2023-07-07 400 user53 3127
944 2023-07-08 504 user58 5383
945 2023-07-06 200 user100 1179
946 2023-07-08 400 user25 2599
947 2023-07-06 200 user40 4192
948 2023-07-07 500 user41 5876
949 2023-07-11 503 user7 5748
950 2023-07-11 400 user93 2370
951 2023-07-12 404 user48 7077
952 2023-07-10 302 user6 2611
953 2023-07-10 503 user90 2220
954 2023-07-08 200 user22 9291
955 2023-07-06 204 user71 4351
956 2023-07-11 500 user49 6
957 2023-07-07 206 user87 1259
958 2023-07-12 401 user51 1840
959 2023-07-12 400 user95 1537
960 2023-07-08 406 user78 4926
961 2023-07-07 502 user36 5694
962 2023-07-09 400 user18 9201
963 2023-07-10 300 user97 6990
964 2023-07-09 504 user13 9806
965 2023-07-10 200 user35 4123
966 2023-07-07 403 user63 3951
967 2023-07-12 503 user27 8695
968 2023-07-12 204 user66 7653
969 2023-07-09 500 user72 1698
970 2023-07-10 301 user22 1334
971 2023-07-07 500 user64 2359
972 2023-07-10 500 user79 2470
973 2023-07-07 200 user12 5298
974 2023-07-08 504 user3 9482
975 2023-07-12 401 user85 1360
976 2023-07-06 201 user78 1180
977 2023-07-09 504 user68 652
978 2023-07-07 406 user16 6685
979 2023-07-09 206 user47 5536
980 2023-07-07 502 user59 9323
981 2023-07-08 408 user54 9404
982 2023-07-07 500 user30 900
983 2023-07-06 500 user99 73
984 2023-07-10 403 user42 3110
985 2023-07-11 304 user38 8996
986 2023-07-12 206 user54 3759
987 2023-07-08 504 user54 2583
988 2023-07-12 503 user56 1939
989 2023-07-08 200 user76 9273
990 2023-07-12 206 user94 5834
991 2023-07-12 410 user61 406
992 2023-07-10 404 user47 651
993 2023-07-12 200 user73 8283
994 2023-07-12 200 user70 8657
995 2023-07-11 503 user55 2333
996 2023-07-10 200 user73 1616
997 2023-07-07 307 user34 5761
998 2023-07-11 401 user99 4863
999 2023-07-09 500 user32 3964
1000 2023-07-11 400 user64 4921
