1 2023-07-11 403 user95 9308
2 2023-07-09 404 user62 6354
3 2023-07-07 206 user77 7801
4 2023-07-08 403 user99 3908
5 2023-07-07 200 user98 3880
6 2023-07-10 301 user35 7641
7 2023-07-11 408 user34 3500
8 2023-07-09 406 user68 5348
9 2023-07-10 400 user64 4911
10 2023-07-07 206 user26 7106
11 2023-07-09 406 user68 7211
12 2023-07-11 206 user94 7854
13 2023-07-09 304 user81 3364
14 2023-07-11 204 user96 715
15 2023-07-06 307 user19 7600
16 2023-07-11 304 user42 1949
17 2023-07-12 304 user61 3127
18 2023-07-08 400 user80 7928
19 2023-07-06 400 user21 7848
20 2023-07-08 302 user38 7495
21 2023-07-07 302 user25 5691
22 2023-07-11 201 user68 7844
23 2023-07-07 403 user40 5522
24 2023-07-06 206 user52 9235
25 2023-07-06 500 user71 2545
26 2023-07-09 304 user23 7627
27 2023-07-08 301 user80 7622
28 2023-07-08 302 user93 4403
29 2023-07-08 404 user88 7954
30 2023-07-08 500 user40 7822
31 2023-07-08 301 user28 3727
32 2023-07-11 302 user8 1618
33 2023-07-07 304 user63 95
34 2023-07-08 206 user78 6457
35 2023-07-06 500 user99 7124
36 2023-07-10 404 user8 5415
37 2023-07-10 300 user38 2296
38 2023-07-12 408 user78 3142
39 2023-07-06 302 user96 7823
40 2023-07-07 401 user1 3286
41 2023-07-09 400 user52 1338
42 2023-07-06 500 user79 179
43 2023-07-07 206 user89 8433
44 2023-07-09 206 user21 9219
45 2023-07-08 201 user35 8680
46 2023-07-12 200 user29 270
47 2023-07-10 201 user5 8980
48 2023-07-06 408 user80 9204
49 2023-07-09 502 user76 9544
50 2023-07-06 201 user66 7735
51 2023-07-09 302 user99 4927
52 2023-07-12 503 user40 7376
53 2023-07-06 503 user24 7427
54 2023-07-08 307 user39 4458
55 2023-07-09 504 user68 4479
56 2023-07-09 408 user71 6346
57 2023-07-12 403 user90 977
58 2023-07-12 503 user2 1661
59 2023-07-08 301 user3 9610
60 2023-07-07 307 user47 5191
61 2023-07-08 302 user73 5035
62 2023-07-11 406 user77 5111
63 2023-07-11 301 user42 6107
64 2023-07-12 302 user63 1109
65 2023-07-06 408 user20 1513
66 2023-07-11 204 user47 1741
67 2023-07-09 200 user92 786
68 2023-07-08 400 user53 4793
69 2023-07-10 502 user73 6280
70 2023-07-07 300 user91 7958
71 2023-07-08 403 user85 2512
72 2023-07-10 200 user34 2064
73 2023-07-11 406 user25 2683
74 2023-07-11 403 user92 1968
75 2023-07-06 406 user87 9587
76 2023-07-11 410 user35 9282
77 2023-07-08 403 user84 5433
78 2023-07-09 503 user65 1485
79 2023-07-09 503 user39 7833
80 2023-07-08 302 user20 853
81 2023-07-07 206 user93 461
82 2023-07-07 202 user81 3782
83 2023-07-08 300 user85 9528
84 2023-07-08 201 user82 2545
85 2023-07-09 301 user35 7961
86 2023-07-09 200 user55 6760
87 2023-07-07 403 user64 7250
88 2023-07-07 204 user48 8608
89 2023-07-08 204 user53 5526
90 2023-07-11 302 user29 2763
91 2023-07-09 307 user48 6427
92 2023-07-07 307 user54 4221
93 2023-07-08 408 user78 3563
94 2023-07-09 302 user74 5679
95 2023-07-12 204 user29 5370
96 2023-07-07 200 user98 3318
97 2023-07-07 200 user93 7282
98 2023-07-08 504 user25 1542
99 2023-07-07 503 user53 9512
100 2023-07-06 202 user75 1200
101 2023-07-11 300 user91 6683
102 2023-07-06 401 user89 9585
103 2023-07-06 403 user37 7613
104 2023-07-09 202 user12 3315
105 2023-07-12 404 user9 4339
106 2023-07-06 301 user14 3258
107 2023-07-12 502 user48 9137
108 2023-07-10 202 user50 5529
109 2023-07-11 300 user54 9886
110 2023-07-06 410 user17 8626
111 2023-07-06 401 user71 8118
112 2023-07-06 307 user13 7148
113 2023-07-11 300 user60 2855
114 2023-07-07 410 user82 1050
115 2023-07-06 502 user18 5021
116 2023-07-10 304 user20 2224
117 2023-07-11 307 user2 5816
118 2023-07-10 404 user74 3094
119 2023-07-08 504 user92 1658
120 2023-07-11 201 user13 2327
121 2023-07-07 400 user14 3177
122 2023-07-07 504 user5 4023
123 2023-07-08 300 user89 6239
124 2023-07-07 302 user61 1713
125 2023-07-10 202 user58 1087
126 2023-07-06 404 user7 8544
127 2023-07-07 202 user52 8018
128 2023-07-12 500 user12 3388
129 2023-07-07 206 user18 2610
130 2023-07-12 403 user62 8009
131 2023-07-11 500 user92 3146
132 2023-07-09 201 user1 5737
133 2023-07-10 204 user13 5654
134 2023-07-11 206 user23 8291
135 2023-07-09 410 user2 6344
136 2023-07-08 500 user55 9053
137 2023-07-11 406 user49 6466
138 2023-07-07 404 user72 848
139 2023-07-06 206 user67 959
140 2023-07-12 403 user34 4969
141 2023-07-07 206 user28 4129
142 2023-07-11 403 user96 5063
143 2023-07-07 401 user20 4386
144 2023-07-10 202 user83 4222
145 2023-07-06 401 user10 7860
146 2023-07-11 204 user74 5262
147 2023-07-07 201 user51 9220
148 2023-07-08 206 user40 1790
149 2023-07-08 503 user59 8625
150 2023-07-12 400 user11 2431
151 2023-07-07 503 user24 3958
152 2023-07-10 204 user76 3250
153 2023-07-07 406 user82 4099
154 2023-07-07 307 user76 6148
155 2023-07-06 404 user21 554
156 2023-07-06 307 user94 3751
157 2023-07-06 300 user2 258
158 2023-07-07 403 user41 2149
159 2023-07-12 304 user51 7890
160 2023-07-07 403 user32 5536
161 2023-07-06 406 user72 2486
162 2023-07-12 201 user74 876
163 2023-07-12 200 user51 1797
164 2023-07-09 401 user82 1023
165 2023-07-08 500 user74 4807
166 2023-07-07 502 user91 730
167 2023-07-06 304 user6 3474
168 2023-07-12 300 user20 9032
169 2023-07-08 400 user96 2516
170 2023-07-11 504 user65 7328
171 2023-07-09 503 user92 7405
172 2023-07-12 500 user41 5821
173 2023-07-11 401 user16 9117
174 2023-07-09 504 user91 6264
175 2023-07-10 300 user99 8668
176 2023-07-09 400 user9 1603
177 2023-07-07 502 user33 5020
178 2023-07-12 401 user37 6389
179 2023-07-10 200 user85 2689
180 2023-07-09 408 user82 8536
181 2023-07-11 202 user69 8644
182 2023-07-06 410 user30 8161
183 2023-07-07 502 user94 8443
184 2023-07-08 500 user57 4793
185 2023-07-07 400 user8 5047
186 2023-07-11 403 user10 5134
187 2023-07-11 206 user67 7191
188 2023-07-06 206 user76 1976
189 2023-07-10 200 user29 6987
190 2023-07-11 201 user21 4081
191 2023-07-08 304 user5 5995
192 2023-07-09 200 user27 2942
193 2023-07-06 200 user25 7386
194 2023-07-12 300 user57 1486
195 2023-07-08 206 user46 681
196 2023-07-10 403 user51 6962
197 2023-07-08 403 user6 4881
198 2023-07-12 200 user17 7329
199 2023-07-10 408 user35 9413
200 2023-07-09 408 user93 7550
201 2023-07-08 503 user41 561
202 2023-07-06 406 user71 2481
203 2023-07-06 410 user80 5166
204 2023-07-09 302 user20 3250
205 2023-07-10 403 user45 2722
206 2023-07-12 410 user19 8892
207 2023-07-07 401 user41 1619
208 2023-07-06 406 user30 8949
209 2023-07-07 401 user67 2925
210 2023-07-09 206 user88 3926
211 2023-07-08 403 user41 6182
212 2023-07-06 300 user14 641
213 2023-07-06 200 user9 7042
214 2023-07-12 302 user57 956
215 2023-07-06 401 user68 7229
216 2023-07-07 503 user60 2016
217 2023-07-08 201 user4 7737
218 2023-07-10 504 user90 2006
219 2023-07-09 400 user57 8178
220 2023-07-07 500 user16 2182
221 2023-07-08 502 user62 5337
222 2023-07-11 410 user15 9486
223 2023-07-08 502 user66 6254
224 2023-07-06 406 user10 5212
225 2023-07-06 302 user89 6393
226 2023-07-11 302 user86 474
227 2023-07-07 304 user5 7215
228 2023-07-06 500 user52 3255
229 2023-07-08 300 user72 180
230 2023-07-08 202 user11 7179
231 2023-07-09 300 user44 9691
232 2023-07-12 403 user57 1234
233 2023-07-09 300 user22 5685
234 2023-07-08 200 user64 1623
235 2023-07-12 502 user37 968
236 2023-07-07 410 user34 6404
237 2023-07-06 502 user78 3006
238 2023-07-06 504 user96 7698
239 2023-07-10 304 user5 6309
240 2023-07-11 400 user49 34
241 2023-07-11 202 user86 7723
242 2023-07-06 406 user4 6948
243 2023-07-11 400 user19 5020
244 2023-07-12 302 user19 8485
245 2023-07-06 202 user82 4222
246 2023-07-07 410 user69 7033
247 2023-07-08 406 user41 9513
248 2023-07-10 204 user2 6128
249 2023-07-06 408 user94 4510
250 2023-07-06 307 user94 9286
251 2023-07-07 502 user13 9730
252 2023-07-07 406 user6 250
253 2023-07-06 500 user61 3608
254 2023-07-10 300 user95 9080
255 2023-07-06 404 user4 5158
256 2023-07-11 406 user65 435
257 2023-07-11 301 user90 1683
258 2023-07-11 500 user93 923
259 2023-07-10 201 user83 1431
260 2023-07-08 403 user1 1613
261 2023-07-10 500 user49 5148
262 2023-07-09 404 user14 1753
263 2023-07-07 404 user3 1219
264 2023-07-12 302 user100 1860
265 2023-07-10 307 user46 4964
266 2023-07-10 410 user10 825
267 2023-07-09 200 user78 1110
268 2023-07-12 307 user81 7565
269 2023-07-09 401 user47 4742
270 2023-07-12 403 user44 3840
271 2023-07-08 204 user95 5868
272 2023-07-10 503 user85 2272
273 2023-07-11 408 user50 644
274 2023-07-09 201 user64 5406
275 2023-07-10 504 user62 9470
276 2023-07-07 204 user98 4411
277 2023-07-11 204 user45 6262
278 2023-07-12 204 user41 8647
279 2023-07-10 404 user19 7605
280 2023-07-06 504 user58 361
281 2023-07-10 307 user50 6122
282 2023-07-12 503 user69 8747
283 2023-07-12 307 user88 3461
284 2023-07-12 307 user3 1661
285 2023-07-11 408 user85 9051
286 2023-07-08 206 user17 3841
287 2023-07-06 201 user84 9500
288 2023-07-12 304 user79 583
289 2023-07-08 401 user37 1879
290 2023-07-11 403 user81 8242
291 2023-07-11 500 user43 115
292 2023-07-09 410 user32 8102
293 2023-07-11 403 user81 9316
294 2023-07-06 502 user83 9797
295 2023-07-11 307 user85 6123
296 2023-07-11 500 user13 8936
297 2023-07-08 300 user50 7730
298 2023-07-12 404 user26 9127
299 2023-07-08 304 user13 9756
300 2023-07-08 400 user20 7361
301 2023-07-06 200 user70 4865
302 2023-07-09 204 user58 6515
303 2023-07-09 206 user3 801
304 2023-07-08 410 user95 3991
305 2023-07-12 406 user48 4043
306 2023-07-10 202 user62 8459
307 2023-07-06 202 user46 1009
308 2023-07-06 500 user49 8445
309 2023-07-10 410 user64 5947
310 2023-07-12 206 user6 9351
311 2023-07-08 400 user87 3357
312 2023-07-12 500 user83 9546
313 2023-07-10 307 user31 9794
314 2023-07-07 200 user37 7418
315 2023-07-09 300 user4 5510
316 2023-07-09 202 user86 5715
317 2023-07-07 401 user76 1627
318 2023-07-07 408 user37 7096
319 2023-07-11 201 user100 1656
320 2023-07-09 403 user60 8373
321 2023-07-10 307 user74 188
322 2023-07-08 307 user70 3890
323 2023-07-09 504 user71 7349
324 2023-07-06 401 user64 1713
325 2023-07-11 301 user85 2139
326 2023-07-06 504 user95 1445
327 2023-07-12 406 user25 3748
328 2023-07-12 301 user99 9008
329 2023-07-12 404 user47 9456
330 2023-07-06 202 user8 3118
331 2023-07-10 401 user29 2327
332 2023-07-12 200 user66 6907
333 2023-07-07 206 user80 5384
334 2023-07-12 502 user58 5663
335 2023-07-07 204 user77 2667
336 2023-07-06 200 user2 6442
337 2023-07-10 504 user51 2515
338 2023-07-08 504 user2 7542
339 2023-07-06 400 user51 2981
340 2023-07-07 302 user22 3570
341 2023-07-08 206 user55 5666
342 2023-07-09 410 user40 7887
343 2023-07-08 206 user78 1567
344 2023-07-06 200 user47 2088
345 2023-07-07 410 user29 3332
346 2023-07-10 302 user23 7105
347 2023-07-11 401 user20 5518
348 2023-07-09 204 user43 7987
349 2023-07-11 401 user49 9134
350 2023-07-12 300 user95 9788
351 2023-07-11 206 user15 9061
352 2023-07-06 304 user61 2032
353 2023-07-08 400 user42 3731
354 2023-07-12 307 user49 5767
355 2023-07-11 200 user97 3258
356 2023-07-08 502 user41 3131
357 2023-07-10 304 user5 776
358 2023-07-11 400 user11 8706
359 2023-07-10 307 user24 925
360 2023-07-09 404 user80 6530
361 2023-07-06 206 user6 2673
362 2023-07-10 400 user99 5552
363 2023-07-10 502 user40 8141
364 2023-07-12 400 user52 3118
365 2023-07-09 206 user27 1761
366 2023-07-09 410 user51 2684
367 2023-07-12 300 user90 5661
368 2023-07-07 503 user23 5405
369 2023-07-08 401 user54 221
370 2023-07-07 307 user18 6907
371 2023-07-11 500 user94 4071
372 2023-07-07 201 user10 4411
373 2023-07-07 302 user80 888
374 2023-07-06 206 user25 4654
375 2023-07-07 206 user35 908
376 2023-07-11 400 user81 8552
377 2023-07-06 307 user87 7374
378 2023-07-11 401 user79 4896
379 2023-07-08 502 user59 2328
380 2023-07-06 503 user91 9964
381 2023-07-07 406 user69 4996
382 2023-07-08 200 user8 9970
383 2023-07-08 404 user23 2083
384 2023-07-11 404 user36 2400
385 2023-07-10 400 user83 8677
386 2023-07-09 401 user18 4954
387 2023-07-08 302 user61 8652
388 2023-07-08 503 user64 8335
389 2023-07-11 307 user98 772
390 2023-07-08 502 user67 3062
391 2023-07-10 500 user56 8186
392 2023-07-09 206 user59 5044
393 2023-07-07 300 user75 9952
394 2023-07-08 502 user42 399
395 2023-07-06 406 user39 9802
396 2023-07-07 502 user38 7053
397 2023-07-12 408 user21 9781
398 2023-07-12 503 user27 3958
399 2023-07-12 502 user85 9973
400 2023-07-06 401 user30 2592
401 2023-07-12 403 user67 812
402 2023-07-12 201 user60 183
403 2023-07-09 304 user100 5614
404 2023-07-09 504 user32 8363
405 2023-07-11 503 user17 9306
406 2023-07-12 200 user92 3079
407 2023-07-10 410 user74 5841
408 2023-07-09 502 user29 7721
409 2023-07-12 502 user93 5294
410 2023-07-09 300 user89 4689
411 2023-07-12 500 user20 1111
412 2023-07-06 307 user10 6754
413 2023-07-06 403 user100 7070
414 2023-07-12 300 user55 3031
415 2023-07-07 404 user64 8131
416 2023-07-12 300 user86 8389
417 2023-07-06 204 user89 2746
418 2023-07-12 502 user44 3242
419 2023-07-09 504 user20 7141
420 2023-07-08 300 user23 1240
421 2023-07-08 301 user17 4859
422 2023-07-08 300 user43 2655
423 2023-07-06 206 user43 5674
424 2023-07-06 304 user57 9767
425 2023-07-06 304 user96 8376
426 2023-07-08 403 user8 3270
427 2023-07-12 204 user52 9521
428 2023-07-06 400 user45 2003
429 2023-07-09 204 user85 3792
430 2023-07-12 201 user5 1330
431 2023-07-07 403 user16 1045
432 2023-07-07 401 user36 1045
433 2023-07-10 202 user62 6609
434 2023-07-10 307 user64 7898
435 2023-07-10 404 user55 7372
436 2023-07-12 401 user30 1851
437 2023-07-08 406 user35 3206
438 2023-07-08 408 user32 984
439 2023-07-09 504 user56 4891
440 2023-07-11 201 user92 6089
441 2023-07-12 404 user33 8049
442 2023-07-07 410 user1 1021
443 2023-07-09 410 user78 1177
444 2023-07-07 206 user80 2635
445 2023-07-08 410 user24 6781
446 2023-07-12 204 user44 7578
447 2023-07-08 202 user56 4976
448 2023-07-11 201 user88 4733
449 2023-07-12 502 user61 2752
450 2023-07-09 301 user85 8458
451 2023-07-08 401 user75 2706
452 2023-07-07 401 user62 2202
453 2023-07-06 204 user26 9450
454 2023-07-12 301 user6 2185
455 2023-07-08 301 user53 7372
456 2023-07-11 504 user59 5183
457 2023-07-07 304 user4 108
458 2023-07-08 206 user19 4558
459 2023-07-10 304 user57 1968
460 2023-07-09 404 user42 958
461 2023-07-06 504 user4 4212
462 2023-07-08 200 user87 8241
463 2023-07-08 406 user22 2997
464 2023-07-09 408 user24 736
465 2023-07-06 406 user25 3909
466 2023-07-10 307 user19 3269
467 2023-07-09 206 user50 1687
468 2023-07-11 500 user61 2947
469 2023-07-07 202 user44 1831
470 2023-07-08 504 user3 1887
471 2023-07-10 300 user76 4350
472 2023-07-07 503 user28 5473
473 2023-07-11 406 user39 5102
474 2023-07-07 400 user74 3388
475 2023-07-12 406 user29 2872
476 2023-07-06 202 user79 4797
477 2023-07-08 206 user73 8563
478 2023-07-07 503 user30 4304
479 2023-07-07 503 user97 5365
480 2023-07-11 302 user39 106
481 2023-07-06 403 user96 4174
482 2023-07-06 302 user45 70
483 2023-07-12 410 user5 2367
484 2023-07-09 406 user57 5901
485 2023-07-12 204 user9 1270
486 2023-07-07 200 user61 7869
487 2023-07-07 204 user83 2459
488 2023-07-10 504 user93 980
489 2023-07-12 403 user19 3797
490 2023-07-12 204 user73 6011
491 2023-07-10 307 user3 1229
492 2023-07-07 300 user22 937
493 2023-07-09 401 user12 9811
494 2023-07-10 200 user25 7665
495 2023-07-11 400 user83 1150
496 2023-07-10 301 user33 7808
497 2023-07-08 502 user18 5175
498 2023-07-08 500 user73 2109
499 2023-07-06 400 user9 7372
500 2023-07-08 300 user42 7235
501 2023-07-10 401 user1 8800
502 2023-07-07 206 user54 436
503 2023-07-09 204 user80 9195
504 2023-07-10 201 user50 9833
505 2023-07-07 400 user17 4246
506 2023-07-10 307 user56 5906
507 2023-07-07 404 user99 217
508 2023-07-08 302 user1 6803
509 2023-07-10 503 user73 2667
510 2023-07-07 206 user3 4294
511 2023-07-09 301 user91 8092
512 2023-07-07 404 user80 371
513 2023-07-08 202 user70 174
514 2023-07-12 500 user49 4502
515 2023-07-08 504 user100 969
516 2023-07-09 403 user79 8037
517 2023-07-11 504 user14 2051
518 2023-07-12 502 user36 4361
519 2023-07-08 403 user36 340
520 2023-07-06 202 user34 2966
521 2023-07-11 400 user92 104
522 2023-07-07 204 user12 1072
523 2023-07-07 503 user99 4235
524 2023-07-08 401 user89 5005
525 2023-07-06 206 user7 888
526 2023-07-09 410 user70 1745
527 2023-07-06 400 user74 5792
528 2023-07-06 401 user97 6274
529 2023-07-08 202 user61 1882
530 2023-07-08 503 user56 2480
531 2023-07-09 202 user69 1850
532 2023-07-11 401 user99 3209
533 2023-07-07 404 user96 2564
534 2023-07-10 206 user47 8741
535 2023-07-11 200 user22 1030
536 2023-07-06 302 user44 7522
537 2023-07-06 406 user91 7822
538 2023-07-11 204 user99 2296
539 2023-07-11 404 user44 3411
540 2023-07-07 500 user12 3955
541 2023-07-08 302 user59 524
542 2023-07-07 400 user36 9734
543 2023-07-07 400 user69 3055
544 2023-07-08 302 user74 150
545 2023-07-07 200 user43 6440
546 2023-07-06 408 user91 3582
547 2023-07-12 500 user15 3988
548 2023-07-12 500 user28 4771
549 2023-07-12 502 user32 7314
550 2023-07-08 301 user81 7106
551 2023-07-10 201 user30 5357
552 2023-07-07 503 user93 1333
553 2023-07-09 204 user27 6508
554 2023-07-07 400 user24 876
555 2023-07-10 302 user65 7330
556 2023-07-10 400 user73 6214
557 2023-07-07 204 user12 3805
558 2023-07-11 301 user58 5244
559 2023-07-08 202 user16 8196
560 2023-07-11 204 user48 7595
561 2023-07-09 404 user99 8540
562 2023-07-06 206 user59 2510
563 2023-07-12 400 user92 3797
564 2023-07-09 200 user80 100
565 2023-07-09 504 user4 1079
566 2023-07-06 300 user99 4572
567 2023-07-09 502 user53 6829
568 2023-07-11 504 user11 565
569 2023-07-10 502 user30 5885
570 2023-07-08 406 user66 4577
571 2023-07-07 410 user19 5217
572 2023-07-08 504 user81 2978
573 2023-07-06 503 user24 5466
574 2023-07-12 408 user98 517
575 2023-07-11 500 user24 6009
576 2023-07-10 503 user69 9867
577 2023-07-08 301 user70 5519
578 2023-07-07 200 user99 2611
579 2023-07-09 307 user13 6578
580 2023-07-07 503 user48 3596
581 2023-07-08 206 user55 7483
582 2023-07-12 400 user2 4247
583 2023-07-09 206 user32 430
584 2023-07-07 410 user77 6773
585 2023-07-09 406 user48 1391
586 2023-07-10 401 user47 8364
587 2023-07-12 202 user80 2371
588 2023-07-12 202 user29 7745
589 2023-07-12 410 user76 6576
590 2023-07-09 307 user30 4763
591 2023-07-09 202 user4 683
592 2023-07-12 408 user87 9874
593 2023-07-06 400 user2 966
594 2023-07-07 302 user68 3491
595 2023-07-11 404 user59 4426
596 2023-07-11 406 user26 628
597 2023-07-06 504 user84 9867
598 2023-07-12 406 user17 6278
599 2023-07-08 504 user61 490
600 2023-07-08 503 user87 6455
601 2023-07-10 302 user76 5636
602 2023-07-12 200 user18 2475
603 2023-07-06 200 user77 5089
604 2023-07-06 302 user57 9825
605 2023-07-12 500 user16 8465
606 2023-07-09 400 user78 3317
607 2023-07-07 206 user44 478
608 2023-07-10 206 user92 5503
609 2023-07-06 301 user49 680
610 2023-07-11 408 user11 398
611 2023-07-10 304 user60 8110
612 2023-07-08 404 user48 3931
613 2023-07-07 401 user96 8018
614 2023-07-08 500 user88 7597
615 2023-07-09 410 user10 2884
616 2023-07-08 406 user86 2676
617 2023-07-09 504 user53 3027
618 2023-07-08 408 user88 6504
619 2023-07-09 403 user85 7841
620 2023-07-06 200 user18 7486
621 2023-07-12 408 user73 3593
622 2023-07-12 401 user12 1615
623 2023-07-10 406 user99 8995
624 2023-07-06 307 user8 7401
625 2023-07-10 400 user21 2812
626 2023-07-09 202 user16 2066
627 2023-07-10 202 user29 7434
628 2023-07-11 400 user41 761
629 2023-07-08 502 user5 4544
630 2023-07-11 502 user42 6186
631 2023-07-09 307 user8 9276
632 2023-07-08 302 user91 2751
633 2023-07-08 503 user80 5061
634 2023-07-11 307 user59 8599
635 2023-07-12 503 user7 3535
636 2023-07-06 404 user3 936
637 2023-07-07 504 user68 72
638 2023-07-07 500 user31 2307
639 2023-07-08 504 user60 4419
640 2023-07-07 504 user53 4258
641 2023-07-10 404 user34 6926
642 2023-07-08 300 user62 6463
643 2023-07-09 408 user20 9074
644 2023-07-10 201 user31 830
645 2023-07-12 504 user53 4960
646 2023-07-11 301 user83 6943
647 2023-07-09 300 user13 9905
648 2023-07-10 302 user94 754
649 2023-07-11 304 user47 824
650 2023-07-06 406 user9 7022
651 2023-07-11 304 user32 4619
652 2023-07-09 200 user92 8351
653 2023-07-08 200 user8 4510
654 2023-07-09 400 user81 881
655 2023-07-06 504 user4 4294
656 2023-07-10 302 user74 1514
657 2023-07-08 406 user78 6921
658 2023-07-07 202 user59 4673
659 2023-07-07 204 user8 9511
660 2023-07-09 503 user72 3314
661 2023-07-06 304 user85 5348
662 2023-07-11 408 user98 8614
663 2023-07-07 401 user48 8673
664 2023-07-12 410 user50 879
665 2023-07-09 300 user73 8711
666 2023-07-08 403 user7 7481
667 2023-07-09 502 user28 4597
668 2023-07-07 202 user61 5929
669 2023-07-12 204 user54 2471
670 2023-07-09 408 user18 156
671 2023-07-11 304 user96 6111
672 2023-07-07 408 user21 675
673 2023-07-10 503 user78 1862
674 2023-07-08 408 user84 7110
675 2023-07-12 304 user40 9792
676 2023-07-06 403 user31 1823
677 2023-07-12 202 user67 2903
678 2023-07-06 503 user68 4249
679 2023-07-10 201 user52 4144
680 2023-07-08 503 user95 3751
681 2023-07-10 301 user24 7132
682 2023-07-07 307 user28 9354
683 2023-07-12 410 user88 1175
684 2023-07-08 406 user66 8322
685 2023-07-06 408 user60 7732
686 2023-07-07 307 user43 1914
687 2023-07-09 304 user60 6579
688 2023-07-09 400 user73 7999
689 2023-07-09 401 user41 9223
690 2023-07-09 504 user62 1622
691 2023-07-08 200 user77 5585
692 2023-07-07 307 user52 7923
693 2023-07-12 201 user62 5198
694 2023-07-12 404 user75 7173
695 2023-07-09 400 user7 3030
696 2023-07-10 401 user51 1774
697 2023-07-08 206 user79 2251
698 2023-07-07 302 user25 6122
699 2023-07-07 502 user98 3637
700 2023-07-11 403 user25 3402
701 2023-07-08 302 user35 571
702 2023-07-06 404 user89 3363
703 2023-07-12 201 user90 358
704 2023-07-11 400 user65 1236
705 2023-07-09 403 user34 692
706 2023-07-10 300 user66 2290
707 2023-07-07 300 user57 6490
708 2023-07-08 408 user45 6474
709 2023-07-08 502 user34 2636
710 2023-07-08 400 user34 3587
711 2023-07-08 406 user71 6512
712 2023-07-07 204 user24 7064
713 2023-07-08 200 user80 6972
714 2023-07-08 503 user48 7286
715 2023-07-09 206 user18 7996
716 2023-07-11 400 user42 2176
717 2023-07-11 410 user85 2441
718 2023-07-06 408 user71 393
719 2023-07-06 307 user80 4001
720 2023-07-06 400 user59 5138
721 2023-07-11 401 user26 3864
722 2023-07-06 500 user72 8631
723 2023-07-09 406 user40 542
724 2023-07-12 401 user9 5590
725 2023-07-07 404 user70 2511
726 2023-07-12 300 user17 3274
727 2023-07-08 406 user10 2700
728 2023-07-08 302 user2 3725
729 2023-07-09 301 user7 4156
730 2023-07-10 307 user6 3434
731 2023-07-07 406 user19 4713
732 2023-07-08 503 user63 7452
733 2023-07-09 408 user4 9135
734 2023-07-10 202 user5 6169
735 2023-07-10 206 user46 2914
736 2023-07-12 410 user29 4093
737 2023-07-11 404 user21 5692
738 2023-07-09 204 user47 7849
739 2023-07-11 307 user34 5949
740 2023-07-12 500 user9 5159
741 2023-07-09 408 user85 5319
742 2023-07-07 401 user45 755
743 2023-07-10 406 user6 8566
744 2023-07-10 500 user79 150
745 2023-07-08 404 user1 8522
746 2023-07-06 307 user49 5504
747 2023-07-12 200 user26 5338
748 2023-07-12 401 user92 8583
749 2023-07-07 202 user76 8767
750 2023-07-10 504 user4 463
751 2023-07-06 404 user87 4319
752 2023-07-09 200 user75 1805
753 2023-07-12 302 user11 7904
754 2023-07-12 302 user37 2036
755 2023-07-12 408 user6 3378
756 2023-07-11 404 user8 6936
757 2023-07-07 202 user72 2561
758 2023-07-11 201 user37 4920
759 2023-07-06 503 user30 3982
760 2023-07-08 206 user55 2498
761 2023-07-12 404 user13 9807
762 2023-07-08 410 user19 3070
763 2023-07-06 504 user88 7126
764 2023-07-10 301 user10 7383
765 2023-07-09 301 user68 8501
766 2023-07-09 403 user8 9064
767 2023-07-12 403 user28 1088
768 2023-07-11 202 user62 1743
769 2023-07-08 410 user91 9955
770 2023-07-12 500 user71 3807
771 2023-07-10 410 user18 6494
772 2023-07-06 202 user93 708
773 2023-07-10 307 user79 8617
774 2023-07-06 410 user81 8647
775 2023-07-09 201 user62 7109
776 2023-07-07 406 user72 7941
777 2023-07-08 400 user27 6624
778 2023-07-07 304 user30 5945
779 2023-07-09 500 user25 8017
780 2023-07-11 301 user86 7555
781 2023-07-06 307 user60 2799
782 2023-07-07 401 user36 1845
783 2023-07-07 201 user28 6063
784 2023-07-09 302 user55 4974
785 2023-07-06 403 user96 8564
786 2023-07-06 406 user28 8491
787 2023-07-08 201 user6 1816
788 2023-07-11 504 user5 7229
789 2023-07-10 204 user7 2497
790 2023-07-11 202 user62 2741
791 2023-07-12 307 user28 1993
792 2023-07-12 300 user16 5380
793 2023-07-10 201 user36 6575
794 2023-07-08 400 user77 6487
795 2023-07-06 307 user75 7916
796 2023-07-08 410 user75 1924
797 2023-07-10 206 user87 8381
798 2023-07-09 403 user91 4536
799 2023-07-10 302 user48 3081
800 2023-07-06 410 user91 7546
801 2023-07-09 401 user87 6973
802 2023-07-07 204 user83 1233
803 2023-07-10 502 user90 4198
804 2023-07-11 304 user75 2938
805 2023-07-10 302 user16 1511
806 2023-07-11 410 user38 1127
807 2023-07-12 401 user81 6555
808 2023-07-06 410 user15 3940
809 2023-07-06 503 user1 4279
810 2023-07-10 406 user63 8007
811 2023-07-08 406 user94 4042
812 2023-07-11 500 user86 8493
813 2023-07-06 403 user82 7577
814 2023-07-06 408 user63 6721
815 2023-07-10 200 user52 955
816 2023-07-09 400 user3 5661
817 2023-07-09 502 user5 5131
818 2023-07-06 307 user76 2154
819 2023-07-11 400 user41 1838
820 2023-07-08 204 user27 7651
821 2023-07-06 410 user12 4524
822 2023-07-12 502 user84 2030
823 2023-07-06 301 user99 8906
824 2023-07-06 300 user9 6150
825 2023-07-08 404 user76 2206
826 2023-07-12 504 user42 2542
827 2023-07-06 204 user59 4992
828 2023-07-07 401 user87 7074
829 2023-07-11 300 user29 6924
830 2023-07-07 403 user88 2541
831 2023-07-07 204 user89 4699
832 2023-07-09 300 user33 3401
833 2023-07-10 403 user64 2438
834 2023-07-09 304 user1 4621
835 2023-07-12 204 user90 6855
836 2023-07-12 410 user91 6878
837 2023-07-06 202 user97 7943
838 2023-07-06 410 user11 8473
839 2023-07-08 406 user97 1608
840 2023-07-12 301 user44 2041
841 2023-07-09 503 user49 8269
842 2023-07-06 300 user76 3737
843 2023-07-07 206 user65 9120
844 2023-07-08 403 user71 2505
845 2023-07-07 410 user90 9800
846 2023-07-11 400 user37 1699
847 2023-07-12 503 user8 9686
848 2023-07-08 502 user45 2890
849 2023-07-08 504 user37 6707
850 2023-07-12 406 user22 8909
851 2023-07-09 302 user25 4945
852 2023-07-10 504 user66 8927
853 2023-07-12 500 user77 8220
854 2023-07-07 304 user78 6467
855 2023-07-06 410 user55 3546
856 2023-07-06 403 user88 3844
857 2023-07-10 201 user69 8533
858 2023-07-06 404 user69 5495
859 2023-07-07 502 user59 4618
860 2023-07-10 302 user10 1724
861 2023-07-10 202 user49 9575
862 2023-07-08 206 user94 4043
863 2023-07-08 304 user24 7582
864 2023-07-06 201 user38 8432
865 2023-07-10 504 user67 8608
866 2023-07-06 504 user38 666
867 2023-07-10 206 user56 769
868 2023-07-06 401 user11 2381
869 2023-07-09 410 user52 1901
870 2023-07-07 502 user44 5676
871 2023-07-06 504 user78 5663
872 2023-07-09 201 user17 340
873 2023-07-06 403 user90 7542
874 2023-07-12 503 user19 5721
875 2023-07-06 500 user100 4584
876 2023-07-07 202 user34 5642
877 2023-07-08 201 user14 6621
878 2023-07-10 401 user78 872
879 2023-07-08 408 user34 6041
880 2023-07-10 404 user82 5567
881 2023-07-09 301 user27 490
882 2023-07-11 202 user25 805
883 2023-07-08 404 user49 1467
884 2023-07-10 206 user78 6681
885 2023-07-09 301 user22 1050
886 2023-07-09 201 user54 2328
887 2023-07-07 408 user16 5038
888 2023-07-10 502 user31 5152
889 2023-07-06 406 user67 8000
890 2023-07-07 406 user20 830
891 2023-07-07 307 user65 857
892 2023-07-10 408 user97 8948
893 2023-07-06 400 user79 1501
894 2023-07-11 307 user65 8072
895 2023-07-06 500 user12 6207
896 2023-07-09 504 user2 2713
897 2023-07-12 502 user71 3981
898 2023-07-11 204 user8 260
899 2023-07-10 410 user61 770
900 2023-07-07 301 user28 3967
901 2023-07-06 406 user42 3343
902 2023-07-06 301 user35 498
903 2023-07-11 307 user68 7158
904 2023-07-08 201 user42 9363
905 2023-07-10 307 user27 6371
906 2023-07-11 401 user27 5201
907 2023-07-06 300 user95 223
908 2023-07-07 408 user13 2502
909 2023-07-12 204 user44 5068
910 2023-07-08 504 user38 777
911 2023-07-06 304 user66 540
912 2023-07-07 502 user46 9087
913 2023-07-10 410 user41 5128
914 2023-07-07 502 user46 3353
915 2023-07-09 300 user19 650
916 2023-07-11 304 user9 1111
917 2023-07-12 406 user55 8516
918 2023-07-07 300 user14 5286
919 2023-07-06 404 user49 1067
920 2023-07-06 406 user77 6955
921 2023-07-11 201 user52 8394
922 2023-07-11 403 user56 7059
923 2023-07-06 200 user58 4333
924 2023-07-07 202 user74 9324
925 2023-07-10 204 user5 1527
926 2023-07-11 200 user56 7838
927 2023-07-12 410 user80 1834
928 2023-07-07 201 user81 1439
929 2023-07-09 500 user64 5827
930 2023-07-08 401 user96 8114
931 2023-07-08 400 user47 990
932 2023-07-08 403 user47 2146
933 2023-07-10 410 user32 7899
934 2023-07-08 302 user69 8822
935 2023-07-06 403 user8 9518
936 2023-07-10 406 user94 2179
937 2023-07-06 403 user7 5242
938 2023-07-06 202 user15 4361
939 2023-07-09 403 user68 3415
940 2023-07-11 406 user44 3272
941 2023-07-10 202 user26 4030
942 2023-07-07 401 user44 4768
943 2023-07-12 304 user24 2145
944 2023-07-09 202 user85 2995
945 2023-07-09 410 user70 1318
946 2023-07-12 408 user55 9028
947 2023-07-07 301 user77 4931
948 2023-07-09 202 user89 659
949 2023-07-10 408 user77 7085
950 2023-07-09 300 user64 6818
951 2023-07-07 401 user100 688
952 2023-07-08 201 user81 98
953 2023-07-06 502 user10 3831
954 2023-07-11 302 user3 8803
955 2023-07-06 302 user72 8400
956 2023-07-06 410 user5 9232
957 2023-07-08 202 user71 4231
958 2023-07-10 204 user75 2834
959 2023-07-10 400 user95 1485
960 2023-07-09 410 user89 8642
961 2023-07-09 406 user32 9377
962 2023-07-06 401 user46 4751
963 2023-07-08 301 user24 5523
964 2023-07-07 202 user23 9391
965 2023-07-09 403 user30 6435
966 2023-07-06 307 user54 4480
967 2023-07-07 302 user41 5033
968 2023-07-08 302 user55 6133
969 2023-07-07 200 user18 5794
970 2023-07-12 300 user18 9269
971 2023-07-12 410 user67 5878
972 2023-07-07 206 user83 2891
973 2023-07-10 401 user38 1349
974 2023-07-12 206 user24 3625
975 2023-07-12 206 user7 2044
976 2023-07-12 410 user49 7500
977 2023-07-08 500 user59 1142
978 2023-07-06 400 user83 1581
979 2023-07-06 302 user83 9572
980 2023-07-11 202 user95 8130
981 2023-07-10 503 user25 8550
982 2023-07-06 307 user12 8967
983 2023-07-11 201 user30 1352
984 2023-07-11 304 user15 8212
985 2023-07-07 503 user24 8298
986 2023-07-08 406 user90 3920
987 2023-07-07 201 user3 8246
988 2023-07-11 400 user35 7852
989 2023-07-09 201 user89 6264
990 2023-07-10 201 user45 7166
991 2023-07-11 400 user42 7591
992 2023-07-08 502 user76 3294
993 2023-07-09 206 user81 399
994 2023-07-08 307 user7 1993
995 2023-07-08 401 user19 8304
996 2023-07-11 504 user30 6875
997 2023-07-07 403 user79 1995
998 2023-07-10 302 user48 1644
999 2023-07-07 304 user77 5075
1000 2023-07-11 300 user66 9065
