[1]
    scale revolutionary supply-chains
[2]
    whiteboard dot-com communities
[3]
    transform out-of-the-box web-readiness
[4]
    optimize cross-media architectures
[5]
    evolve transparent deliverables
[6]
    engineer clicks-and-mortar bandwidth
[7]
    transition real-time synergies
[8]
    seize B2B technologies
[9]
    empower customized info-mediaries
[10]
    re-contextualize compelling e-commerce
[11]
    productize strategic networks
[12]
    utilize distributed solutions
[13]
    orchestrate dynamic infrastructures
[14]
    empower clicks-and-mortar initiatives
[15]
    seize frictionless models
[16]
    facilitate back-end e-commerce
[17]
    implement leading-edge e-business
[18]
    productize compelling web services
[19]
    reinvent 24/7 ROI
[20]
    aggregate 24/7 initiatives
[21]
    e-enable out-of-the-box markets
[22]
    embrace B2B e-commerce
[23]
    drive collaborative mindshare
[24]
    envisioneer sticky niches
[25]
    enable bricks-and-clicks info-mediaries
[26]
    monetize cross-media e-tailers
[27]
    streamline turn-key vortals
[28]
    empower collaborative paradigms
[29]
    empower killer communities
[30]
    synergize value-added partnerships
[31]
    reinvent killer partnerships
[32]
    productize cross-platform interfaces
[33]
    integrate synergistic relationships
[34]
    deliver world-class niches
[35]
    re-contextualize virtual convergence
[36]
    incentivize back-end e-commerce
[37]
    utilize strategic niches
[38]
    integrate transparent architectures
[39]
    monetize cross-media e-business
[40]
    benchmark back-end methodologies
[41]
    engineer seamless architectures
[42]
    strategize robust mindshare
[43]
    e-enable magnetic convergence
[44]
    monetize synergistic mindshare
[45]
    expedite clicks-and-mortar e-commerce
[46]
    incubate proactive channels
[47]
    scale collaborative e-commerce
[48]
    exploit ubiquitous markets
[49]
    implement compelling infrastructures
[50]
    expedite bleeding-edge platforms
[51]
    re-contextualize 24/7 architectures
[52]
    repurpose cross-media vortals
[53]
    synthesize transparent interfaces
[54]
    mesh transparent methodologies
[55]
    expedite distributed info-mediaries
[56]
    facilitate next-generation vortals
[57]
    e-enable value-added channels
[58]
    orchestrate e-business content
[59]
    embrace visionary portals
[60]
    matrix impactful initiatives
[61]
    architect transparent e-tailers
[62]
    expedite visionary e-markets
[63]
    whiteboard turn-key markets
[64]
    revolutionize compelling interfaces
[65]
    incentivize front-end portals
[66]
    harness distributed niches
[67]
    envisioneer strategic methodologies
[68]
    leverage customized technologies
[69]
    drive strategic vortals
[70]
    incubate compelling niches
[71]
    transform granular technologies
[72]
    transform 24/7 solutions
[73]
    morph next-generation info-mediaries
[74]
    streamline seamless bandwidth
[75]
    aggregate B2C technologies
[76]
    productize compelling partnerships
[77]
    exploit vertical info-mediaries
[78]
    re-intermediate strategic metrics
[79]
    grow bleeding-edge niches
[80]
    aggregate best-of-breed systems
[81]
    generate sticky web-readiness
[82]
    optimize vertical bandwidth
[83]
    matrix value-added platforms
[84]
    innovate plug-and-play action-items
[85]
    aggregate collaborative action-items
[86]
    redefine transparent experiences
[87]
    expedite viral supply-chains
[88]
    syndicate one-to-one e-services
[89]
    benchmark rich platforms
[90]
    aggregate holistic action-items
[91]
    deliver bleeding-edge vortals
[92]
    enable granular networks
[93]
    reinvent revolutionary relationships
[94]
    transition interactive platforms
[95]
    streamline one-to-one communities
[96]
    incubate end-to-end functionalities
[97]
    envisioneer extensible e-commerce
[98]
    deploy open-source synergies
[99]
    synergize 24/365 e-commerce
[100]
    architect 24/7 supply-chains
[101]
    engage B2C mindshare
[102]
    e-enable real-time bandwidth
[103]
    benchmark clicks-and-mortar e-commerce
[104]
    integrate one-to-one content
[105]
    utilize customized bandwidth
[106]
    benchmark intuitive content
[107]
    leverage B2C users
[108]
    strategize holistic content
[109]
    deliver 24/7 channels
[110]
    synthesize B2B relationships
[111]
    empower plug-and-play vortals
[112]
    cultivate ubiquitous platforms
[113]
    benchmark killer applications
[114]
    seize B2C info-mediaries
[115]
    engineer bricks-and-clicks content
[116]
    target global web-readiness
[117]
    exploit front-end deliverables
[118]
    morph back-end e-business
[119]
    optimize turn-key paradigms
[120]
    target cross-media schemas
[121]
    matrix innovative supply-chains
[122]
    engineer seamless e-tailers
[123]
    enable B2C infrastructures
[124]
    matrix dynamic content
[125]
    harness global metrics
[126]
    integrate revolutionary info-mediaries
[127]
    repurpose 24/365 infrastructures
[128]
    brand end-to-end infrastructures
[129]
    streamline dynamic solutions
[130]
    transition cutting-edge solutions
[131]
    engage enterprise markets
[132]
    grow robust vortals
[133]
    strategize strategic web services
[134]
    mesh cross-media web-readiness
[135]
    engage web-enabled e-commerce
[136]
    benchmark e-business networks
[137]
    deploy robust interfaces
[138]
    syndicate dot-com models
[139]
    leverage extensible niches
[140]
    synthesize customized solutions
[141]
    integrate sticky niches
[142]
    disintermediate robust systems
[143]
    generate cross-media synergies
[144]
    seize plug-and-play solutions
[145]
    expedite integrated systems
[146]
    enable end-to-end info-mediaries
[147]
    e-enable real-time users
[148]
    re-intermediate efficient mindshare
[149]
    deploy magnetic eyeballs
[150]
    maximize virtual niches
[151]
    disintermediate next-generation metrics
[152]
    innovate B2B networks
[153]
    transition web-enabled infrastructures
[154]
    engage bricks-and-clicks web services
[155]
    reinvent integrated web-readiness
[156]
    redefine one-to-one systems
[157]
    transform rich networks
[158]
    deliver viral content
[159]
    empower visionary action-items
[160]
    extend open-source web services
[161]
    drive revolutionary infrastructures
[162]
    engineer global relationships
[163]
    engage bricks-and-clicks schemas
[164]
    utilize vertical solutions
[165]
    envisioneer transparent bandwidth
[166]
    benchmark mission-critical metrics
[167]
    exploit frictionless e-services
[168]
    matrix vertical networks
[169]
    disintermediate turn-key web services
[170]
    orchestrate impactful channels
[171]
    visualize open-source communities
[172]
    extend sticky synergies
[173]
    optimize enterprise web services
[174]
    synergize bricks-and-clicks e-tailers
[175]
    architect synergistic architectures
[176]
    integrate next-generation e-services
[177]
    engineer granular e-commerce
[178]
    strategize web-enabled communities
[179]
    incubate back-end action-items
[180]
    whiteboard sticky schemas
[181]
    whiteboard real-time systems
[182]
    aggregate ubiquitous mindshare
[183]
    embrace front-end markets
[184]
    orchestrate 24/365 markets
[185]
    maximize B2C e-services
[186]
    deploy rich e-tailers
[187]
    transform end-to-end infrastructures
[188]
    transition distributed vortals
[189]
    re-contextualize extensible infrastructures
[190]
    monetize robust e-business
[191]
    morph proactive communities
[192]
    integrate robust synergies
[193]
    synthesize end-to-end users
[194]
    productize granular action-items
[195]
    enable turn-key e-markets
[196]
    facilitate enterprise systems
[197]
    maximize transparent networks
[198]
    transition B2C platforms
[199]
    innovate distributed methodologies
[200]
    innovate innovative web services
[201]
    innovate B2C architectures
[202]
    productize open-source content
[203]
    evolve proactive bandwidth
[204]
    utilize e-business architectures
[205]
    iterate innovative networks
[206]
    engage holistic interfaces
[207]
    matrix compelling web-readiness
[208]
    deliver proactive bandwidth
[209]
    engage impactful channels
[210]
    grow value-added solutions
[211]
    implement holistic relationships
[212]
    maximize cutting-edge models
[213]
    iterate turn-key models
[214]
    facilitate sticky functionalities
[215]
    target distributed infrastructures
[216]
    streamline revolutionary communities
[217]
    aggregate robust technologies
[218]
    brand mission-critical experiences
[219]
    leverage front-end architectures
[220]
    empower frictionless markets
[221]
    redefine world-class ROI
[222]
    optimize virtual mindshare
[223]
    matrix dynamic initiatives
[224]
    target bricks-and-clicks metrics
[225]
    enable impactful action-items
[226]
    transition open-source portals
[227]
    utilize bleeding-edge e-tailers
[228]
    deploy synergistic e-business
[229]
    architect distributed eyeballs
[230]
    evolve leading-edge e-commerce
[231]
    expedite compelling content
[232]
    cultivate transparent applications
[233]
    evolve 24/365 web-readiness
[234]
    redefine global architectures
[235]
    envisioneer frictionless info-mediaries
[236]
    syndicate transparent eyeballs
[237]
    incubate best-of-breed users
[238]
    generate one-to-one schemas
[239]
    expedite end-to-end paradigms
[240]
    innovate front-end e-commerce
[241]
    implement innovative initiatives
[242]
    target web-enabled e-markets
[243]
    synergize cross-platform ROI
[244]
    incentivize user-centric platforms
[245]
    monetize viral communities
[246]
    synergize wireless action-items
[247]
    syndicate cross-media infrastructures
[248]
    expedite revolutionary paradigms
[249]
    optimize customized initiatives
[250]
    monetize sticky methodologies
[251]
    strategize frictionless e-services
[252]
    deliver user-centric ROI
[253]
    whiteboard synergistic e-commerce
[254]
    evolve best-of-breed metrics
[255]
    monetize vertical web services
[256]
    orchestrate compelling paradigms
[257]
    morph B2B web services
[258]
    enhance user-centric interfaces
[259]
    empower cutting-edge web-readiness
[260]
    syndicate viral architectures
[261]
    transition efficient paradigms
[262]
    streamline seamless info-mediaries
[263]
    optimize e-business experiences
[264]
    deploy vertical functionalities
[265]
    target value-added content
[266]
    redefine value-added markets
[267]
    synergize wireless partnerships
[268]
    synthesize enterprise paradigms
[269]
    syndicate real-time vortals
[270]
    transition global architectures
[271]
    envisioneer out-of-the-box experiences
[272]
    extend synergistic info-mediaries
[273]
    drive visionary portals
[274]
    facilitate cross-platform architectures
[275]
    whiteboard world-class infrastructures
[276]
    orchestrate proactive systems
[277]
    unleash transparent synergies
[278]
    utilize B2C e-markets
[279]
    generate viral convergence
[280]
    deploy collaborative niches
[281]
    whiteboard proactive functionalities
[282]
    deliver 24/365 schemas
[283]
    facilitate interactive e-services
[284]
    drive extensible partnerships
[285]
    enable transparent interfaces
[286]
    aggregate extensible e-services
[287]
    whiteboard ubiquitous methodologies
[288]
    benchmark B2C metrics
[289]
    architect B2B networks
[290]
    enable customized functionalities
[291]
    disintermediate leading-edge architectures
[292]
    target value-added ROI
[293]
    seize integrated models
[294]
    implement synergistic content
[295]
    morph transparent infrastructures
[296]
    repurpose mission-critical convergence
[297]
    matrix web-enabled supply-chains
[298]
    benchmark strategic paradigms
[299]
    e-enable interactive architectures
[300]
    generate out-of-the-box web-readiness
[301]
    benchmark open-source e-commerce
[302]
    aggregate best-of-breed experiences
[303]
    repurpose turn-key paradigms
[304]
    redefine best-of-breed action-items
[305]
    seize sticky communities
[306]
    seize out-of-the-box channels
[307]
    aggregate bricks-and-clicks paradigms
[308]
    facilitate value-added e-tailers
[309]
    orchestrate user-centric communities
[310]
    orchestrate plug-and-play models
[311]
    enhance innovative interfaces
[312]
    aggregate mission-critical ROI
[313]
    enable out-of-the-box paradigms
[314]
    transition next-generation web-readiness
[315]
    architect best-of-breed e-markets
[316]
    syndicate impactful metrics
[317]
    engage extensible interfaces
[318]
    monetize bricks-and-clicks portals
[319]
    harness efficient mindshare
[320]
    monetize proactive schemas
[321]
    expedite rich relationships
[322]
    disintermediate world-class eyeballs
[323]
    matrix vertical synergies
[324]
    empower best-of-breed bandwidth
[325]
    utilize distributed users
[326]
    orchestrate e-business metrics
[327]
    benchmark value-added solutions
[328]
    benchmark vertical metrics
[329]
    embrace intuitive interfaces
[330]
    grow virtual e-tailers
[331]
    iterate mission-critical vortals
[332]
    exploit B2B e-markets
[333]
    strategize bricks-and-clicks experiences
[334]
    brand scalable portals
[335]
    expedite integrated web-readiness
[336]
    strategize e-business synergies
[337]
    harness intuitive supply-chains
[338]
    mesh seamless convergence
[339]
    enhance robust architectures
[340]
    matrix magnetic channels
[341]
    transform dot-com markets
[342]
    re-intermediate killer synergies
[343]
    seize customized e-business
[344]
    embrace customized architectures
[345]
    re-contextualize scalable convergence
[346]
    reinvent vertical paradigms
[347]
    transition synergistic initiatives
[348]
    whiteboard front-end vortals
[349]
    generate sticky systems
[350]
    engage plug-and-play e-services
[351]
    extend intuitive deliverables
[352]
    disintermediate magnetic niches
[353]
    engage virtual paradigms
[354]
    target dot-com supply-chains
[355]
    productize holistic e-services
[356]
    monetize magnetic technologies
[357]
    re-intermediate scalable mindshare
[358]
    productize clicks-and-mortar niches
[359]
    e-enable sticky content
[360]
    iterate ubiquitous vortals
[361]
    exploit user-centric initiatives
[362]
    benchmark front-end schemas
[363]
    synergize granular models
[364]
    incentivize clicks-and-mortar supply-chains
[365]
    optimize value-added synergies
[366]
    exploit enterprise interfaces
[367]
    enhance cutting-edge infrastructures
[368]
    enable synergistic e-business
[369]
    unleash dot-com architectures
[370]
    architect turn-key experiences
[371]
    architect interactive convergence
[372]
    optimize vertical mindshare
[373]
    synergize user-centric functionalities
[374]
    productize synergistic e-tailers
[375]
    synthesize cross-media niches
[376]
    cultivate transparent e-tailers
[377]
    optimize sticky networks
[378]
    engineer compelling markets
[379]
    exploit rich experiences
[380]
    benchmark interactive infrastructures
[381]
    syndicate viral action-items
[382]
    drive back-end schemas
[383]
    syndicate transparent web services
[384]
    e-enable ubiquitous initiatives
[385]
    morph intuitive synergies
[386]
    re-contextualize holistic users
[387]
    maximize one-to-one e-business
[388]
    cultivate end-to-end partnerships
[389]
    synthesize scalable partnerships
[390]
    envisioneer bricks-and-clicks partnerships
[391]
    drive cutting-edge web-readiness
[392]
    expedite out-of-the-box infrastructures
[393]
    iterate seamless synergies
[394]
    innovate compelling e-commerce
[395]
    expedite efficient vortals
[396]
    strategize e-business methodologies
[397]
    empower granular technologies
[398]
    matrix 24/365 interfaces
[399]
    envisioneer leading-edge web-readiness
[400]
    innovate mission-critical deliverables
[401]
    envisioneer dot-com deliverables
[402]
    drive interactive markets
[403]
    e-enable real-time synergies
[404]
    deliver innovative action-items
[405]
    synergize magnetic content
[406]
    monetize cross-media web services
[407]
    incubate real-time portals
[408]
    productize global users
[409]
    redefine world-class systems
[410]
    embrace out-of-the-box e-commerce
[411]
    optimize turn-key e-commerce
[412]
    monetize innovative relationships
[413]
    mesh strategic experiences
[414]
    enhance turn-key e-business
[415]
    implement innovative experiences
[416]
    drive back-end web-readiness
[417]
    iterate user-centric methodologies
[418]
    cultivate magnetic e-markets
[419]
    synthesize transparent content
[420]
    re-contextualize leading-edge solutions
[421]
    benchmark synergistic e-tailers
[422]
    utilize web-enabled methodologies
[423]
    integrate leading-edge initiatives
[424]
    integrate dynamic portals
[425]
    seize efficient architectures
[426]
    matrix sticky experiences
[427]
    strategize mission-critical ROI
[428]
    transform efficient paradigms
[429]
    expedite visionary niches
[430]
    architect seamless deliverables
[431]
    visualize 24/7 e-business
[432]
    extend frictionless eyeballs
[433]
    synthesize impactful relationships
[434]
    transform 24/365 interfaces
[435]
    incentivize magnetic infrastructures
[436]
    optimize wireless channels
[437]
    iterate clicks-and-mortar web services
[438]
    extend efficient e-markets
[439]
    synergize cutting-edge architectures
[440]
    utilize virtual synergies
[441]
    cultivate innovative e-business
[442]
    transform transparent initiatives
[443]
    seize end-to-end partnerships
[444]
    repurpose plug-and-play bandwidth
[445]
    enhance transparent e-business
[446]
    drive B2B systems
[447]
    re-contextualize plug-and-play schemas
[448]
    optimize cutting-edge mindshare
[449]
    unleash e-business web-readiness
[450]
    drive enterprise metrics
[451]
    generate plug-and-play applications
[452]
    brand intuitive e-markets
[453]
    evolve e-business metrics
[454]
    reinvent turn-key e-business
[455]
    drive collaborative supply-chains
[456]
    incubate open-source systems
[457]
    cultivate integrated e-business
[458]
    syndicate visionary content
[459]
    generate web-enabled technologies
[460]
    orchestrate bleeding-edge communities
[461]
    mesh collaborative synergies
[462]
    disintermediate visionary applications
[463]
    visualize turn-key infrastructures
[464]
    brand out-of-the-box schemas
[465]
    facilitate strategic schemas
[466]
    iterate synergistic systems
[467]
    scale front-end markets
[468]
    maximize intuitive schemas
[469]
    repurpose robust markets
[470]
    unleash web-enabled action-items
[471]
    iterate back-end supply-chains
[472]
    mesh user-centric systems
[473]
    grow clicks-and-mortar relationships
[474]
    generate viral eyeballs
[475]
    leverage wireless e-markets
[476]
    morph clicks-and-mortar content
[477]
    e-enable intuitive supply-chains
[478]
    engineer holistic infrastructures
[479]
    streamline bleeding-edge models
[480]
    disintermediate robust applications
[481]
    revolutionize killer technologies
[482]
    optimize cross-platform solutions
[483]
    incentivize B2B e-markets
[484]
    mesh back-end functionalities
[485]
    facilitate impactful e-business
[486]
    iterate cross-media portals
[487]
    strategize visionary infrastructures
[488]
    grow 24/365 models
[489]
    evolve viral supply-chains
[490]
    morph web-enabled solutions
[491]
    harness collaborative communities
[492]
    envisioneer one-to-one experiences
[493]
    expedite vertical methodologies
[494]
    architect user-centric convergence
[495]
    transition revolutionary web services
[496]
    monetize ubiquitous platforms
[497]
    strategize ubiquitous communities
[498]
    transform back-end web-readiness
[499]
    exploit synergistic technologies
[500]
    leverage one-to-one web-readiness
