[1]
    whiteboard revolutionary interfaces
[2]
    optimize impactful systems
[3]
    mesh transparent vortals
[4]
    empower end-to-end synergies
[5]
    architect efficient infrastructures
[6]
    scale B2B web services
[7]
    cultivate e-business paradigms
[8]
    drive visionary bandwidth
[9]
    disintermediate bleeding-edge bandwidth
[10]
    streamline B2C e-services
[11]
    visualize sticky synergies
[12]
    synthesize enterprise methodologies
[13]
    mesh open-source e-business
[14]
    redefine scalable channels
[15]
    integrate sticky e-tailers
[16]
    architect B2C e-markets
[17]
    engineer viral e-business
[18]
    repurpose B2B supply-chains
[19]
    morph rich relationships
[20]
    strategize cross-media supply-chains
[21]
    integrate best-of-breed applications
[22]
    embrace enterprise eyeballs
[23]
    utilize scalable infrastructures
[24]
    maximize granular action-items
[25]
    revolutionize distributed web-readiness
[26]
    grow visionary bandwidth
[27]
    whiteboard front-end vortals
[28]
    empower wireless deliverables
[29]
    maximize web-enabled deliverables
[30]
    engage synergistic relationships
[31]
    generate 24/365 e-commerce
[32]
    re-contextualize synergistic e-business
[33]
    synergize bleeding-edge paradigms
[34]
    generate world-class communities
[35]
    deploy robust relationships
[36]
    aggregate mission-critical solutions
[37]
    mesh efficient e-markets
[38]
    repurpose synergistic ROI
[39]
    mesh transparent synergies
[40]
    strategize global communities
[41]
    extend rich e-services
[42]
    enhance value-added solutions
[43]
    monetize impactful paradigms
[44]
    utilize vertical content
[45]
    matrix seamless content
[46]
    re-contextualize ubiquitous platforms
[47]
    innovate real-time networks
[48]
    repurpose revolutionary e-services
[49]
    e-enable cross-media web services
[50]
    brand back-end e-business
[51]
    seize seamless technologies
[52]
    evolve frictionless e-commerce
[53]
    synthesize 24/365 networks
[54]
    maximize 24/365 web services
[55]
    drive visionary models
[56]
    disintermediate strategic methodologies
[57]
    re-intermediate integrated relationships
[58]
    enhance cutting-edge communities
[59]
    aggregate bleeding-edge systems
[60]
    benchmark seamless users
[61]
    empower virtual vortals
[62]
    extend B2C systems
[63]
    envisioneer best-of-breed niches
[64]
    grow user-centric metrics
[65]
    optimize cross-platform experiences
[66]
    harness leading-edge info-mediaries
[67]
    revolutionize customized experiences
[68]
    streamline cross-media interfaces
[69]
    disintermediate clicks-and-mortar content
[70]
    morph extensible networks
[71]
    redefine integrated systems
[72]
    cultivate frictionless bandwidth
[73]
    reinvent efficient info-mediaries
[74]
    e-enable vertical systems
[75]
    exploit one-to-one niches
[76]
    mesh world-class e-services
[77]
    re-intermediate dot-com content
[78]
    optimize virtual relationships
[79]
    revolutionize customized systems
[80]
    engage holistic relationships
[81]
    optimize collaborative users
[82]
    syndicate open-source relationships
[83]
    envisioneer cross-platform eyeballs
[84]
    syndicate viral infrastructures
[85]
    scale clicks-and-mortar models
[86]
    enhance next-generation platforms
[87]
    synergize global e-services
[88]
    morph cross-platform niches
[89]
    transform bricks-and-clicks markets
[90]
    e-enable holistic synergies
[91]
    innovate integrated paradigms
[92]
    matrix rich relationships
[93]
    enhance user-centric info-mediaries
[94]
    scale proactive e-markets
[95]
    target leading-edge paradigms
[96]
    visualize global communities
[97]
    syndicate leading-edge paradigms
[98]
    iterate dynamic web-readiness
[99]
    monetize leading-edge ROI
[100]
    engineer proactive e-services
[101]
    harness efficient networks
[102]
    revolutionize back-end platforms
[103]
    extend 24/365 e-tailers
[104]
    innovate magnetic content
[105]
    synergize interactive e-markets
[106]
    harness clicks-and-mortar users
[107]
    transform world-class deliverables
[108]
    grow world-class partnerships
[109]
    leverage compelling infrastructures
[110]
    embrace best-of-breed e-commerce
[111]
    streamline sticky deliverables
[112]
    disintermediate synergistic architectures
[113]
    disintermediate granular architectures
[114]
    redefine next-generation initiatives
[115]
    integrate one-to-one portals
[116]
    generate value-added web-readiness
[117]
    implement value-added eyeballs
[118]
    incentivize granular methodologies
[119]
    deliver interactive deliverables
[120]
    visualize mission-critical action-items
[121]
    aggregate B2B initiatives
[122]
    extend vertical communities
[123]
    enhance synergistic relationships
[124]
    unleash strategic deliverables
[125]
    repurpose distributed e-commerce
[126]
    morph next-generation technologies
[127]
    morph web-enabled platforms
[128]
    leverage B2B e-commerce
[129]
    transition B2B applications
[130]
    scale robust e-tailers
[131]
    exploit wireless info-mediaries
[132]
    orchestrate transparent paradigms
[133]
    whiteboard cutting-edge paradigms
[134]
    enable transparent vortals
[135]
    matrix dot-com paradigms
[136]
    utilize strategic systems
[137]
    drive e-business eyeballs
[138]
    matrix innovative functionalities
[139]
    innovate open-source relationships
[140]
    whiteboard collaborative networks
[141]
    drive frictionless e-services
[142]
    brand clicks-and-mortar convergence
[143]
    integrate leading-edge interfaces
[144]
    envisioneer magnetic partnerships
[145]
    enable real-time initiatives
[146]
    engineer cross-platform functionalities
[147]
    extend enterprise e-markets
[148]
    iterate impactful eyeballs
[149]
    benchmark efficient users
[150]
    matrix turn-key bandwidth
[151]
    re-contextualize cross-media schemas
[152]
    architect turn-key e-business
[153]
    e-enable cross-platform models
[154]
    unleash world-class mindshare
[155]
    deliver revolutionary solutions
[156]
    unleash next-generation infrastructures
[157]
    facilitate cross-platform e-business
[158]
    maximize turn-key e-business
[159]
    maximize one-to-one models
[160]
    re-intermediate efficient niches
[161]
    deliver user-centric channels
[162]
    syndicate intuitive metrics
[163]
    optimize cross-media niches
[164]
    repurpose transparent e-markets
[165]
    brand e-business convergence
[166]
    synergize integrated technologies
[167]
    drive best-of-breed communities
[168]
    scale dot-com relationships
[169]
    harness B2B methodologies
[170]
    repurpose innovative eyeballs
[171]
    strategize cross-platform metrics
[172]
    maximize revolutionary mindshare
[173]
    deploy rich channels
[174]
    grow turn-key metrics
[175]
    deploy real-time e-commerce
[176]
    e-enable interactive networks
[177]
    maximize integrated methodologies
[178]
    evolve customized paradigms
[179]
    disintermediate frictionless e-markets
[180]
    e-enable virtual convergence
[181]
    architect dynamic info-mediaries
[182]
    enable cross-platform systems
[183]
    unleash sticky e-business
[184]
    unleash leading-edge partnerships
[185]
    re-intermediate vertical e-tailers
[186]
    engage transparent e-services
[187]
    expedite vertical portals
[188]
    generate distributed users
[189]
    transform cutting-edge communities
[190]
    iterate end-to-end applications
[191]
    exploit clicks-and-mortar interfaces
[192]
    brand impactful ROI
[193]
    aggregate user-centric bandwidth
[194]
    streamline turn-key e-business
[195]
    strategize viral models
[196]
    revolutionize customized solutions
[197]
    implement magnetic applications
[198]
    visualize robust metrics
[199]
    iterate intuitive e-tailers
[200]
    unleash clicks-and-mortar bandwidth
[201]
    envisioneer cross-platform content
[202]
    iterate world-class deliverables
[203]
    transition rich models
[204]
    drive B2B interfaces
[205]
    exploit global e-business
[206]
    synergize robust communities
[207]
    engineer e-business synergies
[208]
    generate distributed models
[209]
    optimize visionary action-items
[210]
    empower user-centric systems
[211]
    aggregate cross-media e-markets
[212]
    envisioneer efficient e-markets
[213]
    disintermediate turn-key niches
[214]
    transform enterprise e-markets
[215]
    monetize distributed convergence
[216]
    optimize customized eyeballs
[217]
    maximize seamless partnerships
[218]
    unleash proactive paradigms
[219]
    iterate 24/365 vortals
[220]
    matrix ubiquitous applications
[221]
    mesh vertical info-mediaries
[222]
    engage magnetic relationships
[223]
    transition impactful applications
[224]
    embrace transparent synergies
[225]
    extend cutting-edge paradigms
[226]
    visualize revolutionary users
[227]
    re-contextualize B2C e-commerce
[228]
    exploit wireless systems
[229]
    disintermediate web-enabled infrastructures
[230]
    deliver proactive metrics
[231]
    harness end-to-end users
[232]
    target user-centric convergence
[233]
    redefine distributed applications
[234]
    streamline enterprise markets
[235]
    visualize dot-com communities
[236]
    reinvent innovative convergence
[237]
    enable distributed e-tailers
[238]
    matrix scalable relationships
[239]
    target best-of-breed convergence
[240]
    repurpose leading-edge paradigms
[241]
    redefine sticky web services
[242]
    benchmark B2B interfaces
[243]
    implement dot-com architectures
[244]
    monetize front-end technologies
[245]
    visualize e-business deliverables
[246]
    repurpose global supply-chains
[247]
    leverage out-of-the-box e-markets
[248]
    grow customized info-mediaries
[249]
    cultivate synergistic solutions
[250]
    embrace sticky portals
[251]
    streamline bricks-and-clicks info-mediaries
[252]
    synergize synergistic architectures
[253]
    drive cutting-edge networks
[254]
    engineer open-source channels
[255]
    synergize strategic solutions
[256]
    envisioneer compelling web-readiness
[257]
    architect value-added bandwidth
[258]
    synergize cross-platform schemas
[259]
    expedite sticky solutions
[260]
    productize value-added e-services
[261]
    matrix B2C eyeballs
[262]
    exploit best-of-breed niches
[263]
    implement innovative web-readiness
[264]
    productize wireless networks
[265]
    enable synergistic channels
[266]
    deliver distributed supply-chains
[267]
    optimize cross-platform channels
[268]
    deploy enterprise systems
[269]
    enable web-enabled interfaces
[270]
    disintermediate dot-com web-readiness
[271]
    harness plug-and-play e-markets
[272]
    repurpose virtual synergies
[273]
    disintermediate virtual e-services
[274]
    scale seamless applications
[275]
    iterate seamless vortals
[276]
    enhance extensible interfaces
[277]
    synergize revolutionary supply-chains
[278]
    re-intermediate cross-media content
[279]
    maximize seamless markets
[280]
    e-enable cross-media ROI
[281]
    embrace collaborative action-items
[282]
    whiteboard magnetic niches
[283]
    synthesize next-generation supply-chains
[284]
    productize one-to-one vortals
[285]
    leverage intuitive architectures
[286]
    disintermediate end-to-end niches
[287]
    transition visionary initiatives
[288]
    facilitate efficient convergence
[289]
    brand turn-key channels
[290]
    engineer extensible e-business
[291]
    aggregate B2C methodologies
[292]
    morph transparent e-commerce
[293]
    optimize revolutionary channels
[294]
    syndicate enterprise e-commerce
[295]
    deliver transparent metrics
[296]
    unleash virtual eyeballs
[297]
    harness revolutionary solutions
[298]
    reinvent user-centric e-commerce
[299]
    generate synergistic e-tailers
[300]
    repurpose killer web services
[301]
    target cross-media e-tailers
[302]
    monetize 24/7 channels
[303]
    engineer compelling content
[304]
    unleash scalable relationships
[305]
    empower user-centric architectures
[306]
    expedite open-source technologies
[307]
    aggregate turn-key e-tailers
[308]
    e-enable one-to-one bandwidth
[309]
    syndicate turn-key e-markets
[310]
    scale seamless networks
[311]
    brand dynamic supply-chains
[312]
    extend value-added markets
[313]
    incubate bricks-and-clicks supply-chains
[314]
    revolutionize extensible methodologies
[315]
    deliver seamless e-services
[316]
    redefine transparent info-mediaries
[317]
    iterate bleeding-edge info-mediaries
[318]
    grow real-time action-items
[319]
    redefine viral systems
[320]
    disintermediate scalable ROI
[321]
    whiteboard dot-com systems
[322]
    repurpose collaborative experiences
[323]
    integrate plug-and-play models
[324]
    morph revolutionary channels
[325]
    grow robust convergence
[326]
    monetize front-end experiences
[327]
    transform dot-com applications
[328]
    expedite killer convergence
[329]
    expedite cross-media partnerships
[330]
    orchestrate transparent supply-chains
[331]
    scale open-source synergies
[332]
    transition 24/365 applications
[333]
    architect revolutionary interfaces
[334]
    maximize ubiquitous synergies
[335]
    productize seamless e-commerce
[336]
    streamline global web services
[337]
    synergize plug-and-play functionalities
[338]
    cultivate granular relationships
[339]
    iterate granular e-commerce
[340]
    reinvent cutting-edge partnerships
[341]
    evolve customized platforms
[342]
    architect leading-edge methodologies
[343]
    transition 24/365 schemas
[344]
    enable clicks-and-mortar e-services
[345]
    re-intermediate customized functionalities
[346]
    disintermediate virtual bandwidth
[347]
    grow integrated content
[348]
    reinvent turn-key communities
[349]
    architect cross-platform users
[350]
    cultivate proactive paradigms
[351]
    visualize B2B infrastructures
[352]
    seize mission-critical methodologies
[353]
    matrix user-centric niches
[354]
    utilize enterprise solutions
[355]
    mesh cross-platform paradigms
[356]
    disintermediate virtual synergies
[357]
    enhance best-of-breed web-readiness
[358]
    re-contextualize visionary deliverables
[359]
    innovate efficient methodologies
[360]
    syndicate visionary deliverables
[361]
    expedite intuitive portals
[362]
    grow magnetic eyeballs
[363]
    matrix revolutionary technologies
[364]
    revolutionize plug-and-play architectures
[365]
    utilize integrated e-markets
[366]
    cultivate 24/365 schemas
[367]
    streamline vertical paradigms
[368]
    incentivize real-time initiatives
[369]
    enable wireless web-readiness
[370]
    evolve visionary bandwidth
[371]
    monetize viral paradigms
[372]
    productize bricks-and-clicks web-readiness
[373]
    visualize dynamic convergence
[374]
    monetize B2C convergence
[375]
    disintermediate distributed vortals
[376]
    generate plug-and-play initiatives
[377]
    deploy collaborative markets
[378]
    implement out-of-the-box relationships
[379]
    incentivize real-time eyeballs
[380]
    cultivate sticky communities
[381]
    utilize compelling experiences
[382]
    enable innovative deliverables
[383]
    embrace dynamic web-readiness
[384]
    integrate robust relationships
[385]
    morph strategic ROI
[386]
    generate rich platforms
[387]
    deliver killer methodologies
[388]
    engage strategic solutions
[389]
    transform ubiquitous networks
[390]
    visualize magnetic interfaces
[391]
    reinvent ubiquitous supply-chains
[392]
    incentivize 24/7 technologies
[393]
    transition back-end schemas
[394]
    harness back-end portals
[395]
    engineer rich methodologies
[396]
    scale rich applications
[397]
    iterate world-class e-business
[398]
    productize synergistic infrastructures
[399]
    reinvent viral experiences
[400]
    optimize cutting-edge relationships
[401]
    innovate vertical channels
[402]
    syndicate collaborative solutions
[403]
    architect world-class info-mediaries
[404]
    engage virtual channels
[405]
    engineer one-to-one infrastructures
[406]
    benchmark B2B metrics
[407]
    evolve granular paradigms
[408]
    streamline B2C mindshare
[409]
    innovate revolutionary relationships
[410]
    orchestrate cross-platform synergies
[411]
    incentivize B2B relationships
[412]
    disintermediate efficient e-business
[413]
    strategize B2B ROI
[414]
    engineer turn-key e-business
[415]
    benchmark end-to-end models
[416]
    engage plug-and-play experiences
[417]
    exploit value-added users
[418]
    synthesize dot-com niches
[419]
    mesh granular content
[420]
    unleash one-to-one e-tailers
[421]
    reinvent plug-and-play mindshare
[422]
    strategize customized metrics
[423]
    synthesize extensible partnerships
[424]
    repurpose front-end e-services
[425]
    disintermediate leading-edge portals
[426]
    exploit extensible e-markets
[427]
    generate cross-platform e-tailers
[428]
    deploy compelling schemas
[429]
    leverage end-to-end web services
[430]
    scale global bandwidth
[431]
    incubate efficient experiences
[432]
    harness e-business e-tailers
[433]
    re-contextualize cross-platform synergies
[434]
    extend killer systems
[435]
    maximize 24/365 e-tailers
[436]
    synergize enterprise e-commerce
[437]
    exploit bleeding-edge models
[438]
    expedite scalable niches
[439]
    matrix collaborative paradigms
[440]
    integrate plug-and-play partnerships
[441]
    harness killer info-mediaries
[442]
    scale value-added interfaces
[443]
    morph visionary web-readiness
[444]
    deliver turn-key paradigms
[445]
    target virtual architectures
[446]
    facilitate open-source e-services
[447]
    syndicate bleeding-edge paradigms
[448]
    syndicate intuitive web services
[449]
    visualize killer action-items
[450]
    maximize compelling architectures
[451]
    cultivate end-to-end relationships
[452]
    e-enable magnetic technologies
[453]
    generate ubiquitous action-items
[454]
    e-enable frictionless e-services
[455]
    evolve killer initiatives
[456]
    facilitate collaborative action-items
[457]
    monetize 24/7 markets
[458]
    whiteboard B2C communities
[459]
    seize dynamic paradigms
[460]
    streamline 24/365 metrics
[461]
    scale bricks-and-clicks communities
[462]
    orchestrate bricks-and-clicks functionalities
[463]
    redefine real-time e-commerce
[464]
    productize extensible ROI
[465]
    harness cross-media web-readiness
[466]
    brand impactful ROI
[467]
    benchmark sticky eyeballs
[468]
    drive mission-critical niches
[469]
    synergize plug-and-play convergence
[470]
    scale distributed bandwidth
[471]
    incentivize B2C action-items
[472]
    expedite dot-com functionalities
[473]
    aggregate collaborative bandwidth
[474]
    repurpose transparent bandwidth
[475]
    synthesize interactive initiatives
[476]
    incentivize turn-key vortals
[477]
    drive cross-media methodologies
[478]
    whiteboard interactive models
[479]
    target holistic systems
[480]
    whiteboard real-time e-commerce
[481]
    revolutionize world-class eyeballs
[482]
    incubate strategic supply-chains
[483]
    engage magnetic e-commerce
[484]
    transition plug-and-play architectures
[485]
    leverage collaborative e-tailers
[486]
    cultivate holistic initiatives
[487]
    exploit cross-media methodologies
[488]
    re-intermediate synergistic communities
[489]
    generate web-enabled initiatives
[490]
    engage scalable e-markets
[491]
    implement best-of-breed systems
[492]
    mesh viral metrics
[493]
    synergize intuitive systems
[494]
    evolve customized models
[495]
    engage open-source e-business
[496]
    morph enterprise partnerships
[497]
    enable efficient e-business
[498]
    evolve clicks-and-mortar e-services
[499]
    redefine B2C paradigms
[500]
    productize intuitive metrics
