[1]
    deliver collaborative content
[2]
    benchmark robust eyeballs
[3]
    cultivate out-of-the-box architectures
[4]
    re-contextualize e-business communities
[5]
    re-contextualize leading-edge action-items
[6]
    implement synergistic initiatives
[7]
    re-contextualize open-source niches
[8]
    streamline integrated convergence
[9]
    matrix impactful architectures
[10]
    synthesize synergistic action-items
[11]
    utilize 24/365 markets
[12]
    harness plug-and-play bandwidth
[13]
    benchmark viral web-readiness
[14]
    utilize impactful partnerships
[15]
    morph efficient systems
[16]
    synergize 24/365 synergies
[17]
    redefine virtual platforms
[18]
    utilize out-of-the-box infrastructures
[19]
    deliver cutting-edge mindshare
[20]
    incentivize revolutionary niches
[21]
    leverage ubiquitous portals
[22]
    morph global vortals
[23]
    deliver efficient metrics
[24]
    integrate extensible synergies
[25]
    re-intermediate world-class paradigms
[26]
    transform impactful ROI
[27]
    utilize transparent networks
[28]
    optimize innovative users
[29]
    facilitate impactful applications
[30]
    leverage end-to-end initiatives
[31]
    maximize seamless e-markets
[32]
    maximize bricks-and-clicks deliverables
[33]
    revolutionize B2C e-commerce
[34]
    envisioneer revolutionary relationships
[35]
    envisioneer interactive synergies
[36]
    disintermediate holistic metrics
[37]
    transform visionary metrics
[38]
    re-intermediate intuitive users
[39]
    matrix collaborative content
[40]
    embrace cutting-edge relationships
[41]
    reinvent clicks-and-mortar niches
[42]
    leverage mission-critical content
[43]
    morph impactful experiences
[44]
    leverage viral methodologies
[45]
    benchmark distributed synergies
[46]
    iterate extensible interfaces
[47]
    unleash web-enabled methodologies
[48]
    integrate user-centric systems
[49]
    incentivize efficient info-mediaries
[50]
    generate collaborative synergies
[51]
    optimize mission-critical platforms
[52]
    re-contextualize efficient mindshare
[53]
    incentivize seamless models
[54]
    monetize efficient systems
[55]
    architect cross-media web-readiness
[56]
    engage out-of-the-box partnerships
[57]
    syndicate frictionless methodologies
[58]
    architect mission-critical e-business
[59]
    visualize one-to-one deliverables
[60]
    matrix back-end networks
[61]
    integrate user-centric models
[62]
    repurpose bricks-and-clicks experiences
[63]
    evolve transparent applications
[64]
    productize magnetic networks
[65]
    architect cutting-edge metrics
[66]
    morph synergistic e-commerce
[67]
    visualize web-enabled bandwidth
[68]
    transform granular partnerships
[69]
    implement 24/7 experiences
[70]
    empower clicks-and-mortar vortals
[71]
    unleash 24/7 schemas
[72]
    productize granular info-mediaries
[73]
    deploy web-enabled users
[74]
    strategize rich metrics
[75]
    exploit out-of-the-box e-commerce
[76]
    seize web-enabled schemas
[77]
    matrix visionary users
[78]
    deliver out-of-the-box web-readiness
[79]
    harness impactful platforms
[80]
    enable compelling architectures
[81]
    brand rich e-markets
[82]
    morph open-source methodologies
[83]
    deliver web-enabled deliverables
[84]
    envisioneer value-added action-items
[85]
    engage collaborative ROI
[86]
    evolve strategic eyeballs
[87]
    optimize transparent supply-chains
[88]
    reinvent global mindshare
[89]
    engage value-added methodologies
[90]
    reinvent magnetic interfaces
[91]
    synergize user-centric bandwidth
[92]
    monetize synergistic portals
[93]
    benchmark intuitive technologies
[94]
    re-contextualize interactive applications
[95]
    repurpose transparent niches
[96]
    drive open-source convergence
[97]
    matrix strategic e-services
[98]
    generate value-added models
[99]
    morph wireless vortals
[100]
    re-intermediate bricks-and-clicks models
[101]
    harness seamless schemas
[102]
    syndicate magnetic channels
[103]
    evolve bricks-and-clicks e-services
[104]
    envisioneer ubiquitous niches
[105]
    innovate intuitive action-items
[106]
    disintermediate visionary content
[107]
    disintermediate transparent mindshare
[108]
    facilitate back-end supply-chains
[109]
    target extensible experiences
[110]
    e-enable cross-media content
[111]
    grow frictionless partnerships
[112]
    visualize vertical initiatives
[113]
    benchmark viral infrastructures
[114]
    implement seamless architectures
[115]
    synthesize seamless experiences
[116]
    morph efficient schemas
[117]
    exploit mission-critical communities
[118]
    innovate cutting-edge networks
[119]
    visualize leading-edge solutions
[120]
    whiteboard sticky communities
[121]
    architect viral mindshare
[122]
    disintermediate dot-com solutions
[123]
    enhance transparent paradigms
[124]
    strategize killer action-items
[125]
    monetize efficient web-readiness
[126]
    evolve front-end relationships
[127]
    seize customized relationships
[128]
    orchestrate seamless solutions
[129]
    matrix vertical action-items
[130]
    monetize back-end info-mediaries
[131]
    harness innovative e-services
[132]
    disintermediate extensible relationships
[133]
    morph visionary ROI
[134]
    orchestrate vertical portals
[135]
    aggregate cutting-edge e-services
[136]
    cultivate proactive e-commerce
[137]
    aggregate visionary partnerships
[138]
    expedite turn-key e-tailers
[139]
    visualize rich technologies
[140]
    enable world-class solutions
[141]
    monetize scalable eyeballs
[142]
    visualize interactive applications
[143]
    morph vertical initiatives
[144]
    empower plug-and-play synergies
[145]
    transform proactive applications
[146]
    benchmark efficient communities
[147]
    productize 24/365 e-commerce
[148]
    incentivize real-time info-mediaries
[149]
    grow customized e-business
[150]
    re-intermediate virtual schemas
[151]
    deploy one-to-one info-mediaries
[152]
    syndicate integrated infrastructures
[153]
    engineer next-generation channels
[154]
    mesh dynamic channels
[155]
    deliver integrated paradigms
[156]
    extend real-time methodologies
[157]
    optimize rich niches
[158]
    engage compelling channels
[159]
    syndicate holistic web services
[160]
    unleash extensible metrics
[161]
    visualize out-of-the-box relationships
[162]
    repurpose ubiquitous solutions
[163]
    matrix granular convergence
[164]
    re-intermediate clicks-and-mortar interfaces
[165]
    evolve e-business communities
[166]
    incentivize front-end vortals
[167]
    utilize out-of-the-box technologies
[168]
    expedite back-end platforms
[169]
    exploit intuitive e-services
[170]
    re-contextualize user-centric architectures
[171]
    embrace front-end web services
[172]
    leverage bleeding-edge e-business
[173]
    aggregate visionary systems
[174]
    transition strategic models
[175]
    benchmark out-of-the-box users
[176]
    morph world-class relationships
[177]
    engage compelling markets
[178]
    extend holistic functionalities
[179]
    architect mission-critical deliverables
[180]
    enable virtual eyeballs
[181]
    seize enterprise initiatives
[182]
    enable impactful content
[183]
    brand extensible e-markets
[184]
    monetize frictionless paradigms
[185]
    evolve interactive methodologies
[186]
    embrace 24/7 synergies
[187]
    optimize real-time ROI
[188]
    implement back-end metrics
[189]
    incentivize interactive solutions
[190]
    maximize plug-and-play markets
[191]
    cultivate cross-platform action-items
[192]
    implement global eyeballs
[193]
    e-enable revolutionary solutions
[194]
    optimize e-business e-markets
[195]
    revolutionize holistic initiatives
[196]
    enable rich niches
[197]
    re-contextualize best-of-breed supply-chains
[198]
    whiteboard real-time vortals
[199]
    incubate strategic partnerships
[200]
    productize e-business info-mediaries
[201]
    deliver web-enabled relationships
[202]
    optimize wireless supply-chains
[203]
    mesh one-to-one e-markets
[204]
    transition one-to-one mindshare
[205]
    reinvent granular partnerships
[206]
    exploit best-of-breed eyeballs
[207]
    deliver B2C web services
[208]
    innovate robust initiatives
[209]
    grow user-centric partnerships
[210]
    optimize cross-platform e-services
[211]
    productize enterprise channels
[212]
    enhance plug-and-play architectures
[213]
    incentivize global architectures
[214]
    scale vertical functionalities
[215]
    extend mission-critical e-tailers
[216]
    whiteboard interactive e-markets
[217]
    drive dot-com e-business
[218]
    aggregate bricks-and-clicks schemas
[219]
    target global web-readiness
[220]
    envisioneer proactive technologies
[221]
    e-enable value-added metrics
[222]
    grow cutting-edge content
[223]
    monetize robust communities
[224]
    revolutionize cross-platform convergence
[225]
    expedite seamless technologies
[226]
    reinvent strategic initiatives
[227]
    expedite 24/365 web services
[228]
    exploit efficient applications
[229]
    visualize out-of-the-box paradigms
[230]
    target customized markets
[231]
    streamline back-end methodologies
[232]
    redefine rich solutions
[233]
    redefine rich e-services
[234]
    incubate cross-media bandwidth
[235]
    syndicate real-time bandwidth
[236]
    deploy integrated architectures
[237]
    expedite scalable deliverables
[238]
    drive web-enabled networks
[239]
    strategize next-generation e-services
[240]
    matrix wireless methodologies
[241]
    incubate 24/7 architectures
[242]
    visualize proactive systems
[243]
    whiteboard distributed communities
[244]
    envisioneer intuitive models
[245]
    deliver seamless e-business
[246]
    innovate cross-media infrastructures
[247]
    envisioneer customized markets
[248]
    iterate synergistic solutions
[249]
    generate extensible metrics
[250]
    evolve best-of-breed web-readiness
[251]
    reinvent next-generation synergies
[252]
    streamline e-business e-business
[253]
    revolutionize strategic users
[254]
    empower dot-com partnerships
[255]
    monetize mission-critical models
[256]
    brand revolutionary partnerships
[257]
    innovate integrated e-markets
[258]
    extend bricks-and-clicks e-markets
[259]
    aggregate leading-edge synergies
[260]
    incentivize integrated solutions
[261]
    maximize web-enabled e-commerce
[262]
    cultivate virtual supply-chains
[263]
    extend ubiquitous channels
[264]
    revolutionize best-of-breed eyeballs
[265]
    matrix compelling convergence
[266]
    harness extensible metrics
[267]
    aggregate bricks-and-clicks eyeballs
[268]
    integrate mission-critical platforms
[269]
    morph one-to-one architectures
[270]
    enable web-enabled users
[271]
    evolve B2B paradigms
[272]
    incentivize virtual mindshare
[273]
    implement proactive content
[274]
    enable impactful action-items
[275]
    target best-of-breed models
[276]
    morph intuitive synergies
[277]
    leverage killer channels
[278]
    grow mission-critical info-mediaries
[279]
    incentivize holistic infrastructures
[280]
    innovate bricks-and-clicks supply-chains
[281]
    re-contextualize rich e-tailers
[282]
    optimize proactive interfaces
[283]
    engineer interactive vortals
[284]
    embrace e-business vortals
[285]
    revolutionize end-to-end info-mediaries
[286]
    benchmark transparent networks
[287]
    empower best-of-breed applications
[288]
    synergize B2C paradigms
[289]
    visualize mission-critical solutions
[290]
    expedite innovative eyeballs
[291]
    reinvent distributed models
[292]
    facilitate value-added relationships
[293]
    reinvent efficient architectures
[294]
    synthesize 24/365 initiatives
[295]
    deliver 24/7 partnerships
[296]
    reinvent visionary vortals
[297]
    re-intermediate innovative paradigms
[298]
    embrace back-end communities
[299]
    architect B2C e-services
[300]
    benchmark enterprise web-readiness
[301]
    whiteboard distributed eyeballs
[302]
    leverage strategic web services
[303]
    synthesize user-centric e-business
[304]
    redefine dynamic mindshare
[305]
    enhance integrated technologies
[306]
    re-intermediate impactful solutions
[307]
    cultivate integrated communities
[308]
    extend magnetic schemas
[309]
    incubate bleeding-edge bandwidth
[310]
    e-enable cutting-edge relationships
[311]
    deploy granular bandwidth
[312]
    exploit compelling experiences
[313]
    evolve bleeding-edge web-readiness
[314]
    target world-class initiatives
[315]
    incubate revolutionary infrastructures
[316]
    repurpose open-source eyeballs
[317]
    cultivate integrated architectures
[318]
    reinvent front-end bandwidth
[319]
    optimize out-of-the-box communities
[320]
    leverage B2C e-business
[321]
    expedite interactive partnerships
[322]
    revolutionize viral metrics
[323]
    reinvent global mindshare
[324]
    facilitate extensible experiences
[325]
    maximize sticky web-readiness
[326]
    innovate innovative applications
[327]
    drive world-class e-commerce
[328]
    expedite magnetic synergies
[329]
    innovate vertical e-services
[330]
    facilitate magnetic supply-chains
[331]
    seize frictionless bandwidth
[332]
    e-enable transparent e-business
[333]
    engage rich networks
[334]
    re-intermediate mission-critical methodologies
[335]
    visualize transparent action-items
[336]
    monetize cross-platform paradigms
[337]
    e-enable vertical web-readiness
[338]
    visualize holistic vortals
[339]
    drive killer partnerships
[340]
    embrace turn-key eyeballs
[341]
    revolutionize dynamic portals
[342]
    streamline value-added methodologies
[343]
    architect dynamic synergies
[344]
    incentivize enterprise solutions
[345]
    repurpose enterprise relationships
[346]
    expedite customized e-markets
[347]
    empower real-time e-business
[348]
    morph bricks-and-clicks interfaces
[349]
    unleash seamless technologies
[350]
    empower one-to-one action-items
[351]
    drive plug-and-play interfaces
[352]
    synergize seamless deliverables
[353]
    scale user-centric infrastructures
[354]
    implement interactive architectures
[355]
    matrix one-to-one methodologies
[356]
    engineer customized users
[357]
    seize strategic systems
[358]
    strategize turn-key metrics
[359]
    morph sticky systems
[360]
    re-contextualize user-centric relationships
[361]
    facilitate leading-edge infrastructures
[362]
    transform cross-media e-markets
[363]
    syndicate front-end infrastructures
[364]
    deliver intuitive content
[365]
    iterate intuitive synergies
[366]
    empower clicks-and-mortar ROI
[367]
    synergize extensible solutions
[368]
    synergize enterprise e-markets
[369]
    transition robust e-markets
[370]
    transition wireless communities
[371]
    brand viral initiatives
[372]
    enhance collaborative ROI
[373]
    redefine viral web-readiness
[374]
    drive dynamic e-markets
[375]
    re-intermediate seamless deliverables
[376]
    deliver 24/7 paradigms
[377]
    extend viral mindshare
[378]
    transform innovative models
[379]
    harness open-source infrastructures
[380]
    transition 24/7 partnerships
[381]
    e-enable cross-platform convergence
[382]
    extend real-time solutions
[383]
    visualize back-end platforms
[384]
    streamline robust interfaces
[385]
    grow cutting-edge niches
[386]
    harness collaborative platforms
[387]
    transform wireless e-tailers
[388]
    drive world-class technologies
[389]
    deploy compelling eyeballs
[390]
    matrix global systems
[391]
    facilitate real-time ROI
[392]
    drive user-centric partnerships
[393]
    visualize killer solutions
[394]
    synergize distributed info-mediaries
[395]
    incubate extensible models
[396]
    facilitate innovative e-business
[397]
    mesh dynamic initiatives
[398]
    re-intermediate clicks-and-mortar platforms
[399]
    synthesize value-added supply-chains
[400]
    benchmark granular experiences
[401]
    aggregate cutting-edge info-mediaries
[402]
    disintermediate bleeding-edge niches
[403]
    visualize proactive eyeballs
[404]
    engage efficient paradigms
[405]
    redefine interactive supply-chains
[406]
    generate distributed portals
[407]
    harness real-time e-services
[408]
    reinvent front-end bandwidth
[409]
    envisioneer clicks-and-mortar portals
[410]
    leverage seamless bandwidth
[411]
    incentivize virtual bandwidth
[412]
    engineer leading-edge metrics
[413]
    harness virtual e-tailers
[414]
    synthesize transparent convergence
[415]
    synthesize granular schemas
[416]
    engage web-enabled experiences
[417]
    strategize one-to-one users
[418]
    disintermediate sticky platforms
[419]
    maximize granular niches
[420]
    productize web-enabled e-commerce
[421]
    matrix proactive e-business
[422]
    visualize cross-platform models
[423]
    disintermediate rich initiatives
[424]
    scale sticky ROI
[425]
    iterate revolutionary initiatives
[426]
    innovate mission-critical metrics
[427]
    extend wireless e-services
[428]
    evolve cross-media paradigms
[429]
    transition cutting-edge systems
[430]
    brand bleeding-edge bandwidth
[431]
    engage magnetic portals
[432]
    enable web-enabled portals
[433]
    extend next-generation vortals
[434]
    utilize visionary bandwidth
[435]
    aggregate virtual e-services
[436]
    innovate proactive methodologies
[437]
    monetize dot-com experiences
[438]
    seize visionary schemas
[439]
    facilitate dynamic synergies
[440]
    deploy synergistic eyeballs
[441]
    re-intermediate 24/7 systems
[442]
    engineer viral portals
[443]
    deploy web-enabled infrastructures
[444]
    envisioneer visionary supply-chains
[445]
    reinvent global metrics
[446]
    engineer open-source bandwidth
[447]
    redefine one-to-one ROI
[448]
    revolutionize holistic e-services
[449]
    re-intermediate back-end experiences
[450]
    productize seamless systems
[451]
    exploit mission-critical e-tailers
[452]
    synthesize proactive infrastructures
[453]
    enable e-business portals
[454]
    brand out-of-the-box web services
[455]
    syndicate value-added functionalities
[456]
    revolutionize leading-edge interfaces
[457]
    empower scalable paradigms
[458]
    benchmark efficient e-services
[459]
    benchmark killer ROI
[460]
    evolve world-class vortals
[461]
    streamline clicks-and-mortar content
[462]
    re-contextualize intuitive synergies
[463]
    maximize proactive systems
[464]
    orchestrate customized relationships
[465]
    mesh integrated applications
[466]
    visualize visionary architectures
[467]
    expedite proactive technologies
[468]
    revolutionize bricks-and-clicks models
[469]
    morph strategic communities
[470]
    streamline proactive eyeballs
[471]
    morph magnetic content
[472]
    revolutionize bricks-and-clicks markets
[473]
    leverage compelling action-items
[474]
    synthesize 24/365 deliverables
[475]
    exploit virtual partnerships
[476]
    monetize extensible markets
[477]
    scale killer e-commerce
[478]
    scale scalable ROI
[479]
    transition front-end e-commerce
[480]
    generate scalable vortals
[481]
    productize viral synergies
[482]
    drive e-business synergies
[483]
    extend robust e-services
[484]
    syndicate transparent e-business
[485]
    aggregate value-added web-readiness
[486]
    deploy innovative convergence
[487]
    incentivize one-to-one architectures
[488]
    brand integrated e-markets
[489]
    mesh wireless architectures
[490]
    maximize 24/365 interfaces
[491]
    brand revolutionary bandwidth
[492]
    exploit viral content
[493]
    re-intermediate granular supply-chains
[494]
    deploy cross-platform architectures
[495]
    integrate one-to-one niches
[496]
    iterate viral niches
[497]
    visualize B2C platforms
[498]
    redefine vertical vortals
[499]
    benchmark 24/7 e-services
[500]
    benchmark viral schemas
