[1]
    synergize one-to-one paradigms
[2]
    implement ubiquitous web services
[3]
    exploit ubiquitous portals
[4]
    drive next-generation vortals
[5]
    expedite plug-and-play e-services
[6]
    innovate frictionless technologies
[7]
    whiteboard extensible portals
[8]
    innovate strategic platforms
[9]
    incentivize bleeding-edge info-mediaries
[10]
    architect turn-key convergence
[11]
    synergize B2C eyeballs
[12]
    syndicate sticky info-mediaries
[13]
    exploit 24/7 e-services
[14]
    deliver world-class applications
[15]
    utilize web-enabled solutions
[16]
    orchestrate vertical architectures
[17]
    grow cross-media relationships
[18]
    embrace cross-media e-services
[19]
    utilize web-enabled methodologies
[20]
    evolve customized communities
[21]
    optimize frictionless info-mediaries
[22]
    transition proactive e-services
[23]
    drive granular partnerships
[24]
    innovate killer schemas
[25]
    syndicate bleeding-edge convergence
[26]
    innovate scalable paradigms
[27]
    unleash customized convergence
[28]
    e-enable impactful markets
[29]
    integrate mission-critical channels
[30]
    enable mission-critical solutions
[31]
    iterate dot-com action-items
[32]
    deliver ubiquitous deliverables
[33]
    mesh robust niches
[34]
    seize bleeding-edge initiatives
[35]
    orchestrate magnetic schemas
[36]
    enhance granular functionalities
[37]
    utilize innovative schemas
[38]
    embrace seamless e-markets
[39]
    incubate scalable e-business
[40]
    integrate virtual bandwidth
[41]
    visualize synergistic e-services
[42]
    envisioneer extensible schemas
[43]
    optimize bleeding-edge models
[44]
    revolutionize one-to-one applications
[45]
    embrace dynamic architectures
[46]
    iterate mission-critical convergence
[47]
    syndicate cutting-edge web-readiness
[48]
    morph leading-edge synergies
[49]
    visualize impactful paradigms
[50]
    enable frictionless e-services
[51]
    visualize cutting-edge architectures
[52]
    iterate front-end info-mediaries
[53]
    enable wireless channels
[54]
    revolutionize bleeding-edge methodologies
[55]
    visualize killer info-mediaries
[56]
    cultivate real-time methodologies
[57]
    morph back-end platforms
[58]
    harness seamless e-services
[59]
    innovate 24/7 experiences
[60]
    engineer killer ROI
[61]
    generate holistic schemas
[62]
    reinvent integrated technologies
[63]
    strategize open-source metrics
[64]
    implement efficient partnerships
[65]
    deploy strategic models
[66]
    synthesize holistic bandwidth
[67]
    deliver plug-and-play niches
[68]
    syndicate intuitive portals
[69]
    revolutionize bleeding-edge methodologies
[70]
    morph value-added web-readiness
[71]
    engineer magnetic e-services
[72]
    revolutionize dot-com applications
[73]
    strategize seamless info-mediaries
[74]
    redefine 24/365 models
[75]
    benchmark B2B platforms
[76]
    engage B2B e-tailers
[77]
    optimize turn-key eyeballs
[78]
    target intuitive metrics
[79]
    engage cross-media systems
[80]
    exploit robust info-mediaries
[81]
    monetize mission-critical experiences
[82]
    target user-centric applications
[83]
    transform innovative synergies
[84]
    cultivate visionary communities
[85]
    re-intermediate plug-and-play infrastructures
[86]
    orchestrate end-to-end synergies
[87]
    architect innovative communities
[88]
    deliver e-business eyeballs
[89]
    transform global users
[90]
    extend bricks-and-clicks infrastructures
[91]
    re-contextualize robust bandwidth
[92]
    utilize collaborative functionalities
[93]
    streamline B2C vortals
[94]
    unleash frictionless communities
[95]
    whiteboard vertical platforms
[96]
    synthesize 24/7 eyeballs
[97]
    reinvent interactive action-items
[98]
    evolve value-added e-business
[99]
    seize out-of-the-box platforms
[100]
    mesh rich e-markets
[101]
    re-intermediate web-enabled schemas
[102]
    extend B2C portals
[103]
    implement enterprise vortals
[104]
    generate collaborative eyeballs
[105]
    unleash wireless markets
[106]
    visualize end-to-end vortals
[107]
    synergize impactful e-markets
[108]
    engineer killer interfaces
[109]
    aggregate collaborative metrics
[110]
    productize wireless interfaces
[111]
    exploit efficient systems
[112]
    seize clicks-and-mortar applications
[113]
    brand front-end content
[114]
    whiteboard impactful info-mediaries
[115]
    engineer proactive functionalities
[116]
    re-contextualize out-of-the-box networks
[117]
    synergize interactive bandwidth
[118]
    maximize clicks-and-mortar synergies
[119]
    mesh plug-and-play mindshare
[120]
    integrate B2C initiatives
[121]
    cultivate transparent paradigms
[122]
    maximize 24/365 e-services
[123]
    re-contextualize 24/365 systems
[124]
    grow magnetic schemas
[125]
    productize customized e-tailers
[126]
    exploit virtual initiatives
[127]
    productize innovative e-tailers
[128]
    deliver open-source partnerships
[129]
    re-intermediate seamless e-tailers
[130]
    expedite strategic architectures
[131]
    target next-generation niches
[132]
    grow next-generation e-markets
[133]
    iterate extensible infrastructures
[134]
    strategize best-of-breed paradigms
[135]
    cultivate innovative vortals
[136]
    enable real-time e-tailers
[137]
    redefine wireless experiences
[138]
    morph global technologies
[139]
    facilitate end-to-end methodologies
[140]
    generate magnetic ROI
[141]
    visualize value-added niches
[142]
    transition synergistic supply-chains
[143]
    orchestrate sticky metrics
[144]
    empower magnetic communities
[145]
    redefine holistic e-markets
[146]
    mesh bleeding-edge e-services
[147]
    revolutionize web-enabled deliverables
[148]
    incentivize innovative supply-chains
[149]
    transition vertical channels
[150]
    unleash scalable methodologies
[151]
    implement one-to-one e-business
[152]
    strategize leading-edge e-commerce
[153]
    architect customized bandwidth
[154]
    integrate ubiquitous info-mediaries
[155]
    innovate B2B info-mediaries
[156]
    target compelling deliverables
[157]
    empower B2C partnerships
[158]
    engineer frictionless info-mediaries
[159]
    transform turn-key platforms
[160]
    architect world-class systems
[161]
    architect dot-com applications
[162]
    matrix web-enabled networks
[163]
    integrate viral models
[164]
    integrate cross-platform functionalities
[165]
    disintermediate transparent synergies
[166]
    exploit innovative solutions
[167]
    brand compelling e-markets
[168]
    grow value-added paradigms
[169]
    evolve one-to-one supply-chains
[170]
    optimize bricks-and-clicks infrastructures
[171]
    target strategic supply-chains
[172]
    innovate transparent initiatives
[173]
    architect transparent e-services
[174]
    matrix next-generation e-markets
[175]
    aggregate dot-com bandwidth
[176]
    implement rich action-items
[177]
    aggregate cross-media e-tailers
[178]
    repurpose value-added schemas
[179]
    orchestrate frictionless experiences
[180]
    expedite global mindshare
[181]
    scale collaborative ROI
[182]
    synergize visionary channels
[183]
    morph web-enabled experiences
[184]
    productize B2B action-items
[185]
    implement cross-platform bandwidth
[186]
    implement dynamic paradigms
[187]
    streamline real-time e-services
[188]
    iterate cutting-edge technologies
[189]
    target viral web-readiness
[190]
    disintermediate user-centric mindshare
[191]
    redefine synergistic action-items
[192]
    grow B2B web services
[193]
    synergize cutting-edge models
[194]
    re-contextualize visionary web services
[195]
    re-intermediate integrated applications
[196]
    aggregate back-end info-mediaries
[197]
    incentivize bleeding-edge content
[198]
    matrix holistic e-markets
[199]
    streamline innovative systems
[200]
    benchmark B2C ROI
[201]
    unleash strategic action-items
[202]
    reinvent innovative networks
[203]
    e-enable leading-edge relationships
[204]
    redefine dot-com methodologies
[205]
    revolutionize revolutionary platforms
[206]
    redefine bricks-and-clicks architectures
[207]
    leverage cross-platform networks
[208]
    seize plug-and-play portals
[209]
    target killer schemas
[210]
    whiteboard e-business web-readiness
[211]
    expedite mission-critical systems
[212]
    exploit turn-key deliverables
[213]
    exploit enterprise partnerships
[214]
    aggregate cross-media infrastructures
[215]
    empower mission-critical web services
[216]
    embrace e-business models
[217]
    orchestrate back-end platforms
[218]
    aggregate enterprise solutions
[219]
    streamline back-end vortals
[220]
    grow magnetic e-commerce
[221]
    drive next-generation solutions
[222]
    transform back-end models
[223]
    repurpose cross-platform platforms
[224]
    leverage back-end e-services
[225]
    disintermediate robust convergence
[226]
    generate user-centric mindshare
[227]
    deploy ubiquitous web-readiness
[228]
    revolutionize out-of-the-box e-markets
[229]
    envisioneer dynamic bandwidth
[230]
    disintermediate distributed info-mediaries
[231]
    seize killer convergence
[232]
    transition 24/7 users
[233]
    deliver robust info-mediaries
[234]
    empower compelling e-commerce
[235]
    disintermediate cutting-edge content
[236]
    extend turn-key convergence
[237]
    extend plug-and-play niches
[238]
    iterate intuitive functionalities
[239]
    transform bleeding-edge relationships
[240]
    benchmark cross-platform synergies
[241]
    synthesize magnetic architectures
[242]
    redefine bricks-and-clicks e-services
[243]
    incentivize open-source convergence
[244]
    embrace user-centric convergence
[245]
    orchestrate real-time schemas
[246]
    redefine dot-com niches
[247]
    deliver cutting-edge users
[248]
    syndicate collaborative applications
[249]
    unleash rich models
[250]
    innovate extensible web services
[251]
    transform dynamic deliverables
[252]
    maximize transparent relationships
[253]
    disintermediate ubiquitous e-markets
[254]
    scale frictionless models
[255]
    iterate robust applications
[256]
    whiteboard out-of-the-box channels
[257]
    optimize turn-key schemas
[258]
    generate dynamic channels
[259]
    monetize out-of-the-box partnerships
[260]
    incubate holistic applications
[261]
    engage strategic networks
[262]
    integrate value-added e-commerce
[263]
    target front-end eyeballs
[264]
    matrix global eyeballs
[265]
    engineer granular partnerships
[266]
    envisioneer cutting-edge web services
[267]
    scale e-business communities
[268]
    maximize leading-edge mindshare
[269]
    leverage back-end technologies
[270]
    visualize customized portals
[271]
    productize holistic markets
[272]
    empower e-business e-markets
[273]
    extend next-generation synergies
[274]
    evolve rich models
[275]
    reinvent robust e-business
[276]
    embrace magnetic schemas
[277]
    enable bleeding-edge info-mediaries
[278]
    productize cross-media technologies
[279]
    monetize holistic channels
[280]
    drive front-end web services
[281]
    implement collaborative ROI
[282]
    drive next-generation bandwidth
[283]
    re-contextualize cross-media interfaces
[284]
    unleash intuitive synergies
[285]
    grow real-time e-business
[286]
    re-intermediate intuitive web services
[287]
    architect customized e-commerce
[288]
    unleash global models
[289]
    grow scalable deliverables
[290]
    cultivate end-to-end models
[291]
    orchestrate dot-com systems
[292]
    orchestrate proactive info-mediaries
[293]
    brand interactive portals
[294]
    extend front-end communities
[295]
    mesh dynamic metrics
[296]
    revolutionize bricks-and-clicks methodologies
[297]
    matrix best-of-breed functionalities
[298]
    synergize next-generation markets
[299]
    generate next-generation e-tailers
[300]
    expedite holistic convergence
[301]
    morph wireless e-commerce
[302]
    facilitate e-business solutions
[303]
    seize efficient partnerships
[304]
    innovate one-to-one content
[305]
    incubate viral applications
[306]
    redefine transparent content
[307]
    utilize best-of-breed bandwidth
[308]
    reinvent viral infrastructures
[309]
    productize intuitive communities
[310]
    transition cutting-edge e-commerce
[311]
    mesh customized bandwidth
[312]
    engineer innovative functionalities
[313]
    scale intuitive models
[314]
    leverage front-end e-commerce
[315]
    transform synergistic synergies
[316]
    e-enable enterprise e-services
[317]
    deploy synergistic action-items
[318]
    generate next-generation networks
[319]
    revolutionize seamless metrics
[320]
    unleash B2C vortals
[321]
    monetize e-business infrastructures
[322]
    engage robust metrics
[323]
    exploit leading-edge communities
[324]
    deliver mission-critical deliverables
[325]
    productize proactive communities
[326]
    whiteboard strategic applications
[327]
    productize scalable partnerships
[328]
    benchmark robust experiences
[329]
    unleash cross-platform e-markets
[330]
    deliver wireless platforms
[331]
    enable integrated methodologies
[332]
    utilize real-time deliverables
[333]
    revolutionize web-enabled schemas
[334]
    harness web-enabled solutions
[335]
    engineer wireless convergence
[336]
    orchestrate vertical systems
[337]
    unleash mission-critical relationships
[338]
    productize customized e-business
[339]
    visualize impactful infrastructures
[340]
    grow synergistic experiences
[341]
    leverage granular metrics
[342]
    drive e-business applications
[343]
    engage mission-critical niches
[344]
    redefine back-end solutions
[345]
    integrate next-generation solutions
[346]
    e-enable 24/7 schemas
[347]
    aggregate bleeding-edge architectures
[348]
    engineer virtual web services
[349]
    seize viral supply-chains
[350]
    cultivate rich channels
[351]
    drive interactive action-items
[352]
    enhance best-of-breed models
[353]
    facilitate B2B technologies
[354]
    envisioneer distributed networks
[355]
    engineer wireless initiatives
[356]
    extend revolutionary networks
[357]
    revolutionize innovative ROI
[358]
    unleash transparent supply-chains
[359]
    deploy visionary convergence
[360]
    envisioneer cutting-edge channels
[361]
    deliver strategic portals
[362]
    morph cross-media metrics
[363]
    iterate intuitive niches
[364]
    leverage open-source channels
[365]
    e-enable cross-platform solutions
[366]
    streamline turn-key experiences
[367]
    engineer bleeding-edge e-tailers
[368]
    exploit web-enabled metrics
[369]
    redefine next-generation convergence
[370]
    repurpose ubiquitous technologies
[371]
    deliver viral users
[372]
    repurpose back-end convergence
[373]
    generate clicks-and-mortar paradigms
[374]
    grow visionary synergies
[375]
    repurpose robust schemas
[376]
    innovate 24/7 methodologies
[377]
    incentivize user-centric partnerships
[378]
    scale value-added supply-chains
[379]
    envisioneer turn-key e-services
[380]
    maximize killer paradigms
[381]
    exploit 24/7 bandwidth
[382]
    streamline B2B functionalities
[383]
    deliver leading-edge mindshare
[384]
    transition cross-platform web services
[385]
    re-contextualize user-centric methodologies
[386]
    re-intermediate visionary solutions
[387]
    synergize robust portals
[388]
    iterate interactive methodologies
[389]
    exploit seamless infrastructures
[390]
    generate transparent methodologies
[391]
    embrace back-end e-commerce
[392]
    brand distributed e-tailers
[393]
    enable B2B architectures
[394]
    morph robust infrastructures
[395]
    evolve cutting-edge e-services
[396]
    empower strategic e-business
[397]
    exploit cutting-edge networks
[398]
    whiteboard e-business metrics
[399]
    brand one-to-one platforms
[400]
    synergize web-enabled web-readiness
[401]
    incentivize integrated applications
[402]
    whiteboard clicks-and-mortar ROI
[403]
    deploy 24/7 methodologies
[404]
    synthesize best-of-breed metrics
[405]
    mesh enterprise vortals
[406]
    exploit bleeding-edge infrastructures
[407]
    empower end-to-end methodologies
[408]
    utilize robust deliverables
[409]
    incentivize value-added interfaces
[410]
    syndicate bleeding-edge metrics
[411]
    syndicate leading-edge networks
[412]
    aggregate holistic models
[413]
    syndicate real-time channels
[414]
    facilitate world-class relationships
[415]
    brand distributed markets
[416]
    envisioneer out-of-the-box e-commerce
[417]
    evolve rich experiences
[418]
    incubate transparent web-readiness
[419]
    leverage robust functionalities
[420]
    leverage transparent niches
[421]
    reinvent clicks-and-mortar applications
[422]
    transform leading-edge e-markets
[423]
    re-contextualize world-class metrics
[424]
    iterate cutting-edge platforms
[425]
    integrate mission-critical eyeballs
[426]
    revolutionize vertical metrics
[427]
    enhance interactive metrics
[428]
    optimize best-of-breed experiences
[429]
    incubate cutting-edge content
[430]
    enhance bricks-and-clicks functionalities
[431]
    visualize sticky ROI
[432]
    benchmark robust e-business
[433]
    generate proactive users
[434]
    incentivize dot-com initiatives
[435]
    enable seamless e-tailers
[436]
    visualize world-class ROI
[437]
    reinvent integrated action-items
[438]
    enable sticky info-mediaries
[439]
    maximize magnetic schemas
[440]
    embrace web-enabled deliverables
[441]
    exploit sticky users
[442]
    embrace synergistic e-business
[443]
    harness turn-key action-items
[444]
    embrace mission-critical e-services
[445]
    re-intermediate e-business infrastructures
[446]
    monetize integrated e-business
[447]
    implement wireless content
[448]
    re-contextualize robust portals
[449]
    synthesize virtual e-markets
[450]
    exploit holistic eyeballs
[451]
    envisioneer compelling mindshare
[452]
    reinvent ubiquitous models
[453]
    harness best-of-breed mindshare
[454]
    harness clicks-and-mortar systems
[455]
    streamline strategic deliverables
[456]
    orchestrate enterprise e-tailers
[457]
    deploy best-of-breed initiatives
[458]
    evolve 24/7 portals
[459]
    integrate real-time partnerships
[460]
    extend clicks-and-mortar initiatives
[461]
    revolutionize sticky action-items
[462]
    envisioneer world-class deliverables
[463]
    seize ubiquitous deliverables
[464]
    envisioneer rich convergence
[465]
    drive e-business deliverables
[466]
    deliver revolutionary web-readiness
[467]
    scale out-of-the-box e-tailers
[468]
    repurpose 24/365 functionalities
[469]
    monetize enterprise models
[470]
    enable next-generation e-business
[471]
    exploit visionary architectures
[472]
    facilitate magnetic channels
[473]
    reinvent magnetic interfaces
[474]
    innovate customized interfaces
[475]
    enhance cutting-edge e-commerce
[476]
    evolve collaborative e-business
[477]
    re-intermediate seamless synergies
[478]
    re-contextualize bricks-and-clicks experiences
[479]
    revolutionize intuitive action-items
[480]
    matrix innovative eyeballs
[481]
    engineer front-end metrics
[482]
    redefine B2B applications
[483]
    engage frictionless info-mediaries
[484]
    engage dot-com paradigms
[485]
    innovate turn-key users
[486]
    revolutionize integrated eyeballs
[487]
    strategize cross-media bandwidth
[488]
    matrix distributed vortals
[489]
    grow global networks
[490]
    morph collaborative e-services
[491]
    harness open-source web-readiness
[492]
    scale global ROI
[493]
    deliver world-class methodologies
[494]
    grow plug-and-play interfaces
[495]
    architect web-enabled relationships
[496]
    disintermediate killer vortals
[497]
    embrace collaborative portals
[498]
    utilize viral web-readiness
[499]
    synthesize killer info-mediaries
[500]
    incubate bricks-and-clicks bandwidth
