[1]
    optimize e-business e-tailers
[2]
    matrix back-end synergies
[3]
    benchmark rich networks
[4]
    incentivize integrated solutions
[5]
    aggregate one-to-one deliverables
[6]
    synthesize revolutionary portals
[7]
    engineer proactive synergies
[8]
    architect dot-com content
[9]
    scale back-end interfaces
[10]
    synergize one-to-one channels
[11]
    cultivate compelling infrastructures
[12]
    brand cutting-edge convergence
[13]
    incentivize next-generation users
[14]
    generate robust experiences
[15]
    morph collaborative paradigms
[16]
    brand end-to-end supply-chains
[17]
    revolutionize B2C ROI
[18]
    synergize ubiquitous e-markets
[19]
    embrace viral bandwidth
[20]
    unleash web-enabled partnerships
[21]
    synergize killer web services
[22]
    deliver dynamic deliverables
[23]
    monetize intuitive architectures
[24]
    engage extensible relationships
[25]
    engage end-to-end ROI
[26]
    visualize enterprise paradigms
[27]
    extend interactive e-commerce
[28]
    incentivize virtual mindshare
[29]
    integrate efficient channels
[30]
    integrate scalable content
[31]
    productize innovative users
[32]
    re-contextualize intuitive ROI
[33]
    iterate open-source niches
[34]
    integrate wireless ROI
[35]
    implement compelling platforms
[36]
    innovate frictionless relationships
[37]
    seize distributed schemas
[38]
    morph virtual schemas
[39]
    incubate back-end solutions
[40]
    disintermediate killer relationships
[41]
    reinvent customized metrics
[42]
    visualize B2C models
[43]
    matrix strategic channels
[44]
    utilize sticky experiences
[45]
    deploy cross-media technologies
[46]
    incubate enterprise web services
[47]
    exploit compelling e-tailers
[48]
    visualize frictionless content
[49]
    target cross-platform models
[50]
    unleash cutting-edge web services
[51]
    deploy efficient content
[52]
    optimize revolutionary methodologies
[53]
    streamline front-end portals
[54]
    utilize vertical schemas
[55]
    grow distributed initiatives
[56]
    cultivate innovative communities
[57]
    synergize open-source channels
[58]
    iterate front-end ROI
[59]
    matrix revolutionary e-business
[60]
    repurpose transparent architectures
[61]
    cultivate virtual channels
[62]
    whiteboard viral deliverables
[63]
    productize customized portals
[64]
    exploit global relationships
[65]
    re-intermediate cutting-edge convergence
[66]
    implement strategic convergence
[67]
    morph back-end info-mediaries
[68]
    embrace B2B paradigms
[69]
    extend cross-media convergence
[70]
    re-intermediate frictionless e-business
[71]
    cultivate next-generation models
[72]
    envisioneer revolutionary paradigms
[73]
    drive dot-com deliverables
[74]
    drive seamless mindshare
[75]
    matrix global channels
[76]
    seize plug-and-play users
[77]
    brand one-to-one platforms
[78]
    reinvent bricks-and-clicks e-commerce
[79]
    expedite compelling deliverables
[80]
    maximize strategic e-tailers
[81]
    aggregate 24/365 methodologies
[82]
    harness end-to-end channels
[83]
    optimize one-to-one interfaces
[84]
    matrix wireless technologies
[85]
    grow customized partnerships
[86]
    matrix wireless content
[87]
    re-contextualize robust e-tailers
[88]
    mesh e-business convergence
[89]
    empower strategic channels
[90]
    streamline revolutionary schemas
[91]
    aggregate intuitive technologies
[92]
    leverage robust solutions
[93]
    engineer revolutionary initiatives
[94]
    enable virtual metrics
[95]
    generate bleeding-edge architectures
[96]
    deploy efficient solutions
[97]
    facilitate B2C markets
[98]
    disintermediate 24/365 communities
[99]
    facilitate B2B synergies
[100]
    synergize wireless vortals
[101]
    utilize efficient eyeballs
[102]
    facilitate robust communities
[103]
    engineer e-business action-items
[104]
    embrace innovative initiatives
[105]
    innovate distributed e-markets
[106]
    mesh real-time synergies
[107]
    whiteboard clicks-and-mortar systems
[108]
    exploit synergistic metrics
[109]
    redefine leading-edge infrastructures
[110]
    whiteboard robust relationships
[111]
    morph synergistic schemas
[112]
    e-enable B2B niches
[113]
    expedite cross-media info-mediaries
[114]
    aggregate granular platforms
[115]
    productize world-class content
[116]
    utilize granular e-services
[117]
    matrix virtual e-services
[118]
    grow visionary paradigms
[119]
    synergize web-enabled deliverables
[120]
    cultivate proactive markets
[121]
    transform e-business relationships
[122]
    extend revolutionary functionalities
[123]
    facilitate virtual action-items
[124]
    syndicate bleeding-edge users
[125]
    exploit holistic methodologies
[126]
    maximize end-to-end mindshare
[127]
    integrate e-business vortals
[128]
    synergize sticky interfaces
[129]
    empower visionary e-markets
[130]
    facilitate distributed supply-chains
[131]
    drive cross-platform supply-chains
[132]
    benchmark B2C e-services
[133]
    incubate strategic e-services
[134]
    redefine global metrics
[135]
    expedite killer communities
[136]
    scale extensible web-readiness
[137]
    expedite interactive relationships
[138]
    embrace vertical supply-chains
[139]
    extend frictionless content
[140]
    envisioneer B2B portals
[141]
    empower extensible action-items
[142]
    enable granular content
[143]
    expedite customized metrics
[144]
    integrate one-to-one schemas
[145]
    envisioneer compelling convergence
[146]
    leverage one-to-one info-mediaries
[147]
    visualize visionary info-mediaries
[148]
    matrix viral action-items
[149]
    syndicate end-to-end paradigms
[150]
    envisioneer synergistic ROI
[151]
    orchestrate front-end action-items
[152]
    enhance out-of-the-box eyeballs
[153]
    orchestrate enterprise e-markets
[154]
    engineer 24/365 infrastructures
[155]
    enable cutting-edge paradigms
[156]
    matrix transparent mindshare
[157]
    synthesize e-business partnerships
[158]
    incentivize B2B functionalities
[159]
    grow one-to-one e-markets
[160]
    grow one-to-one partnerships
[161]
    incentivize ubiquitous e-services
[162]
    seize web-enabled channels
[163]
    empower compelling infrastructures
[164]
    architect 24/7 action-items
[165]
    grow turn-key infrastructures
[166]
    re-intermediate dynamic action-items
[167]
    architect user-centric e-business
[168]
    enhance rich communities
[169]
    seize frictionless e-commerce
[170]
    enable collaborative relationships
[171]
    re-contextualize visionary e-tailers
[172]
    transition next-generation supply-chains
[173]
    embrace 24/365 channels
[174]
    engage bricks-and-clicks bandwidth
[175]
    utilize customized e-business
[176]
    revolutionize revolutionary supply-chains
[177]
    utilize visionary e-services
[178]
    drive next-generation e-markets
[179]
    orchestrate extensible web services
[180]
    extend one-to-one bandwidth
[181]
    empower web-enabled users
[182]
    strategize turn-key functionalities
[183]
    revolutionize transparent mindshare
[184]
    orchestrate dot-com e-commerce
[185]
    utilize impactful web-readiness
[186]
    extend seamless experiences
[187]
    transform bricks-and-clicks deliverables
[188]
    visualize transparent channels
[189]
    benchmark wireless e-commerce
[190]
    enhance turn-key web-readiness
[191]
    transition mission-critical interfaces
[192]
    scale revolutionary initiatives
[193]
    mesh bricks-and-clicks interfaces
[194]
    orchestrate collaborative e-services
[195]
    repurpose intuitive web services
[196]
    implement robust info-mediaries
[197]
    re-intermediate dynamic networks
[198]
    syndicate visionary infrastructures
[199]
    optimize collaborative communities
[200]
    harness turn-key bandwidth
[201]
    incubate end-to-end metrics
[202]
    empower back-end solutions
[203]
    incubate extensible experiences
[204]
    harness ubiquitous info-mediaries
[205]
    disintermediate distributed info-mediaries
[206]
    deploy plug-and-play experiences
[207]
    scale frictionless supply-chains
[208]
    whiteboard sticky networks
[209]
    reinvent web-enabled supply-chains
[210]
    deliver virtual functionalities
[211]
    deliver cross-media methodologies
[212]
    enable integrated supply-chains
[213]
    brand extensible supply-chains
[214]
    incubate interactive convergence
[215]
    disintermediate extensible initiatives
[216]
    re-intermediate wireless vortals
[217]
    innovate virtual portals
[218]
    seize transparent paradigms
[219]
    whiteboard intuitive web services
[220]
    envisioneer compelling relationships
[221]
    visualize rich niches
[222]
    extend viral deliverables
[223]
    integrate turn-key portals
[224]
    e-enable innovative architectures
[225]
    brand strategic technologies
[226]
    orchestrate world-class solutions
[227]
    incentivize plug-and-play models
[228]
    seize robust functionalities
[229]
    e-enable one-to-one paradigms
[230]
    morph magnetic e-markets
[231]
    optimize interactive eyeballs
[232]
    innovate revolutionary niches
[233]
    synthesize customized channels
[234]
    enhance customized users
[235]
    benchmark leading-edge networks
[236]
    visualize interactive e-services
[237]
    utilize clicks-and-mortar experiences
[238]
    grow cross-platform networks
[239]
    revolutionize proactive mindshare
[240]
    engage dynamic action-items
[241]
    e-enable granular users
[242]
    engage turn-key users
[243]
    engineer extensible bandwidth
[244]
    syndicate customized vortals
[245]
    envisioneer impactful partnerships
[246]
    brand web-enabled communities
[247]
    reinvent B2C markets
[248]
    harness user-centric e-markets
[249]
    incubate robust relationships
[250]
    grow synergistic vortals
[251]
    streamline granular content
[252]
    reinvent cutting-edge channels
[253]
    re-intermediate robust communities
[254]
    harness proactive portals
[255]
    envisioneer magnetic systems
[256]
    whiteboard bleeding-edge ROI
[257]
    facilitate best-of-breed bandwidth
[258]
    expedite customized supply-chains
[259]
    reinvent turn-key paradigms
[260]
    harness integrated e-services
[261]
    maximize viral niches
[262]
    deploy efficient functionalities
[263]
    scale e-business vortals
[264]
    brand synergistic infrastructures
[265]
    evolve cross-media systems
[266]
    morph distributed channels
[267]
    implement mission-critical e-commerce
[268]
    empower dynamic methodologies
[269]
    orchestrate leading-edge models
[270]
    strategize impactful channels
[271]
    embrace transparent ROI
[272]
    repurpose out-of-the-box functionalities
[273]
    expedite intuitive schemas
[274]
    deploy sticky infrastructures
[275]
    incentivize killer methodologies
[276]
    iterate ubiquitous eyeballs
[277]
    innovate frictionless e-tailers
[278]
    transition rich experiences
[279]
    matrix wireless schemas
[280]
    maximize one-to-one e-business
[281]
    exploit interactive paradigms
[282]
    whiteboard B2B web services
[283]
    incubate distributed systems
[284]
    aggregate B2B synergies
[285]
    scale 24/365 solutions
[286]
    morph revolutionary metrics
[287]
    e-enable efficient channels
[288]
    aggregate distributed models
[289]
    enable integrated schemas
[290]
    matrix sticky partnerships
[291]
    extend 24/7 initiatives
[292]
    exploit e-business action-items
[293]
    orchestrate revolutionary technologies
[294]
    redefine B2B architectures
[295]
    incentivize scalable web-readiness
[296]
    evolve granular applications
[297]
    exploit sticky e-tailers
[298]
    transform interactive functionalities
[299]
    iterate best-of-breed niches
[300]
    envisioneer robust infrastructures
[301]
    envisioneer revolutionary models
[302]
    productize visionary content
[303]
    e-enable plug-and-play supply-chains
[304]
    grow leading-edge vortals
[305]
    visualize next-generation synergies
[306]
    streamline bleeding-edge ROI
[307]
    evolve revolutionary supply-chains
[308]
    leverage efficient e-markets
[309]
    deliver virtual metrics
[310]
    seize real-time action-items
[311]
    iterate bleeding-edge paradigms
[312]
    architect intuitive infrastructures
[313]
    e-enable revolutionary e-tailers
[314]
    grow 24/7 channels
[315]
    engage clicks-and-mortar models
[316]
    envisioneer B2C action-items
[317]
    engineer plug-and-play content
[318]
    revolutionize next-generation info-mediaries
[319]
    orchestrate integrated info-mediaries
[320]
    extend ubiquitous web-readiness
[321]
    matrix cutting-edge metrics
[322]
    matrix robust applications
[323]
    grow open-source synergies
[324]
    deploy B2B infrastructures
[325]
    expedite seamless eyeballs
[326]
    strategize clicks-and-mortar solutions
[327]
    monetize proactive channels
[328]
    incubate B2B users
[329]
    reinvent transparent methodologies
[330]
    incentivize one-to-one ROI
[331]
    facilitate distributed functionalities
[332]
    iterate bricks-and-clicks synergies
[333]
    incubate dot-com synergies
[334]
    whiteboard back-end initiatives
[335]
    revolutionize sticky markets
[336]
    aggregate end-to-end relationships
[337]
    aggregate robust infrastructures
[338]
    grow scalable interfaces
[339]
    leverage viral interfaces
[340]
    facilitate compelling e-markets
[341]
    reinvent next-generation e-commerce
[342]
    evolve integrated supply-chains
[343]
    disintermediate killer schemas
[344]
    cultivate viral solutions
[345]
    enable impactful models
[346]
    generate interactive eyeballs
[347]
    maximize scalable systems
[348]
    innovate rich action-items
[349]
    evolve cross-media architectures
[350]
    reinvent world-class deliverables
[351]
    syndicate web-enabled functionalities
[352]
    morph killer web-readiness
[353]
    e-enable rich schemas
[354]
    envisioneer visionary action-items
[355]
    enhance impactful networks
[356]
    integrate extensible partnerships
[357]
    synthesize best-of-breed synergies
[358]
    revolutionize extensible eyeballs
[359]
    scale collaborative networks
[360]
    enhance innovative infrastructures
[361]
    exploit one-to-one relationships
[362]
    facilitate user-centric markets
[363]
    deploy killer models
[364]
    engineer integrated portals
[365]
    productize clicks-and-mortar mindshare
[366]
    revolutionize one-to-one mindshare
[367]
    seize cross-platform web-readiness
[368]
    mesh enterprise synergies
[369]
    harness sticky models
[370]
    productize clicks-and-mortar markets
[371]
    morph 24/365 systems
[372]
    scale dot-com experiences
[373]
    integrate plug-and-play mindshare
[374]
    extend web-enabled models
[375]
    re-contextualize revolutionary models
[376]
    expedite enterprise content
[377]
    implement bricks-and-clicks niches
[378]
    facilitate proactive methodologies
[379]
    benchmark virtual functionalities
[380]
    evolve proactive deliverables
[381]
    target plug-and-play markets
[382]
    matrix scalable vortals
[383]
    orchestrate impactful solutions
[384]
    evolve proactive platforms
[385]
    strategize plug-and-play channels
[386]
    unleash web-enabled partnerships
[387]
    re-intermediate web-enabled supply-chains
[388]
    orchestrate holistic e-services
[389]
    embrace cross-media action-items
[390]
    optimize killer methodologies
[391]
    generate dynamic technologies
[392]
    integrate front-end ROI
[393]
    mesh distributed markets
[394]
    visualize B2C e-services
[395]
    streamline web-enabled web-readiness
[396]
    benchmark cutting-edge vortals
[397]
    utilize strategic niches
[398]
    innovate frictionless niches
[399]
    facilitate bricks-and-clicks mindshare
[400]
    productize strategic relationships
[401]
    drive integrated convergence
[402]
    syndicate efficient web services
[403]
    extend front-end e-tailers
[404]
    deliver frictionless infrastructures
[405]
    engineer real-time applications
[406]
    unleash viral communities
[407]
    whiteboard global methodologies
[408]
    repurpose enterprise metrics
[409]
    engage bleeding-edge schemas
[410]
    re-intermediate value-added communities
[411]
    extend leading-edge action-items
[412]
    exploit cross-platform applications
[413]
    streamline user-centric e-tailers
[414]
    whiteboard plug-and-play supply-chains
[415]
    cultivate magnetic paradigms
[416]
    integrate plug-and-play action-items
[417]
    facilitate mission-critical infrastructures
[418]
    scale interactive paradigms
[419]
    orchestrate B2C synergies
[420]
    re-contextualize efficient supply-chains
[421]
    mesh clicks-and-mortar e-commerce
[422]
    grow cross-media vortals
[423]
    generate impactful infrastructures
[424]
    incubate distributed systems
[425]
    evolve viral architectures
[426]
    architect B2B markets
[427]
    incubate viral architectures
[428]
    architect impactful convergence
[429]
    embrace virtual bandwidth
[430]
    leverage clicks-and-mortar initiatives
[431]
    e-enable interactive applications
[432]
    visualize end-to-end channels
[433]
    facilitate frictionless e-business
[434]
    innovate granular functionalities
[435]
    unleash back-end paradigms
[436]
    extend web-enabled markets
[437]
    synergize vertical portals
[438]
    drive intuitive ROI
[439]
    incubate customized web services
[440]
    reinvent turn-key channels
[441]
    mesh real-time architectures
[442]
    enable enterprise deliverables
[443]
    benchmark dynamic initiatives
[444]
    empower strategic architectures
[445]
    incentivize sticky partnerships
[446]
    productize web-enabled portals
[447]
    generate world-class e-services
[448]
    architect bricks-and-clicks convergence
[449]
    mesh killer e-services
[450]
    evolve plug-and-play web services
[451]
    visualize compelling e-commerce
[452]
    cultivate best-of-breed architectures
[453]
    incentivize wireless e-commerce
[454]
    synthesize cross-media web-readiness
[455]
    embrace value-added systems
[456]
    productize synergistic deliverables
[457]
    optimize intuitive methodologies
[458]
    disintermediate robust e-services
[459]
    repurpose strategic e-services
[460]
    enhance efficient communities
[461]
    envisioneer B2B solutions
[462]
    visualize compelling users
[463]
    synergize proactive networks
[464]
    matrix e-business communities
[465]
    whiteboard cutting-edge content
[466]
    evolve interactive content
[467]
    engage vertical deliverables
[468]
    transform impactful e-markets
[469]
    revolutionize value-added experiences
[470]
    empower interactive convergence
[471]
    enable real-time models
[472]
    enable interactive supply-chains
[473]
    grow sticky functionalities
[474]
    repurpose transparent communities
[475]
    brand value-added e-commerce
[476]
    synthesize best-of-breed supply-chains
[477]
    repurpose 24/365 deliverables
[478]
    unleash compelling models
[479]
    embrace open-source e-tailers
[480]
    productize intuitive bandwidth
[481]
    benchmark rich eyeballs
[482]
    brand proactive partnerships
[483]
    benchmark leading-edge communities
[484]
    revolutionize interactive content
[485]
    engineer dynamic e-commerce
[486]
    morph dot-com functionalities
[487]
    synthesize dynamic users
[488]
    generate 24/365 infrastructures
[489]
    strategize enterprise e-services
[490]
    syndicate rich platforms
[491]
    empower leading-edge e-services
[492]
    drive value-added schemas
[493]
    engineer extensible solutions
[494]
    matrix next-generation applications
[495]
    drive mission-critical e-services
[496]
    leverage proactive interfaces
[497]
    extend rich e-commerce
[498]
    iterate interactive e-tailers
[499]
    productize sticky solutions
[500]
    re-intermediate B2C systems
